<?xml version="1.0" encoding="UTF-8"?>
<robot generator="Robot 5.0.1 (Python 3.8.10 on linux)" generated="20230808 19:06:19.917" rpa="false" schemaversion="3">
<suite id="s1" name="042 AtivacaoSemComplemento" source="/robot/test/SCRIPTS/TRG/FTTP/042_AtivacaoSemComplemento/042_AtivacaoSemComplemento.robot">
<test id="s1-t1" name="42.02 e 03 - Realizar consulta de Logradouro" line="32">
<kw name="Inicia CT" library="DB">
<kw name="Run Keyword And Return Status" library="BuiltIn">
<var>${PORTAL}</var>
<arg>Variable Should Exist</arg>
<arg>${PORTAL}</arg>
<doc>Runs the given keyword with given arguments and returns the status as a Boolean value.</doc>
<kw name="Variable Should Exist" library="BuiltIn">
<arg>${PORTAL}</arg>
<doc>Fails unless the given variable exists within the current scope.</doc>
<status status="PASS" starttime="20230808 19:06:21.612" endtime="20230808 19:06:21.614"/>
</kw>
<msg timestamp="20230808 19:06:21.614" level="INFO">${PORTAL} = True</msg>
<status status="PASS" starttime="20230808 19:06:21.611" endtime="20230808 19:06:21.614"/>
</kw>
<kw name="Run Keyword And Return Status" library="BuiltIn">
<var>${check_step}</var>
<arg>Variable Should Exist</arg>
<arg>${STEP}</arg>
<doc>Runs the given keyword with given arguments and returns the status as a Boolean value.</doc>
<kw name="Variable Should Exist" library="BuiltIn">
<arg>${STEP}</arg>
<doc>Fails unless the given variable exists within the current scope.</doc>
<status status="PASS" starttime="20230808 19:06:21.615" endtime="20230808 19:06:21.615"/>
</kw>
<msg timestamp="20230808 19:06:21.615" level="INFO">${check_step} = True</msg>
<status status="PASS" starttime="20230808 19:06:21.614" endtime="20230808 19:06:21.615"/>
</kw>
<kw name="Set Global Variable" library="BuiltIn">
<arg>${PORTAL}</arg>
<arg>${PORTAL}</arg>
<doc>Makes a variable available globally in all tests and suites.</doc>
<msg timestamp="20230808 19:06:21.616" level="INFO">${PORTAL} = True</msg>
<status status="PASS" starttime="20230808 19:06:21.615" endtime="20230808 19:06:21.616"/>
</kw>
<if>
<branch type="IF" condition="${PORTAL}">
<kw name="Log" library="BuiltIn">
<arg>${CEP}</arg>
<doc>Logs the given message with the given level.</doc>
<msg timestamp="20230808 19:06:21.617" level="INFO">00000000</msg>
<status status="PASS" starttime="20230808 19:06:21.616" endtime="20230808 19:06:21.617"/>
</kw>
<kw name="Log" library="BuiltIn">
<arg>${NUMERO}</arg>
<doc>Logs the given message with the given level.</doc>
<msg timestamp="20230808 19:06:21.617" level="INFO">00</msg>
<status status="PASS" starttime="20230808 19:06:21.617" endtime="20230808 19:06:21.617"/>
</kw>
<kw name="Run Keyword If" library="BuiltIn">
<arg>${check_step}</arg>
<arg>Set Step</arg>
<arg>${STEP}</arg>
<doc>Runs the given keyword with the given arguments, if ``condition`` is true.</doc>
<kw name="Set Step" library="DB">
<arg>${STEP}</arg>
<kw name="Set Global Variable" library="BuiltIn">
<arg>${STEP}</arg>
<arg>${STEP}</arg>
<doc>Makes a variable available globally in all tests and suites.</doc>
<msg timestamp="20230808 19:06:21.618" level="INFO">${STEP} = 42_02_03_Realizar_consulta_de_Logradouro</msg>
<status status="PASS" starttime="20230808 19:06:21.618" endtime="20230808 19:06:21.619"/>
</kw>
<status status="PASS" starttime="20230808 19:06:21.617" endtime="20230808 19:06:21.619"/>
</kw>
<status status="PASS" starttime="20230808 19:06:21.617" endtime="20230808 19:06:21.619"/>
</kw>
<kw name="Set Global Variable" library="BuiltIn">
<arg>${RESPONSAVEL}</arg>
<arg>${RESPONSAVEL}</arg>
<doc>Makes a variable available globally in all tests and suites.</doc>
<msg timestamp="20230808 19:06:21.619" level="INFO">${RESPONSAVEL} = berg</msg>
<status status="PASS" starttime="20230808 19:06:21.619" endtime="20230808 19:06:21.619"/>
</kw>
<kw name="Set Global Variable" library="BuiltIn">
<arg>${AUTHENTICATION}</arg>
<arg>${AUTHENTICATION}</arg>
<doc>Makes a variable available globally in all tests and suites.</doc>
<msg timestamp="20230808 19:06:21.620" level="INFO">${AUTHENTICATION} = FTTP</msg>
<status status="PASS" starttime="20230808 19:06:21.620" endtime="20230808 19:06:21.620"/>
</kw>
<kw name="Buscar Dat Do Usuario" library="dat">
<var>${DAT_DB}</var>
<arg>${RESPONSAVEL}</arg>
<arg>${STEP}</arg>
<msg timestamp="20230808 19:06:21.623" level="INFO">${DAT_DB} = 50</msg>
<status status="PASS" starttime="20230808 19:06:21.620" endtime="20230808 19:06:21.623"/>
</kw>
<kw name="Set Global Variable" library="BuiltIn">
<arg>${DAT_DB}</arg>
<arg>${DAT_DB}</arg>
<doc>Makes a variable available globally in all tests and suites.</doc>
<msg timestamp="20230808 19:06:21.624" level="INFO">${DAT_DB} = 50</msg>
<status status="PASS" starttime="20230808 19:06:21.623" endtime="20230808 19:06:21.624"/>
</kw>
<status status="PASS" starttime="20230808 19:06:21.616" endtime="20230808 19:06:21.624"/>
</branch>
<status status="PASS" starttime="20230808 19:06:21.616" endtime="20230808 19:06:21.624"/>
</if>
<status status="PASS" starttime="20230808 19:06:21.610" endtime="20230808 19:06:21.624"/>
</kw>
<kw name="Retornar Token Vtal" library="RES_API">
<doc>Função que usa o usuario e senha para autenticar e receber o valor do Token para fazer as próximas requisições.
| ``HEADERS_TOKEN`` | Informações necessárias para o token, como qual ferramenta está executando. Exemplo: User-Agent=RobotFramework. |
| ``USUARIO`` | Usuario cadastrado para fazer a autenticação. |
| ``SENHA`` | Senha cadastrado para fazer a autenticação. |
| ``validade_token`` | Variavel com o tempo que expira a validade do token, salva na planilha. |
A resposta é um retorno XML que contem:
- ``access_token`` &lt;str&gt; Cadeia de caracteres que serve de autenticação para requisições.
- ``token_type`` &lt;str&gt; Descrição do tipo de token, pode ser uma cadeia de str ou de int.
- ``expires_in`` &lt;int&gt; Valor em segundos que esse token será valido.
- ``scope`` &lt;str&gt; Escopo do token.
Alguns exemplos de como usar a função:
| Retornar Token Vtal
Biblioteca utilizada: [https://marketsquare.github.io/robotframework-requests/doc/RequestsLibrary.html#POST%20On%20Session|RequestsLibrary &gt;&gt;]</doc>
<kw name="Ler Variavel Param Global" library="RES_EXCEL">
<var>${Credencial}</var>
<arg>Credencial</arg>
<arg>Global</arg>
<doc>Keyword responsável por realizar a leitura de valores de determinada coluna da planilha PARAN GLOBAL</doc>
<if>
<branch type="IF" condition="${PORTAL}">
<kw name="Ler Global Db" library="globals">
<var>${Data}</var>
<arg>${AUTHENTICATION}</arg>
<msg timestamp="20230808 19:06:21.628" level="INFO">${Data} = 3</msg>
<status status="PASS" starttime="20230808 19:06:21.626" endtime="20230808 19:06:21.628"/>
</kw>
<kw name="Set Variable" library="BuiltIn">
<var>${Valor}</var>
<arg>${Data.${NomeColuna}}</arg>
<doc>Returns the given values which can then be assigned to a variables.</doc>
<msg timestamp="20230808 19:06:21.631" level="INFO">${Valor} = FTTP</msg>
<status status="PASS" starttime="20230808 19:06:21.628" endtime="20230808 19:06:21.631"/>
</kw>
<status status="PASS" starttime="20230808 19:06:21.625" endtime="20230808 19:06:21.632"/>
</branch>
<branch type="ELSE">
<kw name="Open Workbook" library="RPA.Excel.Files">
<arg>${PARAM_GLOBAL}</arg>
<arg>data_only=True</arg>
<doc>Open an existing Excel workbook.</doc>
<status status="NOT RUN" starttime="20230808 19:06:21.632" endtime="20230808 19:06:21.632"/>
</kw>
<for flavor="IN RANGE">
<var>${i}</var>
<value>${1}</value>
<value>${MAX_COLUNAS}</value>
<iter>
<var name="${i}"/>
<kw name="Get Cell Value" library="RPA.Excel.Files">
<var>${Coluna}</var>
<arg>row=1</arg>
<arg>column=${i}</arg>
<arg>name=${NomeAba}</arg>
<doc>Get a cell value in the given worksheet.</doc>
<status status="NOT RUN" starttime="20230808 19:06:21.632" endtime="20230808 19:06:21.633"/>
</kw>
<kw name="Run Keyword And Return Status" library="BuiltIn">
<var>${Passed}</var>
<arg>Should Be Equal</arg>
<arg>${Coluna}</arg>
<arg>${NomeColuna}</arg>
<doc>Runs the given keyword with given arguments and returns the status as a Boolean value.</doc>
<status status="NOT RUN" starttime="20230808 19:06:21.633" endtime="20230808 19:06:21.633"/>
</kw>
<kw name="Exit For Loop If" library="BuiltIn">
<arg>${Passed}</arg>
<doc>Stops executing the enclosing FOR loop if the ``condition`` is true.</doc>
<status status="NOT RUN" starttime="20230808 19:06:21.633" endtime="20230808 19:06:21.634"/>
</kw>
<status status="NOT RUN" starttime="20230808 19:06:21.632" endtime="20230808 19:06:21.634"/>
</iter>
<status status="NOT RUN" starttime="20230808 19:06:21.632" endtime="20230808 19:06:21.634"/>
</for>
<kw name="Run Keyword If" library="BuiltIn">
<arg>${Passed} == False</arg>
<arg>Fail</arg>
<arg>Função percorreu ${MAX_COLUNAS} colunas e não encontrou a coluna ${NomeColuna} desejada</arg>
<doc>Runs the given keyword with the given arguments, if ``condition`` is true.</doc>
<status status="NOT RUN" starttime="20230808 19:06:21.634" endtime="20230808 19:06:21.634"/>
</kw>
<kw name="Get Worksheet Value" library="RPA.Excel.Files">
<var>${Valor}</var>
<arg>row=2</arg>
<arg>column=${i}</arg>
<arg>name=${nome_aba}</arg>
<doc>Alias for keyword ``Get cell value``, see the original keyword
for documentation.</doc>
<status status="NOT RUN" starttime="20230808 19:06:21.634" endtime="20230808 19:06:21.634"/>
</kw>
<kw name="[Teardown]">
<arg>Close Workbook</arg>
<status status="NOT RUN" starttime="20230808 19:06:21.642" endtime="20230808 19:06:21.642"/>
</kw>
<status status="NOT RUN" starttime="20230808 19:06:21.632" endtime="20230808 19:06:21.642"/>
</branch>
<status status="PASS" starttime="20230808 19:06:21.625" endtime="20230808 19:06:21.642"/>
</if>
<msg timestamp="20230808 19:06:21.643" level="INFO">${Credencial} = FTTP</msg>
<status status="PASS" starttime="20230808 19:06:21.625" endtime="20230808 19:06:21.643"/>
</kw>
<kw name="Ler Variavel Param Global" library="RES_EXCEL">
<var>${TokenExcel}</var>
<arg>Token</arg>
<arg>Global</arg>
<doc>Keyword responsável por realizar a leitura de valores de determinada coluna da planilha PARAN GLOBAL</doc>
<if>
<branch type="IF" condition="${PORTAL}">
<kw name="Ler Global Db" library="globals">
<var>${Data}</var>
<arg>${AUTHENTICATION}</arg>
<msg timestamp="20230808 19:06:21.649" level="INFO">${Data} = 3</msg>
<status status="PASS" starttime="20230808 19:06:21.644" endtime="20230808 19:06:21.649"/>
</kw>
<kw name="Set Variable" library="BuiltIn">
<var>${Valor}</var>
<arg>${Data.${NomeColuna}}</arg>
<doc>Returns the given values which can then be assigned to a variables.</doc>
<msg timestamp="20230808 19:06:21.652" level="INFO">${Valor} = </msg>
<status status="PASS" starttime="20230808 19:06:21.649" endtime="20230808 19:06:21.652"/>
</kw>
<status status="PASS" starttime="20230808 19:06:21.644" endtime="20230808 19:06:21.652"/>
</branch>
<branch type="ELSE">
<kw name="Open Workbook" library="RPA.Excel.Files">
<arg>${PARAM_GLOBAL}</arg>
<arg>data_only=True</arg>
<doc>Open an existing Excel workbook.</doc>
<status status="NOT RUN" starttime="20230808 19:06:21.653" endtime="20230808 19:06:21.653"/>
</kw>
<for flavor="IN RANGE">
<var>${i}</var>
<value>${1}</value>
<value>${MAX_COLUNAS}</value>
<iter>
<var name="${i}"/>
<kw name="Get Cell Value" library="RPA.Excel.Files">
<var>${Coluna}</var>
<arg>row=1</arg>
<arg>column=${i}</arg>
<arg>name=${NomeAba}</arg>
<doc>Get a cell value in the given worksheet.</doc>
<status status="NOT RUN" starttime="20230808 19:06:21.653" endtime="20230808 19:06:21.654"/>
</kw>
<kw name="Run Keyword And Return Status" library="BuiltIn">
<var>${Passed}</var>
<arg>Should Be Equal</arg>
<arg>${Coluna}</arg>
<arg>${NomeColuna}</arg>
<doc>Runs the given keyword with given arguments and returns the status as a Boolean value.</doc>
<status status="NOT RUN" starttime="20230808 19:06:21.654" endtime="20230808 19:06:21.654"/>
</kw>
<kw name="Exit For Loop If" library="BuiltIn">
<arg>${Passed}</arg>
<doc>Stops executing the enclosing FOR loop if the ``condition`` is true.</doc>
<status status="NOT RUN" starttime="20230808 19:06:21.654" endtime="20230808 19:06:21.654"/>
</kw>
<status status="NOT RUN" starttime="20230808 19:06:21.653" endtime="20230808 19:06:21.654"/>
</iter>
<status status="NOT RUN" starttime="20230808 19:06:21.653" endtime="20230808 19:06:21.655"/>
</for>
<kw name="Run Keyword If" library="BuiltIn">
<arg>${Passed} == False</arg>
<arg>Fail</arg>
<arg>Função percorreu ${MAX_COLUNAS} colunas e não encontrou a coluna ${NomeColuna} desejada</arg>
<doc>Runs the given keyword with the given arguments, if ``condition`` is true.</doc>
<status status="NOT RUN" starttime="20230808 19:06:21.655" endtime="20230808 19:06:21.655"/>
</kw>
<kw name="Get Worksheet Value" library="RPA.Excel.Files">
<var>${Valor}</var>
<arg>row=2</arg>
<arg>column=${i}</arg>
<arg>name=${nome_aba}</arg>
<doc>Alias for keyword ``Get cell value``, see the original keyword
for documentation.</doc>
<status status="NOT RUN" starttime="20230808 19:06:21.655" endtime="20230808 19:06:21.655"/>
</kw>
<kw name="[Teardown]">
<arg>Close Workbook</arg>
<status status="NOT RUN" starttime="20230808 19:06:21.664" endtime="20230808 19:06:21.664"/>
</kw>
<status status="NOT RUN" starttime="20230808 19:06:21.652" endtime="20230808 19:06:21.664"/>
</branch>
<status status="PASS" starttime="20230808 19:06:21.644" endtime="20230808 19:06:21.665"/>
</if>
<msg timestamp="20230808 19:06:21.665" level="INFO">${TokenExcel} = </msg>
<status status="PASS" starttime="20230808 19:06:21.643" endtime="20230808 19:06:21.665"/>
</kw>
<if>
<branch type="IF" condition="&quot;${Credencial}&quot; == &quot;Whitelabel&quot;">
<kw name="Log To Console" library="BuiltIn">
<arg>\nAtencao --&gt; Credenciais Whitelabel foram utilizadas para o cenario.</arg>
<doc>Logs the given message to the console.</doc>
<status status="NOT RUN" starttime="20230808 19:06:21.665" endtime="20230808 19:06:21.666"/>
</kw>
<kw name="Set Variable" library="BuiltIn">
<var>${Authorization}</var>
<arg>Basic ZDhhODhmZGEtZGI1Ni00MTQzLWFjM2YtZTY3OTZhYTMwMTg2OjgwMmQyYWE5LTg0MjItNGEyMi1hMTQ0LTNhZGZjZjA2MWY2Mw==</arg>
<doc>Returns the given values which can then be assigned to a variables.</doc>
<status status="NOT RUN" starttime="20230808 19:06:21.666" endtime="20230808 19:06:21.666"/>
</kw>
<status status="NOT RUN" starttime="20230808 19:06:21.665" endtime="20230808 19:06:21.666"/>
</branch>
<branch type="ELSE IF" condition="&quot;${Credencial}&quot; == &quot;FTTP&quot;">
<kw name="Log To Console" library="BuiltIn">
<arg>\nAtencao --&gt; Credenciais FTTP foram utilizadas para o cenario.</arg>
<doc>Logs the given message to the console.</doc>
<status status="PASS" starttime="20230808 19:06:21.666" endtime="20230808 19:06:21.667"/>
</kw>
<kw name="Set Variable" library="BuiltIn">
<var>${Authorization}</var>
<arg>Basic MzNkNTc3Y2QtYzZmMS00YzMxLTllYzgtMjRiY2IyZWYyMmI3OjQyNWZkYzUyLTIzMmMtNDQ2YS1iOTViLWQyNmFkZGZmYjBkYw==</arg>
<doc>Returns the given values which can then be assigned to a variables.</doc>
<msg timestamp="20230808 19:06:21.667" level="INFO">${Authorization} = Basic MzNkNTc3Y2QtYzZmMS00YzMxLTllYzgtMjRiY2IyZWYyMmI3OjQyNWZkYzUyLTIzMmMtNDQ2YS1iOTViLWQyNmFkZGZmYjBkYw==</msg>
<status status="PASS" starttime="20230808 19:06:21.667" endtime="20230808 19:06:21.667"/>
</kw>
<status status="PASS" starttime="20230808 19:06:21.666" endtime="20230808 19:06:21.667"/>
</branch>
<branch type="ELSE IF" condition="&quot;${Credencial}&quot; == &quot;Bitstream&quot;">
<kw name="Log To Console" library="BuiltIn">
<arg>\nAtencao --&gt; Credenciais Bitstream foram utilizadas para o cenario.</arg>
<doc>Logs the given message to the console.</doc>
<status status="NOT RUN" starttime="20230808 19:06:21.668" endtime="20230808 19:06:21.668"/>
</kw>
<kw name="Set Variable" library="BuiltIn">
<var>${Authorization}</var>
<arg>Basic NDQ0MzdlMjAtMmFjNi00YzY3LTk2NzMtYTMyMDI2N2ZjNmE3OjE1M2ZkYmU4LTcxMzUtNDJiNC05MDQ5LTI4MDM2NmI4MDU2YQ==</arg>
<doc>Returns the given values which can then be assigned to a variables.</doc>
<status status="NOT RUN" starttime="20230808 19:06:21.668" endtime="20230808 19:06:21.668"/>
</kw>
<status status="NOT RUN" starttime="20230808 19:06:21.667" endtime="20230808 19:06:21.668"/>
</branch>
<branch type="ELSE IF" condition="&quot;${Credencial}&quot; == &quot;CPOI&quot;">
<kw name="Log To Console" library="BuiltIn">
<arg>\nAtencao --&gt; Credenciais CP OI foram utilizadas para o cenario.</arg>
<doc>Logs the given message to the console.</doc>
<status status="NOT RUN" starttime="20230808 19:06:21.668" endtime="20230808 19:06:21.669"/>
</kw>
<kw name="Set Variable" library="BuiltIn">
<var>${Authorization}</var>
<arg>Basic Yzg2MzhhNTUtYTdmNC00OTBlLWIyNGItNWZhNjQxMDUwZDQyOmNjZjUyYzc3LTliN2UtNGM2NC04M2NkLTIwZmY3YWQzZjFkZQ==</arg>
<doc>Returns the given values which can then be assigned to a variables.</doc>
<status status="NOT RUN" starttime="20230808 19:06:21.670" endtime="20230808 19:06:21.670"/>
</kw>
<status status="NOT RUN" starttime="20230808 19:06:21.668" endtime="20230808 19:06:21.670"/>
</branch>
<branch type="ELSE IF" condition="&quot;${Credencial}&quot; == &quot;Voip&quot;">
<kw name="Log To Console" library="BuiltIn">
<arg>\nAtencao --&gt; Credenciais Voip foram utilizadas para o cenario.</arg>
<doc>Logs the given message to the console.</doc>
<status status="NOT RUN" starttime="20230808 19:06:21.670" endtime="20230808 19:06:21.670"/>
</kw>
<kw name="Set Variable" library="BuiltIn">
<var>${Authorization}</var>
<arg>Basic Yzg2MzhhNTUtYTdmNC00OTBlLWIyNGItNWZhNjQxMDUwZDQyOmNjZjUyYzc3LTliN2UtNGM2NC04M2NkLTIwZmY3YWQzZjFkZQ==</arg>
<doc>Returns the given values which can then be assigned to a variables.</doc>
<status status="NOT RUN" starttime="20230808 19:06:21.670" endtime="20230808 19:06:21.671"/>
</kw>
<status status="NOT RUN" starttime="20230808 19:06:21.670" endtime="20230808 19:06:21.671"/>
</branch>
<status status="PASS" starttime="20230808 19:06:21.665" endtime="20230808 19:06:21.671"/>
</if>
<kw name="Create Dictionary" library="BuiltIn">
<var>${HeaderToken}</var>
<arg>Content-Type=application/x-www-form-urlencoded</arg>
<arg>User-Agent=RobotFramework</arg>
<arg>Accept=*/*</arg>
<arg>Authorization=${Authorization}</arg>
<doc>Creates and returns a dictionary based on the given ``items``.</doc>
<msg timestamp="20230808 19:06:21.671" level="INFO">${HeaderToken} = {'Content-Type': 'application/x-www-form-urlencoded', 'User-Agent': 'RobotFramework', 'Accept': '*/*', 'Authorization': 'Basic MzNkNTc3Y2QtYzZmMS00YzMxLTllYzgtMjRiY2IyZWYyMmI3OjQyNWZkYzUyLTIzMmMtNDQ2Y...</msg>
<status status="PASS" starttime="20230808 19:06:21.671" endtime="20230808 19:06:21.671"/>
</kw>
<kw name="Ler Variavel Param Global" library="RES_EXCEL">
<var>${UrlApi}</var>
<arg>URL_Token</arg>
<arg>Global</arg>
<doc>Keyword responsável por realizar a leitura de valores de determinada coluna da planilha PARAN GLOBAL</doc>
<if>
<branch type="IF" condition="${PORTAL}">
<kw name="Ler Global Db" library="globals">
<var>${Data}</var>
<arg>${AUTHENTICATION}</arg>
<msg timestamp="20230808 19:06:21.674" level="INFO">${Data} = 3</msg>
<status status="PASS" starttime="20230808 19:06:21.672" endtime="20230808 19:06:21.674"/>
</kw>
<kw name="Set Variable" library="BuiltIn">
<var>${Valor}</var>
<arg>${Data.${NomeColuna}}</arg>
<doc>Returns the given values which can then be assigned to a variables.</doc>
<msg timestamp="20230808 19:06:21.677" level="INFO">${Valor} = https://apitrg.vtal.com.br</msg>
<status status="PASS" starttime="20230808 19:06:21.674" endtime="20230808 19:06:21.677"/>
</kw>
<status status="PASS" starttime="20230808 19:06:21.672" endtime="20230808 19:06:21.677"/>
</branch>
<branch type="ELSE">
<kw name="Open Workbook" library="RPA.Excel.Files">
<arg>${PARAM_GLOBAL}</arg>
<arg>data_only=True</arg>
<doc>Open an existing Excel workbook.</doc>
<status status="NOT RUN" starttime="20230808 19:06:21.677" endtime="20230808 19:06:21.677"/>
</kw>
<for flavor="IN RANGE">
<var>${i}</var>
<value>${1}</value>
<value>${MAX_COLUNAS}</value>
<iter>
<var name="${i}"/>
<kw name="Get Cell Value" library="RPA.Excel.Files">
<var>${Coluna}</var>
<arg>row=1</arg>
<arg>column=${i}</arg>
<arg>name=${NomeAba}</arg>
<doc>Get a cell value in the given worksheet.</doc>
<status status="NOT RUN" starttime="20230808 19:06:21.678" endtime="20230808 19:06:21.678"/>
</kw>
<kw name="Run Keyword And Return Status" library="BuiltIn">
<var>${Passed}</var>
<arg>Should Be Equal</arg>
<arg>${Coluna}</arg>
<arg>${NomeColuna}</arg>
<doc>Runs the given keyword with given arguments and returns the status as a Boolean value.</doc>
<status status="NOT RUN" starttime="20230808 19:06:21.679" endtime="20230808 19:06:21.680"/>
</kw>
<kw name="Exit For Loop If" library="BuiltIn">
<arg>${Passed}</arg>
<doc>Stops executing the enclosing FOR loop if the ``condition`` is true.</doc>
<status status="NOT RUN" starttime="20230808 19:06:21.681" endtime="20230808 19:06:21.681"/>
</kw>
<status status="NOT RUN" starttime="20230808 19:06:21.677" endtime="20230808 19:06:21.681"/>
</iter>
<status status="NOT RUN" starttime="20230808 19:06:21.677" endtime="20230808 19:06:21.681"/>
</for>
<kw name="Run Keyword If" library="BuiltIn">
<arg>${Passed} == False</arg>
<arg>Fail</arg>
<arg>Função percorreu ${MAX_COLUNAS} colunas e não encontrou a coluna ${NomeColuna} desejada</arg>
<doc>Runs the given keyword with the given arguments, if ``condition`` is true.</doc>
<status status="NOT RUN" starttime="20230808 19:06:21.682" endtime="20230808 19:06:21.682"/>
</kw>
<kw name="Get Worksheet Value" library="RPA.Excel.Files">
<var>${Valor}</var>
<arg>row=2</arg>
<arg>column=${i}</arg>
<arg>name=${nome_aba}</arg>
<doc>Alias for keyword ``Get cell value``, see the original keyword
for documentation.</doc>
<status status="NOT RUN" starttime="20230808 19:06:21.682" endtime="20230808 19:06:21.682"/>
</kw>
<kw name="[Teardown]">
<arg>Close Workbook</arg>
<status status="NOT RUN" starttime="20230808 19:06:21.689" endtime="20230808 19:06:21.689"/>
</kw>
<status status="NOT RUN" starttime="20230808 19:06:21.677" endtime="20230808 19:06:21.689"/>
</branch>
<status status="PASS" starttime="20230808 19:06:21.672" endtime="20230808 19:06:21.689"/>
</if>
<msg timestamp="20230808 19:06:21.690" level="INFO">${UrlApi} = https://apitrg.vtal.com.br</msg>
<status status="PASS" starttime="20230808 19:06:21.672" endtime="20230808 19:06:21.690"/>
</kw>
<kw name="Ler Variavel Param Global" library="RES_EXCEL">
<var>${Usuario}</var>
<arg>Usuario_Token</arg>
<arg>Global</arg>
<doc>Keyword responsável por realizar a leitura de valores de determinada coluna da planilha PARAN GLOBAL</doc>
<if>
<branch type="IF" condition="${PORTAL}">
<kw name="Ler Global Db" library="globals">
<var>${Data}</var>
<arg>${AUTHENTICATION}</arg>
<msg timestamp="20230808 19:06:21.692" level="INFO">${Data} = 3</msg>
<status status="PASS" starttime="20230808 19:06:21.691" endtime="20230808 19:06:21.692"/>
</kw>
<kw name="Set Variable" library="BuiltIn">
<var>${Valor}</var>
<arg>${Data.${NomeColuna}}</arg>
<doc>Returns the given values which can then be assigned to a variables.</doc>
<msg timestamp="20230808 19:06:21.696" level="INFO">${Valor} = 33d577cd-c6f1-4c31-9ec8-24bcb2ef22b7</msg>
<status status="PASS" starttime="20230808 19:06:21.693" endtime="20230808 19:06:21.696"/>
</kw>
<status status="PASS" starttime="20230808 19:06:21.690" endtime="20230808 19:06:21.696"/>
</branch>
<branch type="ELSE">
<kw name="Open Workbook" library="RPA.Excel.Files">
<arg>${PARAM_GLOBAL}</arg>
<arg>data_only=True</arg>
<doc>Open an existing Excel workbook.</doc>
<status status="NOT RUN" starttime="20230808 19:06:21.697" endtime="20230808 19:06:21.697"/>
</kw>
<for flavor="IN RANGE">
<var>${i}</var>
<value>${1}</value>
<value>${MAX_COLUNAS}</value>
<iter>
<var name="${i}"/>
<kw name="Get Cell Value" library="RPA.Excel.Files">
<var>${Coluna}</var>
<arg>row=1</arg>
<arg>column=${i}</arg>
<arg>name=${NomeAba}</arg>
<doc>Get a cell value in the given worksheet.</doc>
<status status="NOT RUN" starttime="20230808 19:06:21.697" endtime="20230808 19:06:21.697"/>
</kw>
<kw name="Run Keyword And Return Status" library="BuiltIn">
<var>${Passed}</var>
<arg>Should Be Equal</arg>
<arg>${Coluna}</arg>
<arg>${NomeColuna}</arg>
<doc>Runs the given keyword with given arguments and returns the status as a Boolean value.</doc>
<status status="NOT RUN" starttime="20230808 19:06:21.697" endtime="20230808 19:06:21.698"/>
</kw>
<kw name="Exit For Loop If" library="BuiltIn">
<arg>${Passed}</arg>
<doc>Stops executing the enclosing FOR loop if the ``condition`` is true.</doc>
<status status="NOT RUN" starttime="20230808 19:06:21.698" endtime="20230808 19:06:21.699"/>
</kw>
<status status="NOT RUN" starttime="20230808 19:06:21.697" endtime="20230808 19:06:21.699"/>
</iter>
<status status="NOT RUN" starttime="20230808 19:06:21.697" endtime="20230808 19:06:21.699"/>
</for>
<kw name="Run Keyword If" library="BuiltIn">
<arg>${Passed} == False</arg>
<arg>Fail</arg>
<arg>Função percorreu ${MAX_COLUNAS} colunas e não encontrou a coluna ${NomeColuna} desejada</arg>
<doc>Runs the given keyword with the given arguments, if ``condition`` is true.</doc>
<status status="NOT RUN" starttime="20230808 19:06:21.699" endtime="20230808 19:06:21.699"/>
</kw>
<kw name="Get Worksheet Value" library="RPA.Excel.Files">
<var>${Valor}</var>
<arg>row=2</arg>
<arg>column=${i}</arg>
<arg>name=${nome_aba}</arg>
<doc>Alias for keyword ``Get cell value``, see the original keyword
for documentation.</doc>
<status status="NOT RUN" starttime="20230808 19:06:21.699" endtime="20230808 19:06:21.700"/>
</kw>
<kw name="[Teardown]">
<arg>Close Workbook</arg>
<status status="NOT RUN" starttime="20230808 19:06:21.707" endtime="20230808 19:06:21.707"/>
</kw>
<status status="NOT RUN" starttime="20230808 19:06:21.696" endtime="20230808 19:06:21.707"/>
</branch>
<status status="PASS" starttime="20230808 19:06:21.690" endtime="20230808 19:06:21.707"/>
</if>
<msg timestamp="20230808 19:06:21.707" level="INFO">${Usuario} = 33d577cd-c6f1-4c31-9ec8-24bcb2ef22b7</msg>
<status status="PASS" starttime="20230808 19:06:21.690" endtime="20230808 19:06:21.707"/>
</kw>
<kw name="Ler Variavel Param Global" library="RES_EXCEL">
<var>${Senha}</var>
<arg>Senha_Token</arg>
<arg>Global</arg>
<doc>Keyword responsável por realizar a leitura de valores de determinada coluna da planilha PARAN GLOBAL</doc>
<if>
<branch type="IF" condition="${PORTAL}">
<kw name="Ler Global Db" library="globals">
<var>${Data}</var>
<arg>${AUTHENTICATION}</arg>
<msg timestamp="20230808 19:06:21.710" level="INFO">${Data} = 3</msg>
<status status="PASS" starttime="20230808 19:06:21.708" endtime="20230808 19:06:21.710"/>
</kw>
<kw name="Set Variable" library="BuiltIn">
<var>${Valor}</var>
<arg>${Data.${NomeColuna}}</arg>
<doc>Returns the given values which can then be assigned to a variables.</doc>
<msg timestamp="20230808 19:06:21.715" level="INFO">${Valor} = 425fdc52-232c-446a-b95b-d26addffb0dc</msg>
<status status="PASS" starttime="20230808 19:06:21.710" endtime="20230808 19:06:21.715"/>
</kw>
<status status="PASS" starttime="20230808 19:06:21.708" endtime="20230808 19:06:21.715"/>
</branch>
<branch type="ELSE">
<kw name="Open Workbook" library="RPA.Excel.Files">
<arg>${PARAM_GLOBAL}</arg>
<arg>data_only=True</arg>
<doc>Open an existing Excel workbook.</doc>
<status status="NOT RUN" starttime="20230808 19:06:21.715" endtime="20230808 19:06:21.716"/>
</kw>
<for flavor="IN RANGE">
<var>${i}</var>
<value>${1}</value>
<value>${MAX_COLUNAS}</value>
<iter>
<var name="${i}"/>
<kw name="Get Cell Value" library="RPA.Excel.Files">
<var>${Coluna}</var>
<arg>row=1</arg>
<arg>column=${i}</arg>
<arg>name=${NomeAba}</arg>
<doc>Get a cell value in the given worksheet.</doc>
<status status="NOT RUN" starttime="20230808 19:06:21.716" endtime="20230808 19:06:21.716"/>
</kw>
<kw name="Run Keyword And Return Status" library="BuiltIn">
<var>${Passed}</var>
<arg>Should Be Equal</arg>
<arg>${Coluna}</arg>
<arg>${NomeColuna}</arg>
<doc>Runs the given keyword with given arguments and returns the status as a Boolean value.</doc>
<status status="NOT RUN" starttime="20230808 19:06:21.716" endtime="20230808 19:06:21.716"/>
</kw>
<kw name="Exit For Loop If" library="BuiltIn">
<arg>${Passed}</arg>
<doc>Stops executing the enclosing FOR loop if the ``condition`` is true.</doc>
<status status="NOT RUN" starttime="20230808 19:06:21.716" endtime="20230808 19:06:21.717"/>
</kw>
<status status="NOT RUN" starttime="20230808 19:06:21.716" endtime="20230808 19:06:21.717"/>
</iter>
<status status="NOT RUN" starttime="20230808 19:06:21.716" endtime="20230808 19:06:21.717"/>
</for>
<kw name="Run Keyword If" library="BuiltIn">
<arg>${Passed} == False</arg>
<arg>Fail</arg>
<arg>Função percorreu ${MAX_COLUNAS} colunas e não encontrou a coluna ${NomeColuna} desejada</arg>
<doc>Runs the given keyword with the given arguments, if ``condition`` is true.</doc>
<status status="NOT RUN" starttime="20230808 19:06:21.717" endtime="20230808 19:06:21.717"/>
</kw>
<kw name="Get Worksheet Value" library="RPA.Excel.Files">
<var>${Valor}</var>
<arg>row=2</arg>
<arg>column=${i}</arg>
<arg>name=${nome_aba}</arg>
<doc>Alias for keyword ``Get cell value``, see the original keyword
for documentation.</doc>
<status status="NOT RUN" starttime="20230808 19:06:21.717" endtime="20230808 19:06:21.717"/>
</kw>
<kw name="[Teardown]">
<arg>Close Workbook</arg>
<status status="NOT RUN" starttime="20230808 19:06:21.727" endtime="20230808 19:06:21.727"/>
</kw>
<status status="NOT RUN" starttime="20230808 19:06:21.715" endtime="20230808 19:06:21.728"/>
</branch>
<status status="PASS" starttime="20230808 19:06:21.708" endtime="20230808 19:06:21.728"/>
</if>
<msg timestamp="20230808 19:06:21.729" level="INFO">${Senha} = 425fdc52-232c-446a-b95b-d26addffb0dc</msg>
<status status="PASS" starttime="20230808 19:06:21.707" endtime="20230808 19:06:21.729"/>
</kw>
<kw name="Set Test Variable" library="BuiltIn">
<arg>${UrlApi}</arg>
<doc>Makes a variable available everywhere within the scope of the current test.</doc>
<msg timestamp="20230808 19:06:21.730" level="INFO">${UrlApi} = https://apitrg.vtal.com.br</msg>
<status status="PASS" starttime="20230808 19:06:21.730" endtime="20230808 19:06:21.731"/>
</kw>
<kw name="Set Test Variable" library="BuiltIn">
<arg>${Usuario}</arg>
<doc>Makes a variable available everywhere within the scope of the current test.</doc>
<msg timestamp="20230808 19:06:21.731" level="INFO">${Usuario} = 33d577cd-c6f1-4c31-9ec8-24bcb2ef22b7</msg>
<status status="PASS" starttime="20230808 19:06:21.731" endtime="20230808 19:06:21.731"/>
</kw>
<kw name="Set Test Variable" library="BuiltIn">
<arg>${Senha}</arg>
<doc>Makes a variable available everywhere within the scope of the current test.</doc>
<msg timestamp="20230808 19:06:21.732" level="INFO">${Senha} = 425fdc52-232c-446a-b95b-d26addffb0dc</msg>
<status status="PASS" starttime="20230808 19:06:21.732" endtime="20230808 19:06:21.732"/>
</kw>
<kw name="Create Session" library="RequestsLibrary">
<arg>StartAPI</arg>
<arg>${UrlApi}</arg>
<arg>verify=true</arg>
<doc>Create Session: create a HTTP session to a server</doc>
<msg timestamp="20230808 19:06:21.733" level="INFO">Creating Session using : alias=StartAPI, url=https://apitrg.vtal.com.br, headers={},                     cookies={}, auth=None, timeout=None, proxies=None, verify=True,                     debug=0 </msg>
<status status="PASS" starttime="20230808 19:06:21.733" endtime="20230808 19:06:21.734"/>
</kw>
<kw name="POST On Session" library="RequestsLibrary">
<var>${Response}</var>
<arg>StartAPI</arg>
<arg>${AUTH}</arg>
<arg>data={"username":"${Usuario}","password":"${Senha}"}</arg>
<arg>headers=${HeaderToken}</arg>
<doc>Sends a POST request on a previously created HTTP Session.</doc>
<msg timestamp="20230808 19:06:22.288" level="INFO">POST Request : url=https://apitrg.vtal.com.br/auth/oauth/v2/token?grant_type=client_credentials&amp;scope=fttx 
 path_url=/auth/oauth/v2/token?grant_type=client_credentials&amp;scope=fttx 
 headers={'User-Agent': 'RobotFramework', 'Accept-Encoding': 'gzip, deflate', 'Accept': '*/*', 'Connection': 'keep-alive', 'Content-Type': 'application/x-www-form-urlencoded', 'Authorization': 'Basic MzNkNTc3Y2QtYzZmMS00YzMxLTllYzgtMjRiY2IyZWYyMmI3OjQyNWZkYzUyLTIzMmMtNDQ2YS1iOTViLWQyNmFkZGZmYjBkYw==', 'Content-Length': '101'} 
 body={"username":"33d577cd-c6f1-4c31-9ec8-24bcb2ef22b7","password":"425fdc52-232c-446a-b95b-d26addffb0dc"} 
 </msg>
<msg timestamp="20230808 19:06:22.288" level="INFO">POST Response : url=https://apitrg.vtal.com.br/auth/oauth/v2/token?grant_type=client_credentials&amp;scope=fttx 
 status=200, reason=OK 
 headers={'Pragma': 'no-cache', 'Cache-Control': 'no-store', 'Content-Encoding': 'gzip', 'Content-Type': 'application/json;charset=UTF-8', 'Content-Length': '127', 'Date': 'Tue, 08 Aug 2023 19:06:27 GMT', 'Server': 'Layer7-API-Gateway', 'Set-Cookie': 'BIGipServerRD16_POOL_APIGQX02LB_8443=rd16o00000000000000000000ffffac128415o8443; path=/; Httponly; Secure'} 
 body={
  "access_token":"67506581-681f-49c6-958a-8c12bcb07158",
  "token_type":"Bearer",
  "expires_in":3600,
  "scope":"fttx"
} 
 </msg>
<msg timestamp="20230808 19:06:22.289" level="INFO">${Response} = &lt;Response [200]&gt;</msg>
<status status="PASS" starttime="20230808 19:06:21.734" endtime="20230808 19:06:22.289"/>
</kw>
<kw name="Valida Retorno da API" library="RES_API">
<arg>${Response.status_code}</arg>
<arg>200</arg>
<arg>Retornar Token Vtal</arg>
<doc>Função usada para mandar validar o retorno da API, caso um retorno 500 seja dado muitas vezes ou um retorno diferente do esperado ele cria um documento de defect.
| =Arguments= | =Description= |
| ``STATUS_RECEBIDO`` | Recebe o status de Retorno da API. exemplo: ``404(Not Found)``. |
| ``STATUS_ESPERADO`` | Recebe o status Esperado da API. exemplo: ``200(Ok)``. |
| ``FUNCAO_API`` | Recebe o nome da função para que ela execute novamente caso seja diferente o resultado: exemplo: ``Retornar Address Id``. |
A resposta é um retorno JSON que contem:
- ``type`` &lt;int&gt; Tipo da resposta do Retorno. Exemplo: S(Sucesso) e E(ERRO).
- ``code`` &lt;int&gt; Codigo da reposta do retorno. Exemplo: 200(Ok) 404(Not Found).
- ``message`` &lt;str&gt; Descrição do código de retorno. Exemplo: 200(Ok) 404(Not Found).
Alguns exemplos de como usar a função:
| Valida Retorno da API 200 200 Retornar Address Id
Biblioteca utilizada: [https://marketsquare.github.io/robotframework-requests/doc/RequestsLibrary.html#PATCH|RequestsLibrary &gt;&gt;]</doc>
<if>
<branch type="IF" condition="'${status_recebido}' == '500'">
<kw name="Evaluate" library="BuiltIn">
<var>${Counter_API}</var>
<arg>${Counter_API} + 1</arg>
<doc>Evaluates the given expression in Python and returns the result.</doc>
<status status="NOT RUN" starttime="20230808 19:06:22.295" endtime="20230808 19:06:22.295"/>
</kw>
<kw name="Set Global Variable" library="BuiltIn">
<arg>${Counter_API}</arg>
<doc>Makes a variable available globally in all tests and suites.</doc>
<status status="NOT RUN" starttime="20230808 19:06:22.295" endtime="20230808 19:06:22.295"/>
</kw>
<kw name="Log To Console" library="BuiltIn">
<arg>\nErro ${status_recebido} recebido, tentando novamente!</arg>
<doc>Logs the given message to the console.</doc>
<status status="NOT RUN" starttime="20230808 19:06:22.296" endtime="20230808 19:06:22.296"/>
</kw>
<kw name="Sleep" library="BuiltIn">
<arg>1s</arg>
<doc>Pauses the test executed for the given time.</doc>
<status status="NOT RUN" starttime="20230808 19:06:22.296" endtime="20230808 19:06:22.296"/>
</kw>
<if>
<branch type="IF" condition="&quot;${Counter_API}&quot; == &quot;3&quot;">
<kw name="Fatal Error" library="BuiltIn">
<arg>\nApós 3 execuções a API continua retornando erro ${status_esperado}</arg>
<doc>Stops the whole test execution.</doc>
<status status="NOT RUN" starttime="20230808 19:06:22.297" endtime="20230808 19:06:22.297"/>
</kw>
<status status="NOT RUN" starttime="20230808 19:06:22.296" endtime="20230808 19:06:22.297"/>
</branch>
<status status="NOT RUN" starttime="20230808 19:06:22.296" endtime="20230808 19:06:22.297"/>
</if>
<kw name="Run Keyword" library="BuiltIn">
<arg>${Funcao_API}</arg>
<doc>Executes the given keyword with the given arguments.</doc>
<status status="NOT RUN" starttime="20230808 19:06:22.297" endtime="20230808 19:06:22.297"/>
</kw>
<status status="NOT RUN" starttime="20230808 19:06:22.295" endtime="20230808 19:06:22.297"/>
</branch>
<branch type="ELSE IF" condition="'${status_recebido}' != '${status_esperado}'">
<kw name="Fatal Error" library="BuiltIn">
<arg>\n Retorno da API diferente do esperado ${status_recebido} != ${status_esperado}</arg>
<doc>Stops the whole test execution.</doc>
<status status="NOT RUN" starttime="20230808 19:06:22.298" endtime="20230808 19:06:22.298"/>
</kw>
<status status="NOT RUN" starttime="20230808 19:06:22.298" endtime="20230808 19:06:22.298"/>
</branch>
<status status="PASS" starttime="20230808 19:06:22.294" endtime="20230808 19:06:22.298"/>
</if>
<status status="PASS" starttime="20230808 19:06:22.292" endtime="20230808 19:06:22.298"/>
</kw>
<kw name="Get From Dictionary" library="Collections">
<var>${Token}</var>
<arg>${Response.json()}</arg>
<arg>access_token</arg>
<doc>Returns a value from the given ``dictionary`` based on the given ``key``.</doc>
<msg timestamp="20230808 19:06:22.301" level="INFO">${Token} = 67506581-681f-49c6-958a-8c12bcb07158</msg>
<status status="PASS" starttime="20230808 19:06:22.299" endtime="20230808 19:06:22.301"/>
</kw>
<kw name="Set Global Variable" library="BuiltIn">
<arg>${Token}</arg>
<doc>Makes a variable available globally in all tests and suites.</doc>
<msg timestamp="20230808 19:06:22.302" level="INFO">${Token} = 67506581-681f-49c6-958a-8c12bcb07158</msg>
<status status="PASS" starttime="20230808 19:06:22.302" endtime="20230808 19:06:22.302"/>
</kw>
<status status="PASS" starttime="20230808 19:06:21.625" endtime="20230808 19:06:22.302"/>
</kw>
<kw name="Consulta Id Logradouro" library="ROB0001_ConsultarIdEndereco">
<arg>UF=BAHIA</arg>
<arg>Municipio=SALVADOR</arg>
<tag>ConsultaIdLogradouro</tag>
<doc>Keyword encadeador TRG</doc>
<kw name="Retornar Address Id" library="ROB0001_ConsultarIdEndereco">
<arg>${UF}</arg>
<arg>${Municipio}</arg>
<tag>RetornarAddressId</tag>
<doc>Função usada para iniciar a API, permitindo assim fazer as requests via GET com o objetivo retornar o Address ID, armazenar
e escrever dados na DAT relativa ao cenário.
| ``URL_API`` | A URL base para a criação das requisições. ``https://apitrg.vtal.com.br/api/geographicAddressManagement/v1/geographicAddress?address=``.|</doc>
<if>
<branch type="IF" condition="${PORTAL}">
<if>
<branch type="IF" condition="&quot;${CEP}&quot; != &quot;00000000&quot; and &quot;${NUMERO}&quot; != &quot;00&quot;">
<kw name="Set Variable" library="BuiltIn">
<var>${ADDRESS}</var>
<arg>${CEP}</arg>
<doc>Returns the given values which can then be assigned to a variables.</doc>
<status status="NOT RUN" starttime="20230808 19:06:22.304" endtime="20230808 19:06:22.304"/>
</kw>
<kw name="Set Variable" library="BuiltIn">
<var>${NUMBER}</var>
<arg>${NUMERO}</arg>
<doc>Returns the given values which can then be assigned to a variables.</doc>
<status status="NOT RUN" starttime="20230808 19:06:22.304" endtime="20230808 19:06:22.305"/>
</kw>
<status status="NOT RUN" starttime="20230808 19:06:22.304" endtime="20230808 19:06:22.305"/>
</branch>
<branch type="ELSE">
<kw name="Buscar Endereco Nao Utilizado" library="endereco">
<var>${Data}</var>
<arg>${UF}</arg>
<arg>${Municipio}</arg>
<msg timestamp="20230808 19:06:22.309" level="INFO">8191</msg>
<msg timestamp="20230808 19:06:22.309" level="INFO">${Data} = 8191</msg>
<status status="PASS" starttime="20230808 19:06:22.305" endtime="20230808 19:06:22.309"/>
</kw>
<kw name="Run Keyword If" library="BuiltIn">
<arg>'${Data}' == 'None'</arg>
<arg>Fail</arg>
<arg>Nenhum endereço disponivel no momento. Atualize sua base de dados</arg>
<doc>Runs the given keyword with the given arguments, if ``condition`` is true.</doc>
<status status="PASS" starttime="20230808 19:06:22.309" endtime="20230808 19:06:22.309"/>
</kw>
<kw name="Set Global Variable" library="BuiltIn">
<arg>${Data}</arg>
<doc>Makes a variable available globally in all tests and suites.</doc>
<msg timestamp="20230808 19:06:22.310" level="INFO">${Data} = 8191</msg>
<status status="PASS" starttime="20230808 19:06:22.310" endtime="20230808 19:06:22.310"/>
</kw>
<kw name="Set Variable" library="BuiltIn">
<var>${ADDRESS}</var>
<arg>${Data.Cep}</arg>
<doc>Returns the given values which can then be assigned to a variables.</doc>
<msg timestamp="20230808 19:06:22.312" level="INFO">${ADDRESS} = 41830498</msg>
<status status="PASS" starttime="20230808 19:06:22.310" endtime="20230808 19:06:22.315"/>
</kw>
<kw name="Set Variable" library="BuiltIn">
<var>${NUMBER}</var>
<arg>${Data.Numero}</arg>
<doc>Returns the given values which can then be assigned to a variables.</doc>
<msg timestamp="20230808 19:06:22.318" level="INFO">${NUMBER} = 245</msg>
<status status="PASS" starttime="20230808 19:06:22.316" endtime="20230808 19:06:22.318"/>
</kw>
<kw name="Atualizar Endereco" library="endereco">
<arg>${Data}</arg>
<msg timestamp="20230808 19:06:22.321" level="INFO">Endereco atualizado com sucesso!</msg>
<status status="PASS" starttime="20230808 19:06:22.318" endtime="20230808 19:06:22.322"/>
</kw>
<status status="PASS" starttime="20230808 19:06:22.305" endtime="20230808 19:06:22.322"/>
</branch>
<status status="PASS" starttime="20230808 19:06:22.304" endtime="20230808 19:06:22.322"/>
</if>
<status status="PASS" starttime="20230808 19:06:22.304" endtime="20230808 19:06:22.322"/>
</branch>
<branch type="ELSE">
<kw name="Ler Variavel na Planilha" library="RES_EXCEL">
<var>${ADDRESS}</var>
<arg>Address</arg>
<arg>Global</arg>
<doc>Keyword responsável por realizar a leitura de valores de determinada coluna da planilha</doc>
<status status="NOT RUN" starttime="20230808 19:06:22.322" endtime="20230808 19:06:22.323"/>
</kw>
<kw name="Ler Variavel na Planilha" library="RES_EXCEL">
<var>${NUMBER}</var>
<arg>Number</arg>
<arg>Global</arg>
<doc>Keyword responsável por realizar a leitura de valores de determinada coluna da planilha</doc>
<status status="NOT RUN" starttime="20230808 19:06:22.323" endtime="20230808 19:06:22.323"/>
</kw>
<status status="NOT RUN" starttime="20230808 19:06:22.322" endtime="20230808 19:06:22.323"/>
</branch>
<status status="PASS" starttime="20230808 19:06:22.304" endtime="20230808 19:06:22.323"/>
</if>
<kw name="GET_API" library="RES_API">
<var>${Response}</var>
<arg>${API_BASEGEOGRAPHICADDRES}/geographicAddress?address=${ADDRESS}&amp;number=${NUMBER}</arg>
<doc>Função usada para mandar um GET request para a API.
| =Arguments= | =Description= |
| ``REQUEST_URL`` | A URL requisitada para a requisição. exemplo: ``/api/foo``. |
A resposta é um retorno JSON que contem:
- ``type`` &lt;int&gt; Tipo da resposta do Retorno. Exemplo: S(Sucesso) e E(ERRO).
- ``code`` &lt;int&gt; Codigo da reposta do retorno. Exemplo: 200(Ok) 404(Not Found).
- ``message`` &lt;str&gt; Descrição do código de retorno. Exemplo: 200(Ok) 404(Not Found).
Alguns exemplos de como usar a função:
| ${RESPONSE}= GET_API https://apitrg.vtal.com.br/api/geographicAddressManagement/v1/addressComplements/195371</doc>
<kw name="Create Session" library="RequestsLibrary">
<arg>StartAPI</arg>
<arg>${URL_API}</arg>
<arg>verify=true</arg>
<doc>Create Session: create a HTTP session to a server</doc>
<msg timestamp="20230808 19:06:22.328" level="INFO">Creating Session using : alias=StartAPI, url=https://apitrg.vtal.com.br, headers={},                     cookies={}, auth=None, timeout=None, proxies=None, verify=True,                     debug=0 </msg>
<status status="PASS" starttime="20230808 19:06:22.328" endtime="20230808 19:06:22.329"/>
</kw>
<kw name="Create Dictionary" library="BuiltIn">
<var>${HEADERS}</var>
<arg>Content-Type=${CONTENT_TYPE}</arg>
<arg>User-Agent=RobotFramework</arg>
<arg>Accept=*/*</arg>
<arg>Authorization=Bearer ${TOKEN}</arg>
<doc>Creates and returns a dictionary based on the given ``items``.</doc>
<msg timestamp="20230808 19:06:22.329" level="INFO">${HEADERS} = {'Content-Type': 'application/json; charset=iso-8859-1', 'User-Agent': 'RobotFramework', 'Accept': '*/*', 'Authorization': 'Bearer 67506581-681f-49c6-958a-8c12bcb07158'}</msg>
<status status="PASS" starttime="20230808 19:06:22.329" endtime="20230808 19:06:22.329"/>
</kw>
<kw name="GET On Session" library="RequestsLibrary">
<var>${RESPONSE}</var>
<arg>StartAPI</arg>
<arg>${REQUEST_URL}</arg>
<arg>headers=${HEADERS}</arg>
<arg>expected_status=Anything</arg>
<doc>Sends a GET request on a previously created HTTP Session.</doc>
<msg timestamp="20230808 19:06:22.611" level="INFO">GET Request : url=https://apitrg.vtal.com.br/api/geographicAddressManagement/v1/geographicAddress?address=41830498&amp;number=245 
 path_url=/api/geographicAddressManagement/v1/geographicAddress?address=41830498&amp;number=245 
 headers={'User-Agent': 'RobotFramework', 'Accept-Encoding': 'gzip, deflate', 'Accept': '*/*', 'Connection': 'keep-alive', 'Content-Type': 'application/json; charset=iso-8859-1', 'Authorization': 'Bearer 67506581-681f-49c6-958a-8c12bcb07158'} 
 body=None 
 </msg>
<msg timestamp="20230808 19:06:22.611" level="INFO">GET Response : url=https://apitrg.vtal.com.br/api/geographicAddressManagement/v1/geographicAddress?address=41830498&amp;number=245 
 status=200, reason=OK 
 headers={'Vary': 'Origin, Access-Control-Request-Method, Access-Control-Request-Headers', 'X-Content-Type-Options': 'nosniff', 'X-XSS-Protection': '1; mode=block', 'Cache-Control': 'no-cache, no-store, max-age=0, must-revalidate', 'Pragma': 'no-cache', 'Expires': '0', 'Strict-Transport-Security': 'max-age=31536000 ; includeSubDomains', 'X-Frame-Options': 'DENY', 'Content-Security-Policy': "script-src 'self'", 'Set-Cookie': '3ec834e8bc404687c2252f5841e90c4a=3b58af18dbdc485844e8119d1e2cc031; Path=/api/geographicAddressManagement/v1; HttpOnly; Secure; SameSite=None; Domain=apitrg.vtal.com.br, BIGipServerRD16_POOL_APIGQX02LB_8443=rd16o00000000000000000000ffffac128415o8443; path=/; Httponly; Secure', 'Content-Encoding': 'gzip', 'Content-Type': 'application/json', 'Content-Length': '311', 'Date': 'Tue, 08 Aug 2023 19:06:27 GMT', 'Server': 'Layer7-API-Gateway'} 
 body={"control":{"type":"S","code":"200","message":"OK"},"addresses":{"address":[{"id":234265,"description":"Rua Tenente Fernando Tuy 245, Pituba - Salvador, BA (41830-498)","zipCode":"41830498","number":"245","stateAbbreviation":"BA","state":"Bahia","city":"Salvador","cityCode":"2927408","locationCode":"71000","locationAbbreviation":"SDR","location":"Salvador","neighborhood":"Pituba","streetName":"Fernando Tuy","streetType":"Rua","streetTitle":"Tenente","hasNumber":true,"locationUniqueZipCode":false}]}} 
 </msg>
<msg timestamp="20230808 19:06:22.611" level="INFO">${RESPONSE} = &lt;Response [200]&gt;</msg>
<status status="PASS" starttime="20230808 19:06:22.330" endtime="20230808 19:06:22.611"/>
</kw>
<kw name="Set Global Variable" library="BuiltIn">
<arg>${RESPONSE}</arg>
<doc>Makes a variable available globally in all tests and suites.</doc>
<msg timestamp="20230808 19:06:22.611" level="INFO">${RESPONSE} = &lt;Response [200]&gt;</msg>
<status status="PASS" starttime="20230808 19:06:22.611" endtime="20230808 19:06:22.611"/>
</kw>
<msg timestamp="20230808 19:06:22.612" level="INFO">${Response} = &lt;Response [200]&gt;</msg>
<status status="PASS" starttime="20230808 19:06:22.327" endtime="20230808 19:06:22.612"/>
</kw>
<kw name="Valida Retorno da API" library="RES_API">
<arg>${Response.status_code}</arg>
<arg>200</arg>
<arg>Retornar Address Id</arg>
<doc>Função usada para mandar validar o retorno da API, caso um retorno 500 seja dado muitas vezes ou um retorno diferente do esperado ele cria um documento de defect.
| =Arguments= | =Description= |
| ``STATUS_RECEBIDO`` | Recebe o status de Retorno da API. exemplo: ``404(Not Found)``. |
| ``STATUS_ESPERADO`` | Recebe o status Esperado da API. exemplo: ``200(Ok)``. |
| ``FUNCAO_API`` | Recebe o nome da função para que ela execute novamente caso seja diferente o resultado: exemplo: ``Retornar Address Id``. |
A resposta é um retorno JSON que contem:
- ``type`` &lt;int&gt; Tipo da resposta do Retorno. Exemplo: S(Sucesso) e E(ERRO).
- ``code`` &lt;int&gt; Codigo da reposta do retorno. Exemplo: 200(Ok) 404(Not Found).
- ``message`` &lt;str&gt; Descrição do código de retorno. Exemplo: 200(Ok) 404(Not Found).
Alguns exemplos de como usar a função:
| Valida Retorno da API 200 200 Retornar Address Id
Biblioteca utilizada: [https://marketsquare.github.io/robotframework-requests/doc/RequestsLibrary.html#PATCH|RequestsLibrary &gt;&gt;]</doc>
<if>
<branch type="IF" condition="'${status_recebido}' == '500'">
<kw name="Evaluate" library="BuiltIn">
<var>${Counter_API}</var>
<arg>${Counter_API} + 1</arg>
<doc>Evaluates the given expression in Python and returns the result.</doc>
<status status="NOT RUN" starttime="20230808 19:06:22.619" endtime="20230808 19:06:22.620"/>
</kw>
<kw name="Set Global Variable" library="BuiltIn">
<arg>${Counter_API}</arg>
<doc>Makes a variable available globally in all tests and suites.</doc>
<status status="NOT RUN" starttime="20230808 19:06:22.621" endtime="20230808 19:06:22.621"/>
</kw>
<kw name="Log To Console" library="BuiltIn">
<arg>\nErro ${status_recebido} recebido, tentando novamente!</arg>
<doc>Logs the given message to the console.</doc>
<status status="NOT RUN" starttime="20230808 19:06:22.621" endtime="20230808 19:06:22.621"/>
</kw>
<kw name="Sleep" library="BuiltIn">
<arg>1s</arg>
<doc>Pauses the test executed for the given time.</doc>
<status status="NOT RUN" starttime="20230808 19:06:22.621" endtime="20230808 19:06:22.621"/>
</kw>
<if>
<branch type="IF" condition="&quot;${Counter_API}&quot; == &quot;3&quot;">
<kw name="Fatal Error" library="BuiltIn">
<arg>\nApós 3 execuções a API continua retornando erro ${status_esperado}</arg>
<doc>Stops the whole test execution.</doc>
<status status="NOT RUN" starttime="20230808 19:06:22.621" endtime="20230808 19:06:22.621"/>
</kw>
<status status="NOT RUN" starttime="20230808 19:06:22.621" endtime="20230808 19:06:22.622"/>
</branch>
<status status="NOT RUN" starttime="20230808 19:06:22.621" endtime="20230808 19:06:22.622"/>
</if>
<kw name="Run Keyword" library="BuiltIn">
<arg>${Funcao_API}</arg>
<doc>Executes the given keyword with the given arguments.</doc>
<status status="NOT RUN" starttime="20230808 19:06:22.622" endtime="20230808 19:06:22.622"/>
</kw>
<status status="NOT RUN" starttime="20230808 19:06:22.619" endtime="20230808 19:06:22.622"/>
</branch>
<branch type="ELSE IF" condition="'${status_recebido}' != '${status_esperado}'">
<kw name="Fatal Error" library="BuiltIn">
<arg>\n Retorno da API diferente do esperado ${status_recebido} != ${status_esperado}</arg>
<doc>Stops the whole test execution.</doc>
<status status="NOT RUN" starttime="20230808 19:06:22.622" endtime="20230808 19:06:22.622"/>
</kw>
<status status="NOT RUN" starttime="20230808 19:06:22.622" endtime="20230808 19:06:22.622"/>
</branch>
<status status="PASS" starttime="20230808 19:06:22.619" endtime="20230808 19:06:22.622"/>
</if>
<status status="PASS" starttime="20230808 19:06:22.616" endtime="20230808 19:06:22.623"/>
</kw>
<kw name="Get Value From Json" library="JSONLibrary">
<var>${typeLogradouro}</var>
<arg>${Response.json()}</arg>
<arg>$.addresses.address[0].streetType</arg>
<doc>Get Value From JSON using JSONPath</doc>
<msg timestamp="20230808 19:06:22.643" level="INFO">${typeLogradouro} = ['Rua']</msg>
<status status="PASS" starttime="20230808 19:06:22.623" endtime="20230808 19:06:22.643"/>
</kw>
<kw name="Get Value From Json" library="JSONLibrary">
<var>${streetName}</var>
<arg>${Response.json()}</arg>
<arg>$.addresses.address[0].streetName</arg>
<doc>Get Value From JSON using JSONPath</doc>
<msg timestamp="20230808 19:06:22.664" level="INFO">${streetName} = ['Fernando Tuy']</msg>
<status status="PASS" starttime="20230808 19:06:22.643" endtime="20230808 19:06:22.664"/>
</kw>
<kw name="Get Value From Json" library="JSONLibrary">
<var>${uf_logradouro}</var>
<arg>${Response.json()}</arg>
<arg>$.addresses.address[0].stateAbbreviation</arg>
<doc>Get Value From JSON using JSONPath</doc>
<msg timestamp="20230808 19:06:22.684" level="INFO">${uf_logradouro} = ['BA']</msg>
<status status="PASS" starttime="20230808 19:06:22.664" endtime="20230808 19:06:22.684"/>
</kw>
<kw name="Get Value From Json" library="JSONLibrary">
<var>${cidade_logradouro}</var>
<arg>${Response.json()}</arg>
<arg>$.addresses.address[0].city</arg>
<doc>Get Value From JSON using JSONPath</doc>
<msg timestamp="20230808 19:06:22.703" level="INFO">${cidade_logradouro} = ['Salvador']</msg>
<status status="PASS" starttime="20230808 19:06:22.684" endtime="20230808 19:06:22.703"/>
</kw>
<kw name="Get Value From Json" library="JSONLibrary">
<var>${bairro_logradouro}</var>
<arg>${Response.json()}</arg>
<arg>$.addresses.address[0].neighborhood</arg>
<doc>Get Value From JSON using JSONPath</doc>
<msg timestamp="20230808 19:06:22.725" level="INFO">${bairro_logradouro} = ['Pituba']</msg>
<status status="PASS" starttime="20230808 19:06:22.703" endtime="20230808 19:06:22.725"/>
</kw>
<kw name="Get Value From Json" library="JSONLibrary">
<var>${ADDRESS_ID}</var>
<arg>${Response.json()}</arg>
<arg>$.addresses.address[0].id</arg>
<doc>Get Value From JSON using JSONPath</doc>
<msg timestamp="20230808 19:06:22.755" level="INFO">${ADDRESS_ID} = [234265]</msg>
<status status="PASS" starttime="20230808 19:06:22.726" endtime="20230808 19:06:22.755"/>
</kw>
<kw name="Escrever Variavel na Planilha" library="RES_EXCEL">
<arg>${ADDRESS_ID[0]}</arg>
<arg>addressId</arg>
<arg>Global</arg>
<doc>Keyword responsável por realizar a escrita de valores em determinada coluna na planilha de parâmetros.</doc>
<if>
<branch type="IF" condition="${PORTAL}">
<if>
<branch type="IF" condition="'${Valor}' == &quot;None&quot;">
<kw name="Set Global Variable" library="BuiltIn">
<arg>${Valor}</arg>
<arg>${EMPTY}</arg>
<doc>Makes a variable available globally in all tests and suites.</doc>
<status status="NOT RUN" starttime="20230808 19:06:22.758" endtime="20230808 19:06:22.758"/>
</kw>
<status status="NOT RUN" starttime="20230808 19:06:22.758" endtime="20230808 19:06:22.758"/>
</branch>
<status status="PASS" starttime="20230808 19:06:22.758" endtime="20230808 19:06:22.758"/>
</if>
<kw name="Atualizar Dados Dat By Id" library="dat">
<var>${DAT_DB}</var>
<arg>${DAT_DB}</arg>
<arg>${NomeColuna}</arg>
<arg>${Valor}</arg>
<msg timestamp="20230808 19:06:22.764" level="INFO">50</msg>
<msg timestamp="20230808 19:06:22.764" level="INFO">${DAT_DB} = 50</msg>
<status status="PASS" starttime="20230808 19:06:22.758" endtime="20230808 19:06:22.764"/>
</kw>
<status status="PASS" starttime="20230808 19:06:22.758" endtime="20230808 19:06:22.764"/>
</branch>
<branch type="ELSE">
<kw name="Open Workbook" library="RPA.Excel.Files">
<arg>${DAT_CENARIO}</arg>
<arg>data_only=True</arg>
<doc>Open an existing Excel workbook.</doc>
<status status="NOT RUN" starttime="20230808 19:06:22.765" endtime="20230808 19:06:22.765"/>
</kw>
<for flavor="IN RANGE">
<var>${i}</var>
<value>${1}</value>
<value>${MAX_COLUNAS}</value>
<iter>
<var name="${i}"/>
<kw name="Get Cell Value" library="RPA.Excel.Files">
<var>${Coluna}</var>
<arg>row=1</arg>
<arg>column=${i}</arg>
<arg>name=${NomeAba}</arg>
<doc>Get a cell value in the given worksheet.</doc>
<status status="NOT RUN" starttime="20230808 19:06:22.765" endtime="20230808 19:06:22.765"/>
</kw>
<kw name="Run Keyword And Return Status" library="BuiltIn">
<var>${Passed}</var>
<arg>Should Be Equal</arg>
<arg>${Coluna}</arg>
<arg>${NomeColuna}</arg>
<doc>Runs the given keyword with given arguments and returns the status as a Boolean value.</doc>
<status status="NOT RUN" starttime="20230808 19:06:22.766" endtime="20230808 19:06:22.766"/>
</kw>
<kw name="Exit For Loop If" library="BuiltIn">
<arg>${Passed}</arg>
<doc>Stops executing the enclosing FOR loop if the ``condition`` is true.</doc>
<status status="NOT RUN" starttime="20230808 19:06:22.766" endtime="20230808 19:06:22.766"/>
</kw>
<status status="NOT RUN" starttime="20230808 19:06:22.765" endtime="20230808 19:06:22.766"/>
</iter>
<status status="NOT RUN" starttime="20230808 19:06:22.765" endtime="20230808 19:06:22.766"/>
</for>
<kw name="Run Keyword If" library="BuiltIn">
<arg>${Passed} == False</arg>
<arg>Fail</arg>
<arg>Função percorreu ${MAX_COLUNAS} colunas e não encontrou a coluna ${NomeColuna} desejada</arg>
<doc>Runs the given keyword with the given arguments, if ``condition`` is true.</doc>
<status status="NOT RUN" starttime="20230808 19:06:22.766" endtime="20230808 19:06:22.766"/>
</kw>
<kw name="Set Cell Value" library="RPA.Excel.Files">
<arg>row=${NumLinha}</arg>
<arg>column=${i}</arg>
<arg>value=${Valor}</arg>
<arg>name=${NomeAba}</arg>
<doc>Set a cell value in the given worksheet.</doc>
<status status="NOT RUN" starttime="20230808 19:06:22.766" endtime="20230808 19:06:22.766"/>
</kw>
<kw name="Save Workbook" library="RPA.Excel.Files">
<doc>Save the active workbook.</doc>
<status status="NOT RUN" starttime="20230808 19:06:22.767" endtime="20230808 19:06:22.767"/>
</kw>
<kw name="[Teardown]">
<arg>Close Workbook</arg>
<status status="NOT RUN" starttime="20230808 19:06:22.774" endtime="20230808 19:06:22.774"/>
</kw>
<status status="NOT RUN" starttime="20230808 19:06:22.765" endtime="20230808 19:06:22.774"/>
</branch>
<status status="PASS" starttime="20230808 19:06:22.757" endtime="20230808 19:06:22.774"/>
</if>
<status status="PASS" starttime="20230808 19:06:22.755" endtime="20230808 19:06:22.774"/>
</kw>
<kw name="Escrever Variavel na Planilha" library="RES_EXCEL">
<arg>${typeLogradouro[0]}</arg>
<arg>typeLogradouro</arg>
<arg>Global</arg>
<doc>Keyword responsável por realizar a escrita de valores em determinada coluna na planilha de parâmetros.</doc>
<if>
<branch type="IF" condition="${PORTAL}">
<if>
<branch type="IF" condition="'${Valor}' == &quot;None&quot;">
<kw name="Set Global Variable" library="BuiltIn">
<arg>${Valor}</arg>
<arg>${EMPTY}</arg>
<doc>Makes a variable available globally in all tests and suites.</doc>
<status status="NOT RUN" starttime="20230808 19:06:22.777" endtime="20230808 19:06:22.777"/>
</kw>
<status status="NOT RUN" starttime="20230808 19:06:22.777" endtime="20230808 19:06:22.777"/>
</branch>
<status status="PASS" starttime="20230808 19:06:22.777" endtime="20230808 19:06:22.778"/>
</if>
<kw name="Atualizar Dados Dat By Id" library="dat">
<var>${DAT_DB}</var>
<arg>${DAT_DB}</arg>
<arg>${NomeColuna}</arg>
<arg>${Valor}</arg>
<msg timestamp="20230808 19:06:22.786" level="INFO">50</msg>
<msg timestamp="20230808 19:06:22.786" level="INFO">${DAT_DB} = 50</msg>
<status status="PASS" starttime="20230808 19:06:22.778" endtime="20230808 19:06:22.786"/>
</kw>
<status status="PASS" starttime="20230808 19:06:22.777" endtime="20230808 19:06:22.786"/>
</branch>
<branch type="ELSE">
<kw name="Open Workbook" library="RPA.Excel.Files">
<arg>${DAT_CENARIO}</arg>
<arg>data_only=True</arg>
<doc>Open an existing Excel workbook.</doc>
<status status="NOT RUN" starttime="20230808 19:06:22.787" endtime="20230808 19:06:22.787"/>
</kw>
<for flavor="IN RANGE">
<var>${i}</var>
<value>${1}</value>
<value>${MAX_COLUNAS}</value>
<iter>
<var name="${i}"/>
<kw name="Get Cell Value" library="RPA.Excel.Files">
<var>${Coluna}</var>
<arg>row=1</arg>
<arg>column=${i}</arg>
<arg>name=${NomeAba}</arg>
<doc>Get a cell value in the given worksheet.</doc>
<status status="NOT RUN" starttime="20230808 19:06:22.787" endtime="20230808 19:06:22.787"/>
</kw>
<kw name="Run Keyword And Return Status" library="BuiltIn">
<var>${Passed}</var>
<arg>Should Be Equal</arg>
<arg>${Coluna}</arg>
<arg>${NomeColuna}</arg>
<doc>Runs the given keyword with given arguments and returns the status as a Boolean value.</doc>
<status status="NOT RUN" starttime="20230808 19:06:22.787" endtime="20230808 19:06:22.787"/>
</kw>
<kw name="Exit For Loop If" library="BuiltIn">
<arg>${Passed}</arg>
<doc>Stops executing the enclosing FOR loop if the ``condition`` is true.</doc>
<status status="NOT RUN" starttime="20230808 19:06:22.788" endtime="20230808 19:06:22.788"/>
</kw>
<status status="NOT RUN" starttime="20230808 19:06:22.787" endtime="20230808 19:06:22.788"/>
</iter>
<status status="NOT RUN" starttime="20230808 19:06:22.787" endtime="20230808 19:06:22.788"/>
</for>
<kw name="Run Keyword If" library="BuiltIn">
<arg>${Passed} == False</arg>
<arg>Fail</arg>
<arg>Função percorreu ${MAX_COLUNAS} colunas e não encontrou a coluna ${NomeColuna} desejada</arg>
<doc>Runs the given keyword with the given arguments, if ``condition`` is true.</doc>
<status status="NOT RUN" starttime="20230808 19:06:22.788" endtime="20230808 19:06:22.788"/>
</kw>
<kw name="Set Cell Value" library="RPA.Excel.Files">
<arg>row=${NumLinha}</arg>
<arg>column=${i}</arg>
<arg>value=${Valor}</arg>
<arg>name=${NomeAba}</arg>
<doc>Set a cell value in the given worksheet.</doc>
<status status="NOT RUN" starttime="20230808 19:06:22.788" endtime="20230808 19:06:22.788"/>
</kw>
<kw name="Save Workbook" library="RPA.Excel.Files">
<doc>Save the active workbook.</doc>
<status status="NOT RUN" starttime="20230808 19:06:22.788" endtime="20230808 19:06:22.788"/>
</kw>
<kw name="[Teardown]">
<arg>Close Workbook</arg>
<status status="NOT RUN" starttime="20230808 19:06:22.794" endtime="20230808 19:06:22.795"/>
</kw>
<status status="NOT RUN" starttime="20230808 19:06:22.786" endtime="20230808 19:06:22.795"/>
</branch>
<status status="PASS" starttime="20230808 19:06:22.777" endtime="20230808 19:06:22.795"/>
</if>
<status status="PASS" starttime="20230808 19:06:22.774" endtime="20230808 19:06:22.795"/>
</kw>
<kw name="Escrever Variavel na Planilha" library="RES_EXCEL">
<arg>${streetName[0]}</arg>
<arg>addressName</arg>
<arg>Global</arg>
<doc>Keyword responsável por realizar a escrita de valores em determinada coluna na planilha de parâmetros.</doc>
<if>
<branch type="IF" condition="${PORTAL}">
<if>
<branch type="IF" condition="'${Valor}' == &quot;None&quot;">
<kw name="Set Global Variable" library="BuiltIn">
<arg>${Valor}</arg>
<arg>${EMPTY}</arg>
<doc>Makes a variable available globally in all tests and suites.</doc>
<status status="NOT RUN" starttime="20230808 19:06:22.798" endtime="20230808 19:06:22.798"/>
</kw>
<status status="NOT RUN" starttime="20230808 19:06:22.798" endtime="20230808 19:06:22.798"/>
</branch>
<status status="PASS" starttime="20230808 19:06:22.798" endtime="20230808 19:06:22.798"/>
</if>
<kw name="Atualizar Dados Dat By Id" library="dat">
<var>${DAT_DB}</var>
<arg>${DAT_DB}</arg>
<arg>${NomeColuna}</arg>
<arg>${Valor}</arg>
<msg timestamp="20230808 19:06:22.804" level="INFO">50</msg>
<msg timestamp="20230808 19:06:22.804" level="INFO">${DAT_DB} = 50</msg>
<status status="PASS" starttime="20230808 19:06:22.799" endtime="20230808 19:06:22.804"/>
</kw>
<status status="PASS" starttime="20230808 19:06:22.798" endtime="20230808 19:06:22.804"/>
</branch>
<branch type="ELSE">
<kw name="Open Workbook" library="RPA.Excel.Files">
<arg>${DAT_CENARIO}</arg>
<arg>data_only=True</arg>
<doc>Open an existing Excel workbook.</doc>
<status status="NOT RUN" starttime="20230808 19:06:22.805" endtime="20230808 19:06:22.805"/>
</kw>
<for flavor="IN RANGE">
<var>${i}</var>
<value>${1}</value>
<value>${MAX_COLUNAS}</value>
<iter>
<var name="${i}"/>
<kw name="Get Cell Value" library="RPA.Excel.Files">
<var>${Coluna}</var>
<arg>row=1</arg>
<arg>column=${i}</arg>
<arg>name=${NomeAba}</arg>
<doc>Get a cell value in the given worksheet.</doc>
<status status="NOT RUN" starttime="20230808 19:06:22.805" endtime="20230808 19:06:22.805"/>
</kw>
<kw name="Run Keyword And Return Status" library="BuiltIn">
<var>${Passed}</var>
<arg>Should Be Equal</arg>
<arg>${Coluna}</arg>
<arg>${NomeColuna}</arg>
<doc>Runs the given keyword with given arguments and returns the status as a Boolean value.</doc>
<status status="NOT RUN" starttime="20230808 19:06:22.805" endtime="20230808 19:06:22.805"/>
</kw>
<kw name="Exit For Loop If" library="BuiltIn">
<arg>${Passed}</arg>
<doc>Stops executing the enclosing FOR loop if the ``condition`` is true.</doc>
<status status="NOT RUN" starttime="20230808 19:06:22.805" endtime="20230808 19:06:22.806"/>
</kw>
<status status="NOT RUN" starttime="20230808 19:06:22.805" endtime="20230808 19:06:22.806"/>
</iter>
<status status="NOT RUN" starttime="20230808 19:06:22.805" endtime="20230808 19:06:22.806"/>
</for>
<kw name="Run Keyword If" library="BuiltIn">
<arg>${Passed} == False</arg>
<arg>Fail</arg>
<arg>Função percorreu ${MAX_COLUNAS} colunas e não encontrou a coluna ${NomeColuna} desejada</arg>
<doc>Runs the given keyword with the given arguments, if ``condition`` is true.</doc>
<status status="NOT RUN" starttime="20230808 19:06:22.806" endtime="20230808 19:06:22.806"/>
</kw>
<kw name="Set Cell Value" library="RPA.Excel.Files">
<arg>row=${NumLinha}</arg>
<arg>column=${i}</arg>
<arg>value=${Valor}</arg>
<arg>name=${NomeAba}</arg>
<doc>Set a cell value in the given worksheet.</doc>
<status status="NOT RUN" starttime="20230808 19:06:22.806" endtime="20230808 19:06:22.806"/>
</kw>
<kw name="Save Workbook" library="RPA.Excel.Files">
<doc>Save the active workbook.</doc>
<status status="NOT RUN" starttime="20230808 19:06:22.807" endtime="20230808 19:06:22.807"/>
</kw>
<kw name="[Teardown]">
<arg>Close Workbook</arg>
<status status="NOT RUN" starttime="20230808 19:06:22.814" endtime="20230808 19:06:22.815"/>
</kw>
<status status="NOT RUN" starttime="20230808 19:06:22.804" endtime="20230808 19:06:22.815"/>
</branch>
<status status="PASS" starttime="20230808 19:06:22.798" endtime="20230808 19:06:22.815"/>
</if>
<status status="PASS" starttime="20230808 19:06:22.795" endtime="20230808 19:06:22.815"/>
</kw>
<kw name="Escrever Variavel na Planilha" library="RES_EXCEL">
<arg>${uf_logradouro[0]}</arg>
<arg>UF</arg>
<arg>Global</arg>
<doc>Keyword responsável por realizar a escrita de valores em determinada coluna na planilha de parâmetros.</doc>
<if>
<branch type="IF" condition="${PORTAL}">
<if>
<branch type="IF" condition="'${Valor}' == &quot;None&quot;">
<kw name="Set Global Variable" library="BuiltIn">
<arg>${Valor}</arg>
<arg>${EMPTY}</arg>
<doc>Makes a variable available globally in all tests and suites.</doc>
<status status="NOT RUN" starttime="20230808 19:06:22.818" endtime="20230808 19:06:22.818"/>
</kw>
<status status="NOT RUN" starttime="20230808 19:06:22.818" endtime="20230808 19:06:22.818"/>
</branch>
<status status="PASS" starttime="20230808 19:06:22.818" endtime="20230808 19:06:22.818"/>
</if>
<kw name="Atualizar Dados Dat By Id" library="dat">
<var>${DAT_DB}</var>
<arg>${DAT_DB}</arg>
<arg>${NomeColuna}</arg>
<arg>${Valor}</arg>
<msg timestamp="20230808 19:06:22.824" level="INFO">50</msg>
<msg timestamp="20230808 19:06:22.824" level="INFO">${DAT_DB} = 50</msg>
<status status="PASS" starttime="20230808 19:06:22.818" endtime="20230808 19:06:22.824"/>
</kw>
<status status="PASS" starttime="20230808 19:06:22.818" endtime="20230808 19:06:22.824"/>
</branch>
<branch type="ELSE">
<kw name="Open Workbook" library="RPA.Excel.Files">
<arg>${DAT_CENARIO}</arg>
<arg>data_only=True</arg>
<doc>Open an existing Excel workbook.</doc>
<status status="NOT RUN" starttime="20230808 19:06:22.825" endtime="20230808 19:06:22.825"/>
</kw>
<for flavor="IN RANGE">
<var>${i}</var>
<value>${1}</value>
<value>${MAX_COLUNAS}</value>
<iter>
<var name="${i}"/>
<kw name="Get Cell Value" library="RPA.Excel.Files">
<var>${Coluna}</var>
<arg>row=1</arg>
<arg>column=${i}</arg>
<arg>name=${NomeAba}</arg>
<doc>Get a cell value in the given worksheet.</doc>
<status status="NOT RUN" starttime="20230808 19:06:22.825" endtime="20230808 19:06:22.825"/>
</kw>
<kw name="Run Keyword And Return Status" library="BuiltIn">
<var>${Passed}</var>
<arg>Should Be Equal</arg>
<arg>${Coluna}</arg>
<arg>${NomeColuna}</arg>
<doc>Runs the given keyword with given arguments and returns the status as a Boolean value.</doc>
<status status="NOT RUN" starttime="20230808 19:06:22.825" endtime="20230808 19:06:22.825"/>
</kw>
<kw name="Exit For Loop If" library="BuiltIn">
<arg>${Passed}</arg>
<doc>Stops executing the enclosing FOR loop if the ``condition`` is true.</doc>
<status status="NOT RUN" starttime="20230808 19:06:22.825" endtime="20230808 19:06:22.825"/>
</kw>
<status status="NOT RUN" starttime="20230808 19:06:22.825" endtime="20230808 19:06:22.825"/>
</iter>
<status status="NOT RUN" starttime="20230808 19:06:22.825" endtime="20230808 19:06:22.825"/>
</for>
<kw name="Run Keyword If" library="BuiltIn">
<arg>${Passed} == False</arg>
<arg>Fail</arg>
<arg>Função percorreu ${MAX_COLUNAS} colunas e não encontrou a coluna ${NomeColuna} desejada</arg>
<doc>Runs the given keyword with the given arguments, if ``condition`` is true.</doc>
<status status="NOT RUN" starttime="20230808 19:06:22.826" endtime="20230808 19:06:22.826"/>
</kw>
<kw name="Set Cell Value" library="RPA.Excel.Files">
<arg>row=${NumLinha}</arg>
<arg>column=${i}</arg>
<arg>value=${Valor}</arg>
<arg>name=${NomeAba}</arg>
<doc>Set a cell value in the given worksheet.</doc>
<status status="NOT RUN" starttime="20230808 19:06:22.826" endtime="20230808 19:06:22.826"/>
</kw>
<kw name="Save Workbook" library="RPA.Excel.Files">
<doc>Save the active workbook.</doc>
<status status="NOT RUN" starttime="20230808 19:06:22.826" endtime="20230808 19:06:22.826"/>
</kw>
<kw name="[Teardown]">
<arg>Close Workbook</arg>
<status status="NOT RUN" starttime="20230808 19:06:22.832" endtime="20230808 19:06:22.832"/>
</kw>
<status status="NOT RUN" starttime="20230808 19:06:22.824" endtime="20230808 19:06:22.832"/>
</branch>
<status status="PASS" starttime="20230808 19:06:22.818" endtime="20230808 19:06:22.832"/>
</if>
<status status="PASS" starttime="20230808 19:06:22.815" endtime="20230808 19:06:22.833"/>
</kw>
<kw name="Escrever Variavel na Planilha" library="RES_EXCEL">
<arg>${cidade_logradouro[0]}</arg>
<arg>Cidade</arg>
<arg>Global</arg>
<doc>Keyword responsável por realizar a escrita de valores em determinada coluna na planilha de parâmetros.</doc>
<if>
<branch type="IF" condition="${PORTAL}">
<if>
<branch type="IF" condition="'${Valor}' == &quot;None&quot;">
<kw name="Set Global Variable" library="BuiltIn">
<arg>${Valor}</arg>
<arg>${EMPTY}</arg>
<doc>Makes a variable available globally in all tests and suites.</doc>
<status status="NOT RUN" starttime="20230808 19:06:22.836" endtime="20230808 19:06:22.836"/>
</kw>
<status status="NOT RUN" starttime="20230808 19:06:22.835" endtime="20230808 19:06:22.836"/>
</branch>
<status status="PASS" starttime="20230808 19:06:22.835" endtime="20230808 19:06:22.836"/>
</if>
<kw name="Atualizar Dados Dat By Id" library="dat">
<var>${DAT_DB}</var>
<arg>${DAT_DB}</arg>
<arg>${NomeColuna}</arg>
<arg>${Valor}</arg>
<msg timestamp="20230808 19:06:22.841" level="INFO">50</msg>
<msg timestamp="20230808 19:06:22.841" level="INFO">${DAT_DB} = 50</msg>
<status status="PASS" starttime="20230808 19:06:22.836" endtime="20230808 19:06:22.841"/>
</kw>
<status status="PASS" starttime="20230808 19:06:22.835" endtime="20230808 19:06:22.841"/>
</branch>
<branch type="ELSE">
<kw name="Open Workbook" library="RPA.Excel.Files">
<arg>${DAT_CENARIO}</arg>
<arg>data_only=True</arg>
<doc>Open an existing Excel workbook.</doc>
<status status="NOT RUN" starttime="20230808 19:06:22.841" endtime="20230808 19:06:22.842"/>
</kw>
<for flavor="IN RANGE">
<var>${i}</var>
<value>${1}</value>
<value>${MAX_COLUNAS}</value>
<iter>
<var name="${i}"/>
<kw name="Get Cell Value" library="RPA.Excel.Files">
<var>${Coluna}</var>
<arg>row=1</arg>
<arg>column=${i}</arg>
<arg>name=${NomeAba}</arg>
<doc>Get a cell value in the given worksheet.</doc>
<status status="NOT RUN" starttime="20230808 19:06:22.842" endtime="20230808 19:06:22.842"/>
</kw>
<kw name="Run Keyword And Return Status" library="BuiltIn">
<var>${Passed}</var>
<arg>Should Be Equal</arg>
<arg>${Coluna}</arg>
<arg>${NomeColuna}</arg>
<doc>Runs the given keyword with given arguments and returns the status as a Boolean value.</doc>
<status status="NOT RUN" starttime="20230808 19:06:22.842" endtime="20230808 19:06:22.843"/>
</kw>
<kw name="Exit For Loop If" library="BuiltIn">
<arg>${Passed}</arg>
<doc>Stops executing the enclosing FOR loop if the ``condition`` is true.</doc>
<status status="NOT RUN" starttime="20230808 19:06:22.843" endtime="20230808 19:06:22.843"/>
</kw>
<status status="NOT RUN" starttime="20230808 19:06:22.842" endtime="20230808 19:06:22.843"/>
</iter>
<status status="NOT RUN" starttime="20230808 19:06:22.842" endtime="20230808 19:06:22.843"/>
</for>
<kw name="Run Keyword If" library="BuiltIn">
<arg>${Passed} == False</arg>
<arg>Fail</arg>
<arg>Função percorreu ${MAX_COLUNAS} colunas e não encontrou a coluna ${NomeColuna} desejada</arg>
<doc>Runs the given keyword with the given arguments, if ``condition`` is true.</doc>
<status status="NOT RUN" starttime="20230808 19:06:22.843" endtime="20230808 19:06:22.843"/>
</kw>
<kw name="Set Cell Value" library="RPA.Excel.Files">
<arg>row=${NumLinha}</arg>
<arg>column=${i}</arg>
<arg>value=${Valor}</arg>
<arg>name=${NomeAba}</arg>
<doc>Set a cell value in the given worksheet.</doc>
<status status="NOT RUN" starttime="20230808 19:06:22.843" endtime="20230808 19:06:22.843"/>
</kw>
<kw name="Save Workbook" library="RPA.Excel.Files">
<doc>Save the active workbook.</doc>
<status status="NOT RUN" starttime="20230808 19:06:22.845" endtime="20230808 19:06:22.845"/>
</kw>
<kw name="[Teardown]">
<arg>Close Workbook</arg>
<status status="NOT RUN" starttime="20230808 19:06:22.852" endtime="20230808 19:06:22.852"/>
</kw>
<status status="NOT RUN" starttime="20230808 19:06:22.841" endtime="20230808 19:06:22.852"/>
</branch>
<status status="PASS" starttime="20230808 19:06:22.835" endtime="20230808 19:06:22.852"/>
</if>
<status status="PASS" starttime="20230808 19:06:22.833" endtime="20230808 19:06:22.852"/>
</kw>
<kw name="Escrever Variavel na Planilha" library="RES_EXCEL">
<arg>${bairro_logradouro[0]}</arg>
<arg>Bairro</arg>
<arg>Global</arg>
<doc>Keyword responsável por realizar a escrita de valores em determinada coluna na planilha de parâmetros.</doc>
<if>
<branch type="IF" condition="${PORTAL}">
<if>
<branch type="IF" condition="'${Valor}' == &quot;None&quot;">
<kw name="Set Global Variable" library="BuiltIn">
<arg>${Valor}</arg>
<arg>${EMPTY}</arg>
<doc>Makes a variable available globally in all tests and suites.</doc>
<status status="NOT RUN" starttime="20230808 19:06:22.855" endtime="20230808 19:06:22.855"/>
</kw>
<status status="NOT RUN" starttime="20230808 19:06:22.855" endtime="20230808 19:06:22.855"/>
</branch>
<status status="PASS" starttime="20230808 19:06:22.855" endtime="20230808 19:06:22.855"/>
</if>
<kw name="Atualizar Dados Dat By Id" library="dat">
<var>${DAT_DB}</var>
<arg>${DAT_DB}</arg>
<arg>${NomeColuna}</arg>
<arg>${Valor}</arg>
<msg timestamp="20230808 19:06:22.861" level="INFO">50</msg>
<msg timestamp="20230808 19:06:22.861" level="INFO">${DAT_DB} = 50</msg>
<status status="PASS" starttime="20230808 19:06:22.855" endtime="20230808 19:06:22.861"/>
</kw>
<status status="PASS" starttime="20230808 19:06:22.855" endtime="20230808 19:06:22.861"/>
</branch>
<branch type="ELSE">
<kw name="Open Workbook" library="RPA.Excel.Files">
<arg>${DAT_CENARIO}</arg>
<arg>data_only=True</arg>
<doc>Open an existing Excel workbook.</doc>
<status status="NOT RUN" starttime="20230808 19:06:22.861" endtime="20230808 19:06:22.861"/>
</kw>
<for flavor="IN RANGE">
<var>${i}</var>
<value>${1}</value>
<value>${MAX_COLUNAS}</value>
<iter>
<var name="${i}"/>
<kw name="Get Cell Value" library="RPA.Excel.Files">
<var>${Coluna}</var>
<arg>row=1</arg>
<arg>column=${i}</arg>
<arg>name=${NomeAba}</arg>
<doc>Get a cell value in the given worksheet.</doc>
<status status="NOT RUN" starttime="20230808 19:06:22.862" endtime="20230808 19:06:22.862"/>
</kw>
<kw name="Run Keyword And Return Status" library="BuiltIn">
<var>${Passed}</var>
<arg>Should Be Equal</arg>
<arg>${Coluna}</arg>
<arg>${NomeColuna}</arg>
<doc>Runs the given keyword with given arguments and returns the status as a Boolean value.</doc>
<status status="NOT RUN" starttime="20230808 19:06:22.862" endtime="20230808 19:06:22.862"/>
</kw>
<kw name="Exit For Loop If" library="BuiltIn">
<arg>${Passed}</arg>
<doc>Stops executing the enclosing FOR loop if the ``condition`` is true.</doc>
<status status="NOT RUN" starttime="20230808 19:06:22.862" endtime="20230808 19:06:22.862"/>
</kw>
<status status="NOT RUN" starttime="20230808 19:06:22.861" endtime="20230808 19:06:22.862"/>
</iter>
<status status="NOT RUN" starttime="20230808 19:06:22.861" endtime="20230808 19:06:22.862"/>
</for>
<kw name="Run Keyword If" library="BuiltIn">
<arg>${Passed} == False</arg>
<arg>Fail</arg>
<arg>Função percorreu ${MAX_COLUNAS} colunas e não encontrou a coluna ${NomeColuna} desejada</arg>
<doc>Runs the given keyword with the given arguments, if ``condition`` is true.</doc>
<status status="NOT RUN" starttime="20230808 19:06:22.862" endtime="20230808 19:06:22.863"/>
</kw>
<kw name="Set Cell Value" library="RPA.Excel.Files">
<arg>row=${NumLinha}</arg>
<arg>column=${i}</arg>
<arg>value=${Valor}</arg>
<arg>name=${NomeAba}</arg>
<doc>Set a cell value in the given worksheet.</doc>
<status status="NOT RUN" starttime="20230808 19:06:22.863" endtime="20230808 19:06:22.863"/>
</kw>
<kw name="Save Workbook" library="RPA.Excel.Files">
<doc>Save the active workbook.</doc>
<status status="NOT RUN" starttime="20230808 19:06:22.863" endtime="20230808 19:06:22.863"/>
</kw>
<kw name="[Teardown]">
<arg>Close Workbook</arg>
<status status="NOT RUN" starttime="20230808 19:06:22.870" endtime="20230808 19:06:22.870"/>
</kw>
<status status="NOT RUN" starttime="20230808 19:06:22.861" endtime="20230808 19:06:22.870"/>
</branch>
<status status="PASS" starttime="20230808 19:06:22.855" endtime="20230808 19:06:22.871"/>
</if>
<status status="PASS" starttime="20230808 19:06:22.852" endtime="20230808 19:06:22.871"/>
</kw>
<kw name="Escrever Variavel na Planilha" library="RES_EXCEL">
<arg>${ADDRESS}</arg>
<arg>Address</arg>
<arg>Global</arg>
<doc>Keyword responsável por realizar a escrita de valores em determinada coluna na planilha de parâmetros.</doc>
<if>
<branch type="IF" condition="${PORTAL}">
<if>
<branch type="IF" condition="'${Valor}' == &quot;None&quot;">
<kw name="Set Global Variable" library="BuiltIn">
<arg>${Valor}</arg>
<arg>${EMPTY}</arg>
<doc>Makes a variable available globally in all tests and suites.</doc>
<status status="NOT RUN" starttime="20230808 19:06:22.872" endtime="20230808 19:06:22.872"/>
</kw>
<status status="NOT RUN" starttime="20230808 19:06:22.872" endtime="20230808 19:06:22.872"/>
</branch>
<status status="PASS" starttime="20230808 19:06:22.872" endtime="20230808 19:06:22.872"/>
</if>
<kw name="Atualizar Dados Dat By Id" library="dat">
<var>${DAT_DB}</var>
<arg>${DAT_DB}</arg>
<arg>${NomeColuna}</arg>
<arg>${Valor}</arg>
<msg timestamp="20230808 19:06:22.879" level="INFO">50</msg>
<msg timestamp="20230808 19:06:22.879" level="INFO">${DAT_DB} = 50</msg>
<status status="PASS" starttime="20230808 19:06:22.873" endtime="20230808 19:06:22.879"/>
</kw>
<status status="PASS" starttime="20230808 19:06:22.872" endtime="20230808 19:06:22.879"/>
</branch>
<branch type="ELSE">
<kw name="Open Workbook" library="RPA.Excel.Files">
<arg>${DAT_CENARIO}</arg>
<arg>data_only=True</arg>
<doc>Open an existing Excel workbook.</doc>
<status status="NOT RUN" starttime="20230808 19:06:22.880" endtime="20230808 19:06:22.880"/>
</kw>
<for flavor="IN RANGE">
<var>${i}</var>
<value>${1}</value>
<value>${MAX_COLUNAS}</value>
<iter>
<var name="${i}"/>
<kw name="Get Cell Value" library="RPA.Excel.Files">
<var>${Coluna}</var>
<arg>row=1</arg>
<arg>column=${i}</arg>
<arg>name=${NomeAba}</arg>
<doc>Get a cell value in the given worksheet.</doc>
<status status="NOT RUN" starttime="20230808 19:06:22.882" endtime="20230808 19:06:22.882"/>
</kw>
<kw name="Run Keyword And Return Status" library="BuiltIn">
<var>${Passed}</var>
<arg>Should Be Equal</arg>
<arg>${Coluna}</arg>
<arg>${NomeColuna}</arg>
<doc>Runs the given keyword with given arguments and returns the status as a Boolean value.</doc>
<status status="NOT RUN" starttime="20230808 19:06:22.882" endtime="20230808 19:06:22.882"/>
</kw>
<kw name="Exit For Loop If" library="BuiltIn">
<arg>${Passed}</arg>
<doc>Stops executing the enclosing FOR loop if the ``condition`` is true.</doc>
<status status="NOT RUN" starttime="20230808 19:06:22.882" endtime="20230808 19:06:22.882"/>
</kw>
<status status="NOT RUN" starttime="20230808 19:06:22.881" endtime="20230808 19:06:22.882"/>
</iter>
<status status="NOT RUN" starttime="20230808 19:06:22.881" endtime="20230808 19:06:22.882"/>
</for>
<kw name="Run Keyword If" library="BuiltIn">
<arg>${Passed} == False</arg>
<arg>Fail</arg>
<arg>Função percorreu ${MAX_COLUNAS} colunas e não encontrou a coluna ${NomeColuna} desejada</arg>
<doc>Runs the given keyword with the given arguments, if ``condition`` is true.</doc>
<status status="NOT RUN" starttime="20230808 19:06:22.883" endtime="20230808 19:06:22.883"/>
</kw>
<kw name="Set Cell Value" library="RPA.Excel.Files">
<arg>row=${NumLinha}</arg>
<arg>column=${i}</arg>
<arg>value=${Valor}</arg>
<arg>name=${NomeAba}</arg>
<doc>Set a cell value in the given worksheet.</doc>
<status status="NOT RUN" starttime="20230808 19:06:22.883" endtime="20230808 19:06:22.883"/>
</kw>
<kw name="Save Workbook" library="RPA.Excel.Files">
<doc>Save the active workbook.</doc>
<status status="NOT RUN" starttime="20230808 19:06:22.885" endtime="20230808 19:06:22.885"/>
</kw>
<kw name="[Teardown]">
<arg>Close Workbook</arg>
<status status="NOT RUN" starttime="20230808 19:06:22.893" endtime="20230808 19:06:22.894"/>
</kw>
<status status="NOT RUN" starttime="20230808 19:06:22.880" endtime="20230808 19:06:22.894"/>
</branch>
<status status="PASS" starttime="20230808 19:06:22.871" endtime="20230808 19:06:22.894"/>
</if>
<status status="PASS" starttime="20230808 19:06:22.871" endtime="20230808 19:06:22.894"/>
</kw>
<kw name="Escrever Variavel na Planilha" library="RES_EXCEL">
<arg>${NUMBER}</arg>
<arg>Number</arg>
<arg>Global</arg>
<doc>Keyword responsável por realizar a escrita de valores em determinada coluna na planilha de parâmetros.</doc>
<if>
<branch type="IF" condition="${PORTAL}">
<if>
<branch type="IF" condition="'${Valor}' == &quot;None&quot;">
<kw name="Set Global Variable" library="BuiltIn">
<arg>${Valor}</arg>
<arg>${EMPTY}</arg>
<doc>Makes a variable available globally in all tests and suites.</doc>
<status status="NOT RUN" starttime="20230808 19:06:22.896" endtime="20230808 19:06:22.896"/>
</kw>
<status status="NOT RUN" starttime="20230808 19:06:22.895" endtime="20230808 19:06:22.896"/>
</branch>
<status status="PASS" starttime="20230808 19:06:22.895" endtime="20230808 19:06:22.896"/>
</if>
<kw name="Atualizar Dados Dat By Id" library="dat">
<var>${DAT_DB}</var>
<arg>${DAT_DB}</arg>
<arg>${NomeColuna}</arg>
<arg>${Valor}</arg>
<msg timestamp="20230808 19:06:22.904" level="INFO">50</msg>
<msg timestamp="20230808 19:06:22.904" level="INFO">${DAT_DB} = 50</msg>
<status status="PASS" starttime="20230808 19:06:22.897" endtime="20230808 19:06:22.904"/>
</kw>
<status status="PASS" starttime="20230808 19:06:22.895" endtime="20230808 19:06:22.905"/>
</branch>
<branch type="ELSE">
<kw name="Open Workbook" library="RPA.Excel.Files">
<arg>${DAT_CENARIO}</arg>
<arg>data_only=True</arg>
<doc>Open an existing Excel workbook.</doc>
<status status="NOT RUN" starttime="20230808 19:06:22.905" endtime="20230808 19:06:22.905"/>
</kw>
<for flavor="IN RANGE">
<var>${i}</var>
<value>${1}</value>
<value>${MAX_COLUNAS}</value>
<iter>
<var name="${i}"/>
<kw name="Get Cell Value" library="RPA.Excel.Files">
<var>${Coluna}</var>
<arg>row=1</arg>
<arg>column=${i}</arg>
<arg>name=${NomeAba}</arg>
<doc>Get a cell value in the given worksheet.</doc>
<status status="NOT RUN" starttime="20230808 19:06:22.905" endtime="20230808 19:06:22.906"/>
</kw>
<kw name="Run Keyword And Return Status" library="BuiltIn">
<var>${Passed}</var>
<arg>Should Be Equal</arg>
<arg>${Coluna}</arg>
<arg>${NomeColuna}</arg>
<doc>Runs the given keyword with given arguments and returns the status as a Boolean value.</doc>
<status status="NOT RUN" starttime="20230808 19:06:22.906" endtime="20230808 19:06:22.906"/>
</kw>
<kw name="Exit For Loop If" library="BuiltIn">
<arg>${Passed}</arg>
<doc>Stops executing the enclosing FOR loop if the ``condition`` is true.</doc>
<status status="NOT RUN" starttime="20230808 19:06:22.906" endtime="20230808 19:06:22.906"/>
</kw>
<status status="NOT RUN" starttime="20230808 19:06:22.905" endtime="20230808 19:06:22.906"/>
</iter>
<status status="NOT RUN" starttime="20230808 19:06:22.905" endtime="20230808 19:06:22.906"/>
</for>
<kw name="Run Keyword If" library="BuiltIn">
<arg>${Passed} == False</arg>
<arg>Fail</arg>
<arg>Função percorreu ${MAX_COLUNAS} colunas e não encontrou a coluna ${NomeColuna} desejada</arg>
<doc>Runs the given keyword with the given arguments, if ``condition`` is true.</doc>
<status status="NOT RUN" starttime="20230808 19:06:22.906" endtime="20230808 19:06:22.906"/>
</kw>
<kw name="Set Cell Value" library="RPA.Excel.Files">
<arg>row=${NumLinha}</arg>
<arg>column=${i}</arg>
<arg>value=${Valor}</arg>
<arg>name=${NomeAba}</arg>
<doc>Set a cell value in the given worksheet.</doc>
<status status="NOT RUN" starttime="20230808 19:06:22.907" endtime="20230808 19:06:22.907"/>
</kw>
<kw name="Save Workbook" library="RPA.Excel.Files">
<doc>Save the active workbook.</doc>
<status status="NOT RUN" starttime="20230808 19:06:22.907" endtime="20230808 19:06:22.907"/>
</kw>
<kw name="[Teardown]">
<arg>Close Workbook</arg>
<status status="NOT RUN" starttime="20230808 19:06:22.916" endtime="20230808 19:06:22.916"/>
</kw>
<status status="NOT RUN" starttime="20230808 19:06:22.905" endtime="20230808 19:06:22.916"/>
</branch>
<status status="PASS" starttime="20230808 19:06:22.895" endtime="20230808 19:06:22.916"/>
</if>
<status status="PASS" starttime="20230808 19:06:22.894" endtime="20230808 19:06:22.917"/>
</kw>
<status status="PASS" starttime="20230808 19:06:22.303" endtime="20230808 19:06:22.917"/>
</kw>
<status status="PASS" starttime="20230808 19:06:22.303" endtime="20230808 19:06:22.917"/>
</kw>
<kw name="Fecha CT" library="DB">
<arg>API</arg>
<arg>42_04_05_Realizar_consulta_de_Complemento_e_consulta_de_viabilidade</arg>
<if>
<branch type="IF" condition="${PORTAL}">
<kw name="Log" library="BuiltIn">
<arg>${DAT_DB}</arg>
<doc>Logs the given message with the given level.</doc>
<msg timestamp="20230808 19:06:22.918" level="INFO">50</msg>
<status status="PASS" starttime="20230808 19:06:22.918" endtime="20230808 19:06:22.918"/>
</kw>
<kw name="Atualizar Steps Dat" library="dat">
<arg>${DAT_DB}</arg>
<arg>${RESPONSAVEL}</arg>
<arg>${SYSTEM}</arg>
<arg>${NEW_STEP}</arg>
<msg timestamp="20230808 19:06:22.923" level="INFO">DAT atualizado com sucesso!</msg>
<status status="PASS" starttime="20230808 19:06:22.918" endtime="20230808 19:06:22.923"/>
</kw>
<status status="PASS" starttime="20230808 19:06:22.917" endtime="20230808 19:06:22.923"/>
</branch>
<status status="PASS" starttime="20230808 19:06:22.917" endtime="20230808 19:06:22.923"/>
</if>
<status status="PASS" starttime="20230808 19:06:22.917" endtime="20230808 19:06:22.923"/>
</kw>
<tag>42_02_03_Realizar_consulta_de_Logradouro</tag>
<tag>COMPLETO</tag>
<status status="PASS" starttime="20230808 19:06:21.605" endtime="20230808 19:06:22.923"/>
</test>
<doc>Agrupador responsavel por chamar TC dos ROBS referentes ao cenario
INPUT: Address, Number, Customer_Name, Phone_Number, Reference
OUPUT: Appointment_Start, Work_Order_Id, SOM_Order_Id, MaxBandWidth, Associated_Document, Correlation_Order, Associated_Document_Date, Name, Catalog_Id, Availability_Description, Inventory_Id, Type_Logradouro, Address_Name, TypeComplement1, Value1, TypeComplement2, Value2, TypeComplement3, Value3</doc>
<status status="PASS" starttime="20230808 19:06:19.919" endtime="20230808 19:06:22.934"/>
</suite>
<statistics>
<total>
<stat pass="1" fail="0" skip="0">All Tests</stat>
</total>
<tag>
<stat pass="1" fail="0" skip="0">42_02_03_Realizar_consulta_de_Logradouro</stat>
<stat pass="1" fail="0" skip="0">COMPLETO</stat>
</tag>
<suite>
<stat pass="1" fail="0" skip="0" id="s1" name="042 AtivacaoSemComplemento">042 AtivacaoSemComplemento</stat>
</suite>
</statistics>
<errors>
<msg timestamp="20230808 19:06:20.299" level="WARN">RPA.Excel.Application library works only on Windows platform</msg>
<msg timestamp="20230808 19:06:20.300" level="WARN">Excel application library requires Windows dependencies to work.</msg>
<msg timestamp="20230808 19:06:20.420" level="WARN">Imported library '/robot/test/SCRIPTS/RESOURCE/COMMON/LIB/lib_geral.py' contains no keywords.</msg>
</errors>
</robot>
