<?xml version="1.0" encoding="UTF-8"?>
<robot generator="Robot 5.0.1 (Python 3.8.10 on linux)" generated="20230808 19:07:43.955" rpa="false" schemaversion="3">
<suite id="s1" name="042 AtivacaoSemComplemento" source="/robot/test/SCRIPTS/TRG/FTTP/042_AtivacaoSemComplemento/042_AtivacaoSemComplemento.robot">
<test id="s1-t1" name="42.08 - Realizar Validacao no SOM" line="59">
<kw name="Inicia CT" library="DB">
<kw name="Run Keyword And Return Status" library="BuiltIn">
<var>${PORTAL}</var>
<arg>Variable Should Exist</arg>
<arg>${PORTAL}</arg>
<doc>Runs the given keyword with given arguments and returns the status as a Boolean value.</doc>
<kw name="Variable Should Exist" library="BuiltIn">
<arg>${PORTAL}</arg>
<doc>Fails unless the given variable exists within the current scope.</doc>
<status status="PASS" starttime="20230808 19:07:47.309" endtime="20230808 19:07:47.310"/>
</kw>
<msg timestamp="20230808 19:07:47.311" level="INFO">${PORTAL} = True</msg>
<status status="PASS" starttime="20230808 19:07:47.309" endtime="20230808 19:07:47.311"/>
</kw>
<kw name="Run Keyword And Return Status" library="BuiltIn">
<var>${check_step}</var>
<arg>Variable Should Exist</arg>
<arg>${STEP}</arg>
<doc>Runs the given keyword with given arguments and returns the status as a Boolean value.</doc>
<kw name="Variable Should Exist" library="BuiltIn">
<arg>${STEP}</arg>
<doc>Fails unless the given variable exists within the current scope.</doc>
<status status="PASS" starttime="20230808 19:07:47.312" endtime="20230808 19:07:47.312"/>
</kw>
<msg timestamp="20230808 19:07:47.313" level="INFO">${check_step} = True</msg>
<status status="PASS" starttime="20230808 19:07:47.311" endtime="20230808 19:07:47.313"/>
</kw>
<kw name="Set Global Variable" library="BuiltIn">
<arg>${PORTAL}</arg>
<arg>${PORTAL}</arg>
<doc>Makes a variable available globally in all tests and suites.</doc>
<msg timestamp="20230808 19:07:47.314" level="INFO">${PORTAL} = True</msg>
<status status="PASS" starttime="20230808 19:07:47.313" endtime="20230808 19:07:47.314"/>
</kw>
<if>
<branch type="IF" condition="${PORTAL}">
<kw name="Log" library="BuiltIn">
<arg>${CEP}</arg>
<doc>Logs the given message with the given level.</doc>
<msg timestamp="20230808 19:07:47.316" level="INFO">00000000</msg>
<status status="PASS" starttime="20230808 19:07:47.315" endtime="20230808 19:07:47.316"/>
</kw>
<kw name="Log" library="BuiltIn">
<arg>${NUMERO}</arg>
<doc>Logs the given message with the given level.</doc>
<msg timestamp="20230808 19:07:47.317" level="INFO">00</msg>
<status status="PASS" starttime="20230808 19:07:47.317" endtime="20230808 19:07:47.317"/>
</kw>
<kw name="Run Keyword If" library="BuiltIn">
<arg>${check_step}</arg>
<arg>Set Step</arg>
<arg>${STEP}</arg>
<doc>Runs the given keyword with the given arguments, if ``condition`` is true.</doc>
<kw name="Set Step" library="DB">
<arg>${STEP}</arg>
<kw name="Set Global Variable" library="BuiltIn">
<arg>${STEP}</arg>
<arg>${STEP}</arg>
<doc>Makes a variable available globally in all tests and suites.</doc>
<msg timestamp="20230808 19:07:47.321" level="INFO">${STEP} = 42_08_Realizar_Validacao_no_SOM</msg>
<status status="PASS" starttime="20230808 19:07:47.319" endtime="20230808 19:07:47.321"/>
</kw>
<status status="PASS" starttime="20230808 19:07:47.318" endtime="20230808 19:07:47.321"/>
</kw>
<status status="PASS" starttime="20230808 19:07:47.318" endtime="20230808 19:07:47.321"/>
</kw>
<kw name="Set Global Variable" library="BuiltIn">
<arg>${RESPONSAVEL}</arg>
<arg>${RESPONSAVEL}</arg>
<doc>Makes a variable available globally in all tests and suites.</doc>
<msg timestamp="20230808 19:07:47.322" level="INFO">${RESPONSAVEL} = berg</msg>
<status status="PASS" starttime="20230808 19:07:47.322" endtime="20230808 19:07:47.323"/>
</kw>
<kw name="Set Global Variable" library="BuiltIn">
<arg>${AUTHENTICATION}</arg>
<arg>${AUTHENTICATION}</arg>
<doc>Makes a variable available globally in all tests and suites.</doc>
<msg timestamp="20230808 19:07:47.324" level="INFO">${AUTHENTICATION} = FTTP</msg>
<status status="PASS" starttime="20230808 19:07:47.323" endtime="20230808 19:07:47.324"/>
</kw>
<kw name="Buscar Dat Do Usuario" library="dat">
<var>${DAT_DB}</var>
<arg>${RESPONSAVEL}</arg>
<arg>${STEP}</arg>
<msg timestamp="20230808 19:07:47.329" level="INFO">${DAT_DB} = 50</msg>
<status status="PASS" starttime="20230808 19:07:47.325" endtime="20230808 19:07:47.329"/>
</kw>
<kw name="Set Global Variable" library="BuiltIn">
<arg>${DAT_DB}</arg>
<arg>${DAT_DB}</arg>
<doc>Makes a variable available globally in all tests and suites.</doc>
<msg timestamp="20230808 19:07:47.331" level="INFO">${DAT_DB} = 50</msg>
<status status="PASS" starttime="20230808 19:07:47.330" endtime="20230808 19:07:47.331"/>
</kw>
<status status="PASS" starttime="20230808 19:07:47.315" endtime="20230808 19:07:47.331"/>
</branch>
<status status="PASS" starttime="20230808 19:07:47.315" endtime="20230808 19:07:47.331"/>
</if>
<status status="PASS" starttime="20230808 19:07:47.307" endtime="20230808 19:07:47.332"/>
</kw>
<kw name="Validacao da OS Completa FTTP" library="ROB0006_ValidarOrdemSOM">
<tag>ValidaSOMCompletaFTTP</tag>
<doc>Keyword encadeador TRG</doc>
<kw name="Login SOM" library="UTILS">
<tag>Login SOM</tag>
<doc>Realiza login no sistema SOM Ultilizando as variaveis da Param_Global, Usuario e senha</doc>
<kw name="Ler Variavel Param Global" library="RES_EXCEL">
<var>${usuario_som}</var>
<arg>Usuario_SOM</arg>
<arg>Global</arg>
<doc>Keyword responsável por realizar a leitura de valores de determinada coluna da planilha PARAN GLOBAL</doc>
<if>
<branch type="IF" condition="${PORTAL}">
<kw name="Ler Global Db" library="globals">
<var>${Data}</var>
<arg>${AUTHENTICATION}</arg>
<msg timestamp="20230808 19:07:47.339" level="INFO">${Data} = 3</msg>
<status status="PASS" starttime="20230808 19:07:47.335" endtime="20230808 19:07:47.339"/>
</kw>
<kw name="Set Variable" library="BuiltIn">
<var>${Valor}</var>
<arg>${Data.${NomeColuna}}</arg>
<doc>Returns the given values which can then be assigned to a variables.</doc>
<msg timestamp="20230808 19:07:47.345" level="INFO">${Valor} = TR741061</msg>
<status status="PASS" starttime="20230808 19:07:47.340" endtime="20230808 19:07:47.345"/>
</kw>
<status status="PASS" starttime="20230808 19:07:47.334" endtime="20230808 19:07:47.345"/>
</branch>
<branch type="ELSE">
<kw name="Open Workbook" library="RPA.Excel.Files">
<arg>${PARAM_GLOBAL}</arg>
<arg>data_only=True</arg>
<doc>Open an existing Excel workbook.</doc>
<status status="NOT RUN" starttime="20230808 19:07:47.346" endtime="20230808 19:07:47.346"/>
</kw>
<for flavor="IN RANGE">
<var>${i}</var>
<value>${1}</value>
<value>${MAX_COLUNAS}</value>
<iter>
<var name="${i}"/>
<kw name="Get Cell Value" library="RPA.Excel.Files">
<var>${Coluna}</var>
<arg>row=1</arg>
<arg>column=${i}</arg>
<arg>name=${NomeAba}</arg>
<doc>Get a cell value in the given worksheet.</doc>
<status status="NOT RUN" starttime="20230808 19:07:47.347" endtime="20230808 19:07:47.347"/>
</kw>
<kw name="Run Keyword And Return Status" library="BuiltIn">
<var>${Passed}</var>
<arg>Should Be Equal</arg>
<arg>${Coluna}</arg>
<arg>${NomeColuna}</arg>
<doc>Runs the given keyword with given arguments and returns the status as a Boolean value.</doc>
<status status="NOT RUN" starttime="20230808 19:07:47.348" endtime="20230808 19:07:47.348"/>
</kw>
<kw name="Exit For Loop If" library="BuiltIn">
<arg>${Passed}</arg>
<doc>Stops executing the enclosing FOR loop if the ``condition`` is true.</doc>
<status status="NOT RUN" starttime="20230808 19:07:47.348" endtime="20230808 19:07:47.349"/>
</kw>
<status status="NOT RUN" starttime="20230808 19:07:47.347" endtime="20230808 19:07:47.349"/>
</iter>
<status status="NOT RUN" starttime="20230808 19:07:47.346" endtime="20230808 19:07:47.349"/>
</for>
<kw name="Run Keyword If" library="BuiltIn">
<arg>${Passed} == False</arg>
<arg>Fail</arg>
<arg>Função percorreu ${MAX_COLUNAS} colunas e não encontrou a coluna ${NomeColuna} desejada</arg>
<doc>Runs the given keyword with the given arguments, if ``condition`` is true.</doc>
<status status="NOT RUN" starttime="20230808 19:07:47.349" endtime="20230808 19:07:47.350"/>
</kw>
<kw name="Get Worksheet Value" library="RPA.Excel.Files">
<var>${Valor}</var>
<arg>row=2</arg>
<arg>column=${i}</arg>
<arg>name=${nome_aba}</arg>
<doc>Alias for keyword ``Get cell value``, see the original keyword
for documentation.</doc>
<status status="NOT RUN" starttime="20230808 19:07:47.351" endtime="20230808 19:07:47.351"/>
</kw>
<kw name="[Teardown]">
<arg>Close Workbook</arg>
<status status="NOT RUN" starttime="20230808 19:07:47.365" endtime="20230808 19:07:47.365"/>
</kw>
<status status="NOT RUN" starttime="20230808 19:07:47.345" endtime="20230808 19:07:47.366"/>
</branch>
<status status="PASS" starttime="20230808 19:07:47.334" endtime="20230808 19:07:47.366"/>
</if>
<msg timestamp="20230808 19:07:47.367" level="INFO">${usuario_som} = TR741061</msg>
<status status="PASS" starttime="20230808 19:07:47.333" endtime="20230808 19:07:47.367"/>
</kw>
<kw name="Ler Variavel Param Global" library="RES_EXCEL">
<var>${senha_som}</var>
<arg>Senha_SOM</arg>
<arg>Global</arg>
<doc>Keyword responsável por realizar a leitura de valores de determinada coluna da planilha PARAN GLOBAL</doc>
<if>
<branch type="IF" condition="${PORTAL}">
<kw name="Ler Global Db" library="globals">
<var>${Data}</var>
<arg>${AUTHENTICATION}</arg>
<msg timestamp="20230808 19:07:47.372" level="INFO">${Data} = 3</msg>
<status status="PASS" starttime="20230808 19:07:47.369" endtime="20230808 19:07:47.372"/>
</kw>
<kw name="Set Variable" library="BuiltIn">
<var>${Valor}</var>
<arg>${Data.${NomeColuna}}</arg>
<doc>Returns the given values which can then be assigned to a variables.</doc>
<msg timestamp="20230808 19:07:47.376" level="INFO">${Valor} = TR741061</msg>
<status status="PASS" starttime="20230808 19:07:47.372" endtime="20230808 19:07:47.376"/>
</kw>
<status status="PASS" starttime="20230808 19:07:47.368" endtime="20230808 19:07:47.376"/>
</branch>
<branch type="ELSE">
<kw name="Open Workbook" library="RPA.Excel.Files">
<arg>${PARAM_GLOBAL}</arg>
<arg>data_only=True</arg>
<doc>Open an existing Excel workbook.</doc>
<status status="NOT RUN" starttime="20230808 19:07:47.377" endtime="20230808 19:07:47.377"/>
</kw>
<for flavor="IN RANGE">
<var>${i}</var>
<value>${1}</value>
<value>${MAX_COLUNAS}</value>
<iter>
<var name="${i}"/>
<kw name="Get Cell Value" library="RPA.Excel.Files">
<var>${Coluna}</var>
<arg>row=1</arg>
<arg>column=${i}</arg>
<arg>name=${NomeAba}</arg>
<doc>Get a cell value in the given worksheet.</doc>
<status status="NOT RUN" starttime="20230808 19:07:47.378" endtime="20230808 19:07:47.378"/>
</kw>
<kw name="Run Keyword And Return Status" library="BuiltIn">
<var>${Passed}</var>
<arg>Should Be Equal</arg>
<arg>${Coluna}</arg>
<arg>${NomeColuna}</arg>
<doc>Runs the given keyword with given arguments and returns the status as a Boolean value.</doc>
<status status="NOT RUN" starttime="20230808 19:07:47.378" endtime="20230808 19:07:47.378"/>
</kw>
<kw name="Exit For Loop If" library="BuiltIn">
<arg>${Passed}</arg>
<doc>Stops executing the enclosing FOR loop if the ``condition`` is true.</doc>
<status status="NOT RUN" starttime="20230808 19:07:47.379" endtime="20230808 19:07:47.379"/>
</kw>
<status status="NOT RUN" starttime="20230808 19:07:47.377" endtime="20230808 19:07:47.379"/>
</iter>
<status status="NOT RUN" starttime="20230808 19:07:47.377" endtime="20230808 19:07:47.379"/>
</for>
<kw name="Run Keyword If" library="BuiltIn">
<arg>${Passed} == False</arg>
<arg>Fail</arg>
<arg>Função percorreu ${MAX_COLUNAS} colunas e não encontrou a coluna ${NomeColuna} desejada</arg>
<doc>Runs the given keyword with the given arguments, if ``condition`` is true.</doc>
<status status="NOT RUN" starttime="20230808 19:07:47.379" endtime="20230808 19:07:47.380"/>
</kw>
<kw name="Get Worksheet Value" library="RPA.Excel.Files">
<var>${Valor}</var>
<arg>row=2</arg>
<arg>column=${i}</arg>
<arg>name=${nome_aba}</arg>
<doc>Alias for keyword ``Get cell value``, see the original keyword
for documentation.</doc>
<status status="NOT RUN" starttime="20230808 19:07:47.380" endtime="20230808 19:07:47.381"/>
</kw>
<kw name="[Teardown]">
<arg>Close Workbook</arg>
<status status="NOT RUN" starttime="20230808 19:07:47.394" endtime="20230808 19:07:47.394"/>
</kw>
<status status="NOT RUN" starttime="20230808 19:07:47.376" endtime="20230808 19:07:47.394"/>
</branch>
<status status="PASS" starttime="20230808 19:07:47.368" endtime="20230808 19:07:47.394"/>
</if>
<msg timestamp="20230808 19:07:47.395" level="INFO">${senha_som} = TR741061</msg>
<status status="PASS" starttime="20230808 19:07:47.367" endtime="20230808 19:07:47.395"/>
</kw>
<kw name="Set Test Variable" library="BuiltIn">
<arg>${usuario_som}</arg>
<doc>Makes a variable available everywhere within the scope of the current test.</doc>
<msg timestamp="20230808 19:07:47.396" level="INFO">${usuario_som} = TR741061</msg>
<status status="PASS" starttime="20230808 19:07:47.395" endtime="20230808 19:07:47.396"/>
</kw>
<kw name="Contexto para navegador" library="RES_UTIL">
<arg>${URL_SOM}</arg>
<doc>Keyword responsável por Criar contextos padrões para navegadores</doc>
<kw name="New Browser" library="Browser">
<arg>${Navegador}</arg>
<arg>True</arg>
<arg>devtools=False</arg>
<arg>timeout=01:00</arg>
<tag>BrowserControl</tag>
<tag>Setter</tag>
<doc>Create a new playwright Browser with specified options.</doc>
<msg timestamp="20230808 19:07:47.400" level="INFO">{"browser": "chromium", "headless": true, "devtools": false, "handleSIGHUP": true, "handleSIGINT": true, "handleSIGTERM": true, "slowMo": 0.0, "timeout": 60000.0, "tracesDir": "/robot/test/SCRIPTS/TRG/FTTP/042_AtivacaoSemComplemento/output/42_08_Realizar_Validacao_no_SOM/browser/traces/b3cda85b-1421-4f2b-a197-8d764a6135f4"}</msg>
<msg timestamp="20230808 19:07:47.849" level="INFO">Successfully created browser with options: {"browser":"chromium","headless":true,"devtools":false,"handleSIGHUP":true,"handleSIGINT":true,"handleSIGTERM":true,"slowMo":0,"timeout":60000,"tracesDir":"/robot/test/SCRIPTS/TRG/FTTP/042_AtivacaoSemComplemento/output/42_08_Realizar_Validacao_no_SOM/browser/traces/b3cda85b-1421-4f2b-a197-8d764a6135f4"}</msg>
<status status="PASS" starttime="20230808 19:07:47.399" endtime="20230808 19:07:47.849"/>
</kw>
<kw name="Set Browser Timeout" library="Browser">
<arg>1m 30 seconds</arg>
<tag>Config</tag>
<tag>Setter</tag>
<doc>Sets the timeout used by most input and getter keywords.</doc>
<msg timestamp="20230808 19:07:47.856" level="INFO">No context open.</msg>
<status status="PASS" starttime="20230808 19:07:47.850" endtime="20230808 19:07:47.856"/>
</kw>
<kw name="New Page" library="Browser">
<arg>${url_Sistema}</arg>
<tag>BrowserControl</tag>
<tag>Setter</tag>
<doc>Open a new Page.</doc>
<msg timestamp="20230808 19:07:51.471" level="INFO">Successfully initialized new page object and opened url: http://10.58.227.160:7003/OrderManagement/Login.jsp</msg>
<msg timestamp="20230808 19:07:51.471" level="INFO">No context was open. New context was automatically opened when this page is created.</msg>
<status status="PASS" starttime="20230808 19:07:47.857" endtime="20230808 19:07:51.472"/>
</kw>
<status status="PASS" starttime="20230808 19:07:47.396" endtime="20230808 19:07:51.472"/>
</kw>
<kw name="Wait For Elements State" library="Browser">
<arg>${SOM_input_login}</arg>
<arg>visible</arg>
<arg>timeout=${TIMEOUT}</arg>
<tag>PageContent</tag>
<tag>Wait</tag>
<doc>Waits for the element found by ``selector`` to satisfy state option.</doc>
<msg timestamp="20230808 19:07:51.519" level="INFO">Waited for Element with selector //input[@class='UserNameComponent'] at state visible</msg>
<status status="PASS" starttime="20230808 19:07:51.473" endtime="20230808 19:07:51.520"/>
</kw>
<kw name="Input Text Web Element Is Visible" library="RES_UTIL">
<arg>${SOM_input_login}</arg>
<arg>${usuario_som}</arg>
<doc>Função que insere uma informação num elemento da tela.
| =Arguments= | =Description= |
| ``ELEMENT`` | Variavel do Elemento HTML ou XPath. |
| ``VALUE`` | Valor a ser adicionado ao campo. |
Abaixo alguns exemplos de como usar a função, seja como uma variavel ou com o xpath:
| ${input_login} //input[contains(@id,'username')]
| Input Text Web Element Is Visible ${input_login} admin
Biblioteca ultilizada: [https://marketsquare.github.io/robotframework-browser/Browser.html#Fill%20Text|Browser &gt;&gt;]</doc>
<kw name="Wait For Elements State" library="Browser">
<arg>${ELEMENT}</arg>
<arg>Visible</arg>
<arg>timeout=${TIMEOUT}</arg>
<tag>PageContent</tag>
<tag>Wait</tag>
<doc>Waits for the element found by ``selector`` to satisfy state option.</doc>
<msg timestamp="20230808 19:07:51.542" level="INFO">Waited for Element with selector //input[@class='UserNameComponent'] at state visible</msg>
<status status="PASS" starttime="20230808 19:07:51.531" endtime="20230808 19:07:51.542"/>
</kw>
<kw name="Fill Text" library="Browser">
<arg>${ELEMENT}</arg>
<arg>${VALUE}</arg>
<tag>PageContent</tag>
<tag>Setter</tag>
<doc>Clears and fills the given ``txt`` into the text field found by ``selector``.</doc>
<msg timestamp="20230808 19:07:51.543" level="INFO">Fills the text 'TR741061' in the given field.</msg>
<status status="PASS" starttime="20230808 19:07:51.542" endtime="20230808 19:07:51.567"/>
</kw>
<kw name="Highlight Elements" library="Browser">
<arg>${ELEMENT}</arg>
<arg>duration=100ms</arg>
<arg>width=3.5px</arg>
<arg>color=/#dd00dd</arg>
<arg>style=solid</arg>
<tag>PageContent</tag>
<tag>Setter</tag>
<doc>Adds a highlight to elements matched by the ``selector``. Provides a style adjustment.</doc>
<msg timestamp="20230808 19:07:51.599" level="INFO">Highlighted 1 elements for 100.</msg>
<status status="PASS" starttime="20230808 19:07:51.567" endtime="20230808 19:07:51.599"/>
</kw>
<kw name="Take Screenshot" library="Browser">
<arg>filename={index}</arg>
<arg>quality=100</arg>
<arg>fileType=jpeg</arg>
<arg>timeout=${TIMEOUT}</arg>
<tag>PageContent</tag>
<doc>Takes a screenshot of the current window or element and saves it to disk.</doc>
<msg timestamp="20230808 19:07:51.678" level="INFO" html="true">&lt;/td&gt;&lt;/tr&gt;&lt;tr&gt;&lt;td colspan="3"&gt;&lt;a href="browser/screenshot/1.jpeg" target="_blank"&gt;&lt;img src="browser/screenshot/1.jpeg" width="800px"/&gt;&lt;/a&gt;</msg>
<status status="PASS" starttime="20230808 19:07:51.600" endtime="20230808 19:07:51.678"/>
</kw>
<kw name="Sleep" library="BuiltIn">
<arg>0.5</arg>
<doc>Pauses the test executed for the given time.</doc>
<msg timestamp="20230808 19:07:52.180" level="INFO">Slept 500 milliseconds</msg>
<status status="PASS" starttime="20230808 19:07:51.679" endtime="20230808 19:07:52.180"/>
</kw>
<status status="PASS" starttime="20230808 19:07:51.528" endtime="20230808 19:07:52.180"/>
</kw>
<kw name="Input Text Web Element Is Visible" library="RES_UTIL">
<arg>${SOM_input_password}</arg>
<arg>${senha_som}</arg>
<doc>Função que insere uma informação num elemento da tela.
| =Arguments= | =Description= |
| ``ELEMENT`` | Variavel do Elemento HTML ou XPath. |
| ``VALUE`` | Valor a ser adicionado ao campo. |
Abaixo alguns exemplos de como usar a função, seja como uma variavel ou com o xpath:
| ${input_login} //input[contains(@id,'username')]
| Input Text Web Element Is Visible ${input_login} admin
Biblioteca ultilizada: [https://marketsquare.github.io/robotframework-browser/Browser.html#Fill%20Text|Browser &gt;&gt;]</doc>
<kw name="Wait For Elements State" library="Browser">
<arg>${ELEMENT}</arg>
<arg>Visible</arg>
<arg>timeout=${TIMEOUT}</arg>
<tag>PageContent</tag>
<tag>Wait</tag>
<doc>Waits for the element found by ``selector`` to satisfy state option.</doc>
<msg timestamp="20230808 19:07:52.195" level="INFO">Waited for Element with selector //input[@class='PasswordComponent'] at state visible</msg>
<status status="PASS" starttime="20230808 19:07:52.188" endtime="20230808 19:07:52.195"/>
</kw>
<kw name="Fill Text" library="Browser">
<arg>${ELEMENT}</arg>
<arg>${VALUE}</arg>
<tag>PageContent</tag>
<tag>Setter</tag>
<doc>Clears and fills the given ``txt`` into the text field found by ``selector``.</doc>
<msg timestamp="20230808 19:07:52.196" level="INFO">Fills the text 'TR741061' in the given field.</msg>
<status status="PASS" starttime="20230808 19:07:52.196" endtime="20230808 19:07:52.215"/>
</kw>
<kw name="Highlight Elements" library="Browser">
<arg>${ELEMENT}</arg>
<arg>duration=100ms</arg>
<arg>width=3.5px</arg>
<arg>color=/#dd00dd</arg>
<arg>style=solid</arg>
<tag>PageContent</tag>
<tag>Setter</tag>
<doc>Adds a highlight to elements matched by the ``selector``. Provides a style adjustment.</doc>
<msg timestamp="20230808 19:07:52.225" level="INFO">Highlighted 1 elements for 100.</msg>
<status status="PASS" starttime="20230808 19:07:52.215" endtime="20230808 19:07:52.226"/>
</kw>
<kw name="Take Screenshot" library="Browser">
<arg>filename={index}</arg>
<arg>quality=100</arg>
<arg>fileType=jpeg</arg>
<arg>timeout=${TIMEOUT}</arg>
<tag>PageContent</tag>
<doc>Takes a screenshot of the current window or element and saves it to disk.</doc>
<msg timestamp="20230808 19:07:52.294" level="INFO" html="true">&lt;/td&gt;&lt;/tr&gt;&lt;tr&gt;&lt;td colspan="3"&gt;&lt;a href="browser/screenshot/2.jpeg" target="_blank"&gt;&lt;img src="browser/screenshot/2.jpeg" width="800px"/&gt;&lt;/a&gt;</msg>
<status status="PASS" starttime="20230808 19:07:52.226" endtime="20230808 19:07:52.294"/>
</kw>
<kw name="Sleep" library="BuiltIn">
<arg>0.5</arg>
<doc>Pauses the test executed for the given time.</doc>
<msg timestamp="20230808 19:07:52.795" level="INFO">Slept 500 milliseconds</msg>
<status status="PASS" starttime="20230808 19:07:52.294" endtime="20230808 19:07:52.795"/>
</kw>
<status status="PASS" starttime="20230808 19:07:52.187" endtime="20230808 19:07:52.795"/>
</kw>
<kw name="Click Web Element Is Visible" library="RES_UTIL">
<arg>${SOM_btn_login}</arg>
<doc>Função que clica com o botão do mouse num elemento da tela.
| =Arguments= | =Description= |
| ``ELEMENT`` | Variavel do Elemento HTML ou XPath. |
Abaixo alguns exemplos de como usar a função, seja como uma variavel ou com o xpath:
| ${btn_login} //input[contains(@id,'Login')]
| Click Web Element Is Visible ${btn_login}
Biblioteca ultilizada: [https://marketsquare.github.io/robotframework-browser/Browser.html#Fill%20Text|Browser &gt;&gt;]</doc>
<kw name="Wait For Elements State" library="Browser">
<arg>${ELEMENT}</arg>
<arg>Visible</arg>
<arg>timeout=${TIMEOUT}</arg>
<tag>PageContent</tag>
<tag>Wait</tag>
<doc>Waits for the element found by ``selector`` to satisfy state option.</doc>
<msg timestamp="20230808 19:07:52.828" level="INFO">Waited for Element with selector //input[@class='LoginText'] at state visible</msg>
<status status="PASS" starttime="20230808 19:07:52.816" endtime="20230808 19:07:52.828"/>
</kw>
<kw name="Highlight Elements" library="Browser">
<arg>${ELEMENT}</arg>
<arg>duration=100ms</arg>
<arg>width=4px</arg>
<arg>color=\#dd00dd</arg>
<arg>style=solid</arg>
<tag>PageContent</tag>
<tag>Setter</tag>
<doc>Adds a highlight to elements matched by the ``selector``. Provides a style adjustment.</doc>
<msg timestamp="20230808 19:07:52.858" level="INFO">Highlighted 1 elements for 100.</msg>
<status status="PASS" starttime="20230808 19:07:52.829" endtime="20230808 19:07:52.859"/>
</kw>
<kw name="Take Screenshot" library="Browser">
<arg>filename={index}</arg>
<arg>quality=100</arg>
<arg>fileType=jpeg</arg>
<arg>timeout=${TIMEOUT}</arg>
<tag>PageContent</tag>
<doc>Takes a screenshot of the current window or element and saves it to disk.</doc>
<msg timestamp="20230808 19:07:52.961" level="INFO" html="true">&lt;/td&gt;&lt;/tr&gt;&lt;tr&gt;&lt;td colspan="3"&gt;&lt;a href="browser/screenshot/3.jpeg" target="_blank"&gt;&lt;img src="browser/screenshot/3.jpeg" width="800px"/&gt;&lt;/a&gt;</msg>
<status status="PASS" starttime="20230808 19:07:52.860" endtime="20230808 19:07:52.961"/>
</kw>
<kw name="Click" library="Browser">
<arg>${ELEMENT}</arg>
<tag>PageContent</tag>
<tag>Setter</tag>
<doc>Simulates mouse click on the element found by ``selector``.</doc>
<status status="PASS" starttime="20230808 19:07:52.962" endtime="20230808 19:07:56.669"/>
</kw>
<kw name="Sleep" library="BuiltIn">
<arg>0.5</arg>
<doc>Pauses the test executed for the given time.</doc>
<msg timestamp="20230808 19:07:57.170" level="INFO">Slept 500 milliseconds</msg>
<status status="PASS" starttime="20230808 19:07:56.669" endtime="20230808 19:07:57.170"/>
</kw>
<status status="PASS" starttime="20230808 19:07:52.815" endtime="20230808 19:07:57.170"/>
</kw>
<status status="PASS" starttime="20230808 19:07:47.333" endtime="20230808 19:07:57.170"/>
</kw>
<kw name="Valida OS Completa FTTP" library="UTILS">
<tag>ValidaOSCompletaFTTP</tag>
<doc>Valida e Consulta um pedido FTTP que foi concluido com sucesso consultando as tabelas no Order ID no SOM</doc>
<kw name="Ler Variavel na Planilha" library="RES_EXCEL">
<var>${subscriber_Id}</var>
<arg>subscriberId</arg>
<arg>Global</arg>
<doc>Keyword responsável por realizar a leitura de valores de determinada coluna da planilha</doc>
<if>
<branch type="IF" condition="${PORTAL}">
<if>
<branch type="IF" condition="'${DAT_DB}' != '${EMPTY}'">
<kw name="Buscar Campo Dat Id" library="dat">
<var>${Query}</var>
<arg>${DAT_DB}</arg>
<msg timestamp="20230808 19:07:57.175" level="INFO">50</msg>
<msg timestamp="20230808 19:07:57.175" level="INFO">${Query} = 50</msg>
<status status="PASS" starttime="20230808 19:07:57.173" endtime="20230808 19:07:57.175"/>
</kw>
<kw name="Log" library="BuiltIn">
<arg>${Query}</arg>
<doc>Logs the given message with the given level.</doc>
<msg timestamp="20230808 19:07:57.176" level="INFO">50</msg>
<status status="PASS" starttime="20230808 19:07:57.175" endtime="20230808 19:07:57.176"/>
</kw>
<kw name="Set Variable" library="BuiltIn">
<var>${Valor}</var>
<arg>${Query.${NomeColuna}}</arg>
<doc>Returns the given values which can then be assigned to a variables.</doc>
<msg timestamp="20230808 19:07:57.178" level="INFO">${Valor} = ibm0808190653</msg>
<status status="PASS" starttime="20230808 19:07:57.176" endtime="20230808 19:07:57.178"/>
</kw>
<status status="PASS" starttime="20230808 19:07:57.173" endtime="20230808 19:07:57.178"/>
</branch>
<status status="PASS" starttime="20230808 19:07:57.171" endtime="20230808 19:07:57.178"/>
</if>
<if>
<branch type="IF" condition="'${Valor}' == '${EMPTY}'">
<kw name="Set Global Variable" library="BuiltIn">
<arg>${Valor}</arg>
<arg>None</arg>
<doc>Makes a variable available globally in all tests and suites.</doc>
<status status="NOT RUN" starttime="20230808 19:07:57.180" endtime="20230808 19:07:57.180"/>
</kw>
<status status="NOT RUN" starttime="20230808 19:07:57.180" endtime="20230808 19:07:57.180"/>
</branch>
<status status="PASS" starttime="20230808 19:07:57.178" endtime="20230808 19:07:57.180"/>
</if>
<status status="PASS" starttime="20230808 19:07:57.171" endtime="20230808 19:07:57.180"/>
</branch>
<branch type="ELSE">
<kw name="Open Workbook" library="RPA.Excel.Files">
<arg>${DAT_CENARIO}</arg>
<arg>data_only=True</arg>
<doc>Open an existing Excel workbook.</doc>
<status status="NOT RUN" starttime="20230808 19:07:57.181" endtime="20230808 19:07:57.181"/>
</kw>
<for flavor="IN RANGE">
<var>${i}</var>
<value>${1}</value>
<value>${MAX_COLUNAS}</value>
<iter>
<var name="${i}"/>
<kw name="Get Cell Value" library="RPA.Excel.Files">
<var>${Coluna}</var>
<arg>row=1</arg>
<arg>column=${i}</arg>
<arg>name=${NomeAba}</arg>
<doc>Get a cell value in the given worksheet.</doc>
<status status="NOT RUN" starttime="20230808 19:07:57.181" endtime="20230808 19:07:57.181"/>
</kw>
<kw name="Run Keyword And Return Status" library="BuiltIn">
<var>${Passed}</var>
<arg>Should Be Equal</arg>
<arg>${Coluna}</arg>
<arg>${NomeColuna}</arg>
<doc>Runs the given keyword with given arguments and returns the status as a Boolean value.</doc>
<status status="NOT RUN" starttime="20230808 19:07:57.181" endtime="20230808 19:07:57.181"/>
</kw>
<kw name="Exit For Loop If" library="BuiltIn">
<arg>${Passed}</arg>
<doc>Stops executing the enclosing FOR loop if the ``condition`` is true.</doc>
<status status="NOT RUN" starttime="20230808 19:07:57.181" endtime="20230808 19:07:57.181"/>
</kw>
<status status="NOT RUN" starttime="20230808 19:07:57.181" endtime="20230808 19:07:57.182"/>
</iter>
<status status="NOT RUN" starttime="20230808 19:07:57.181" endtime="20230808 19:07:57.182"/>
</for>
<kw name="Run Keyword If" library="BuiltIn">
<arg>${Passed} == False</arg>
<arg>Fail</arg>
<arg>Função percorreu ${MAX_COLUNAS} colunas e não encontrou a coluna ${NomeColuna} desejada</arg>
<doc>Runs the given keyword with the given arguments, if ``condition`` is true.</doc>
<status status="NOT RUN" starttime="20230808 19:07:57.182" endtime="20230808 19:07:57.182"/>
</kw>
<kw name="Get Worksheet Value" library="RPA.Excel.Files">
<var>${Valor}</var>
<arg>row=${NumLinha}</arg>
<arg>column=${i}</arg>
<arg>name=${NomeAba}</arg>
<doc>Alias for keyword ``Get cell value``, see the original keyword
for documentation.</doc>
<status status="NOT RUN" starttime="20230808 19:07:57.182" endtime="20230808 19:07:57.182"/>
</kw>
<kw name="[Teardown]">
<arg>Close Workbook</arg>
<status status="NOT RUN" starttime="20230808 19:07:57.189" endtime="20230808 19:07:57.189"/>
</kw>
<status status="NOT RUN" starttime="20230808 19:07:57.180" endtime="20230808 19:07:57.189"/>
</branch>
<status status="PASS" starttime="20230808 19:07:57.171" endtime="20230808 19:07:57.189"/>
</if>
<msg timestamp="20230808 19:07:57.189" level="INFO">${subscriber_Id} = ibm0808190653</msg>
<status status="PASS" starttime="20230808 19:07:57.171" endtime="20230808 19:07:57.189"/>
</kw>
<kw name="Click Web Element Is Visible" library="RES_UTIL">
<arg>${SOM_btn_query}</arg>
<doc>Função que clica com o botão do mouse num elemento da tela.
| =Arguments= | =Description= |
| ``ELEMENT`` | Variavel do Elemento HTML ou XPath. |
Abaixo alguns exemplos de como usar a função, seja como uma variavel ou com o xpath:
| ${btn_login} //input[contains(@id,'Login')]
| Click Web Element Is Visible ${btn_login}
Biblioteca ultilizada: [https://marketsquare.github.io/robotframework-browser/Browser.html#Fill%20Text|Browser &gt;&gt;]</doc>
<kw name="Wait For Elements State" library="Browser">
<arg>${ELEMENT}</arg>
<arg>Visible</arg>
<arg>timeout=${TIMEOUT}</arg>
<tag>PageContent</tag>
<tag>Wait</tag>
<doc>Waits for the element found by ``selector`` to satisfy state option.</doc>
<msg timestamp="20230808 19:08:00.512" level="INFO">Waited for Element with selector //div[@id='TopIndex']//table[1]/..//img[@name='query_'] at state visible</msg>
<status status="PASS" starttime="20230808 19:07:57.197" endtime="20230808 19:08:00.512"/>
</kw>
<kw name="Highlight Elements" library="Browser">
<arg>${ELEMENT}</arg>
<arg>duration=100ms</arg>
<arg>width=4px</arg>
<arg>color=\#dd00dd</arg>
<arg>style=solid</arg>
<tag>PageContent</tag>
<tag>Setter</tag>
<doc>Adds a highlight to elements matched by the ``selector``. Provides a style adjustment.</doc>
<msg timestamp="20230808 19:08:00.543" level="INFO">Highlighted 1 elements for 100.</msg>
<status status="PASS" starttime="20230808 19:08:00.513" endtime="20230808 19:08:00.543"/>
</kw>
<kw name="Take Screenshot" library="Browser">
<arg>filename={index}</arg>
<arg>quality=100</arg>
<arg>fileType=jpeg</arg>
<arg>timeout=${TIMEOUT}</arg>
<tag>PageContent</tag>
<doc>Takes a screenshot of the current window or element and saves it to disk.</doc>
<msg timestamp="20230808 19:08:00.615" level="INFO" html="true">&lt;/td&gt;&lt;/tr&gt;&lt;tr&gt;&lt;td colspan="3"&gt;&lt;a href="browser/screenshot/4.jpeg" target="_blank"&gt;&lt;img src="browser/screenshot/4.jpeg" width="800px"/&gt;&lt;/a&gt;</msg>
<status status="PASS" starttime="20230808 19:08:00.543" endtime="20230808 19:08:00.616"/>
</kw>
<kw name="Click" library="Browser">
<arg>${ELEMENT}</arg>
<tag>PageContent</tag>
<tag>Setter</tag>
<doc>Simulates mouse click on the element found by ``selector``.</doc>
<status status="PASS" starttime="20230808 19:08:00.616" endtime="20230808 19:08:01.072"/>
</kw>
<kw name="Sleep" library="BuiltIn">
<arg>0.5</arg>
<doc>Pauses the test executed for the given time.</doc>
<msg timestamp="20230808 19:08:01.572" level="INFO">Slept 500 milliseconds</msg>
<status status="PASS" starttime="20230808 19:08:01.072" endtime="20230808 19:08:01.574"/>
</kw>
<status status="PASS" starttime="20230808 19:07:57.196" endtime="20230808 19:08:01.574"/>
</kw>
<kw name="Input Text Web Element Is Visible" library="RES_UTIL">
<arg>${SOM_input_ref}</arg>
<arg>${subscriber_Id}</arg>
<doc>Função que insere uma informação num elemento da tela.
| =Arguments= | =Description= |
| ``ELEMENT`` | Variavel do Elemento HTML ou XPath. |
| ``VALUE`` | Valor a ser adicionado ao campo. |
Abaixo alguns exemplos de como usar a função, seja como uma variavel ou com o xpath:
| ${input_login} //input[contains(@id,'username')]
| Input Text Web Element Is Visible ${input_login} admin
Biblioteca ultilizada: [https://marketsquare.github.io/robotframework-browser/Browser.html#Fill%20Text|Browser &gt;&gt;]</doc>
<kw name="Wait For Elements State" library="Browser">
<arg>${ELEMENT}</arg>
<arg>Visible</arg>
<arg>timeout=${TIMEOUT}</arg>
<tag>PageContent</tag>
<tag>Wait</tag>
<doc>Waits for the element found by ``selector`` to satisfy state option.</doc>
<msg timestamp="20230808 19:08:03.982" level="INFO">Waited for Element with selector //blockquote[@id='resetzone']//table[1]/..//input[@name='/]reference_number_0'] at state visible</msg>
<status status="PASS" starttime="20230808 19:08:01.585" endtime="20230808 19:08:03.982"/>
</kw>
<kw name="Fill Text" library="Browser">
<arg>${ELEMENT}</arg>
<arg>${VALUE}</arg>
<tag>PageContent</tag>
<tag>Setter</tag>
<doc>Clears and fills the given ``txt`` into the text field found by ``selector``.</doc>
<msg timestamp="20230808 19:08:03.984" level="INFO">Fills the text 'ibm0808190653' in the given field.</msg>
<status status="PASS" starttime="20230808 19:08:03.983" endtime="20230808 19:08:04.012"/>
</kw>
<kw name="Highlight Elements" library="Browser">
<arg>${ELEMENT}</arg>
<arg>duration=100ms</arg>
<arg>width=3.5px</arg>
<arg>color=/#dd00dd</arg>
<arg>style=solid</arg>
<tag>PageContent</tag>
<tag>Setter</tag>
<doc>Adds a highlight to elements matched by the ``selector``. Provides a style adjustment.</doc>
<msg timestamp="20230808 19:08:04.057" level="INFO">Highlighted 1 elements for 100.</msg>
<status status="PASS" starttime="20230808 19:08:04.012" endtime="20230808 19:08:04.057"/>
</kw>
<kw name="Take Screenshot" library="Browser">
<arg>filename={index}</arg>
<arg>quality=100</arg>
<arg>fileType=jpeg</arg>
<arg>timeout=${TIMEOUT}</arg>
<tag>PageContent</tag>
<doc>Takes a screenshot of the current window or element and saves it to disk.</doc>
<msg timestamp="20230808 19:08:04.214" level="INFO" html="true">&lt;/td&gt;&lt;/tr&gt;&lt;tr&gt;&lt;td colspan="3"&gt;&lt;a href="browser/screenshot/5.jpeg" target="_blank"&gt;&lt;img src="browser/screenshot/5.jpeg" width="800px"/&gt;&lt;/a&gt;</msg>
<status status="PASS" starttime="20230808 19:08:04.057" endtime="20230808 19:08:04.215"/>
</kw>
<kw name="Sleep" library="BuiltIn">
<arg>0.5</arg>
<doc>Pauses the test executed for the given time.</doc>
<msg timestamp="20230808 19:08:04.716" level="INFO">Slept 500 milliseconds</msg>
<status status="PASS" starttime="20230808 19:08:04.216" endtime="20230808 19:08:04.717"/>
</kw>
<status status="PASS" starttime="20230808 19:08:01.584" endtime="20230808 19:08:04.717"/>
</kw>
<kw name="Click Web Element Is Visible" library="RES_UTIL">
<arg>${SOM_btn_search}</arg>
<doc>Função que clica com o botão do mouse num elemento da tela.
| =Arguments= | =Description= |
| ``ELEMENT`` | Variavel do Elemento HTML ou XPath. |
Abaixo alguns exemplos de como usar a função, seja como uma variavel ou com o xpath:
| ${btn_login} //input[contains(@id,'Login')]
| Click Web Element Is Visible ${btn_login}
Biblioteca ultilizada: [https://marketsquare.github.io/robotframework-browser/Browser.html#Fill%20Text|Browser &gt;&gt;]</doc>
<kw name="Wait For Elements State" library="Browser">
<arg>${ELEMENT}</arg>
<arg>Visible</arg>
<arg>timeout=${TIMEOUT}</arg>
<tag>PageContent</tag>
<tag>Wait</tag>
<doc>Waits for the element found by ``selector`` to satisfy state option.</doc>
<msg timestamp="20230808 19:08:04.730" level="INFO">Waited for Element with selector (//input[contains(@type,'button')][contains(@title,'Search')])[1] at state visible</msg>
<status status="PASS" starttime="20230808 19:08:04.724" endtime="20230808 19:08:04.730"/>
</kw>
<kw name="Highlight Elements" library="Browser">
<arg>${ELEMENT}</arg>
<arg>duration=100ms</arg>
<arg>width=4px</arg>
<arg>color=\#dd00dd</arg>
<arg>style=solid</arg>
<tag>PageContent</tag>
<tag>Setter</tag>
<doc>Adds a highlight to elements matched by the ``selector``. Provides a style adjustment.</doc>
<msg timestamp="20230808 19:08:04.741" level="INFO">Highlighted 1 elements for 100.</msg>
<status status="PASS" starttime="20230808 19:08:04.730" endtime="20230808 19:08:04.741"/>
</kw>
<kw name="Take Screenshot" library="Browser">
<arg>filename={index}</arg>
<arg>quality=100</arg>
<arg>fileType=jpeg</arg>
<arg>timeout=${TIMEOUT}</arg>
<tag>PageContent</tag>
<doc>Takes a screenshot of the current window or element and saves it to disk.</doc>
<msg timestamp="20230808 19:08:04.849" level="INFO" html="true">&lt;/td&gt;&lt;/tr&gt;&lt;tr&gt;&lt;td colspan="3"&gt;&lt;a href="browser/screenshot/6.jpeg" target="_blank"&gt;&lt;img src="browser/screenshot/6.jpeg" width="800px"/&gt;&lt;/a&gt;</msg>
<status status="PASS" starttime="20230808 19:08:04.741" endtime="20230808 19:08:04.850"/>
</kw>
<kw name="Click" library="Browser">
<arg>${ELEMENT}</arg>
<tag>PageContent</tag>
<tag>Setter</tag>
<doc>Simulates mouse click on the element found by ``selector``.</doc>
<status status="PASS" starttime="20230808 19:08:04.851" endtime="20230808 19:08:06.223"/>
</kw>
<kw name="Sleep" library="BuiltIn">
<arg>0.5</arg>
<doc>Pauses the test executed for the given time.</doc>
<msg timestamp="20230808 19:08:06.724" level="INFO">Slept 500 milliseconds</msg>
<status status="PASS" starttime="20230808 19:08:06.223" endtime="20230808 19:08:06.724"/>
</kw>
<status status="PASS" starttime="20230808 19:08:04.724" endtime="20230808 19:08:06.724"/>
</kw>
<kw name="Wait For Elements State" library="Browser">
<arg>${SOM_btn_tres_pontos}</arg>
<arg>visible</arg>
<arg>timeout=${TIMEOUT}</arg>
<tag>PageContent</tag>
<tag>Wait</tag>
<doc>Waits for the element found by ``selector`` to satisfy state option.</doc>
<msg timestamp="20230808 19:08:11.051" level="INFO">Waited for Element with selector //td[contains(@class,'tableAction')]//input[contains(@name,'move')] at state visible</msg>
<status status="PASS" starttime="20230808 19:08:06.724" endtime="20230808 19:08:11.051"/>
</kw>
<kw name="Get Element Count is Visible" library="RES_UTIL">
<var>${SOM_Quantia_linha}</var>
<arg>${SOM_linha_tarefa}</arg>
<doc>Busca o elemento passado como argumento e retorna um INT (com a quantidade de vezes que o elemento aparece) na variável Return_ELEMENT
| =Arguments= | =Description= |
| ``ELEMENT`` | Variavel do Elemento HTML ou XPath. |</doc>
<kw name="Sleep" library="BuiltIn">
<arg>3s</arg>
<doc>Pauses the test executed for the given time.</doc>
<msg timestamp="20230808 19:08:14.052" level="INFO">Slept 3 seconds</msg>
<status status="PASS" starttime="20230808 19:08:11.052" endtime="20230808 19:08:14.053"/>
</kw>
<kw name="Get Element Count" library="Browser">
<var>${Return_ELEMENT}</var>
<arg>${ELEMENT}</arg>
<tag>Assertion</tag>
<tag>Getter</tag>
<tag>PageContent</tag>
<doc>Returns the count of elements found with ``selector``.</doc>
<msg timestamp="20230808 19:08:14.059" level="INFO">${Return_ELEMENT} = 2</msg>
<status status="PASS" starttime="20230808 19:08:14.053" endtime="20230808 19:08:14.059"/>
</kw>
<kw name="Highlight Elements" library="Browser">
<arg>${ELEMENT}</arg>
<arg>duration=100ms</arg>
<arg>width=4px</arg>
<arg>color=\#dd00dd</arg>
<arg>style=solid</arg>
<tag>PageContent</tag>
<tag>Setter</tag>
<doc>Adds a highlight to elements matched by the ``selector``. Provides a style adjustment.</doc>
<msg timestamp="20230808 19:08:14.074" level="INFO">Highlighted 2 elements for 100.</msg>
<status status="PASS" starttime="20230808 19:08:14.059" endtime="20230808 19:08:14.074"/>
</kw>
<kw name="Take Screenshot" library="Browser">
<arg>filename={index}</arg>
<arg>quality=100</arg>
<arg>fileType=jpeg</arg>
<arg>timeout=${TIMEOUT}</arg>
<tag>PageContent</tag>
<doc>Takes a screenshot of the current window or element and saves it to disk.</doc>
<msg timestamp="20230808 19:08:14.145" level="INFO" html="true">&lt;/td&gt;&lt;/tr&gt;&lt;tr&gt;&lt;td colspan="3"&gt;&lt;a href="browser/screenshot/7.jpeg" target="_blank"&gt;&lt;img src="browser/screenshot/7.jpeg" width="800px"/&gt;&lt;/a&gt;</msg>
<status status="PASS" starttime="20230808 19:08:14.077" endtime="20230808 19:08:14.145"/>
</kw>
<kw name="Sleep" library="BuiltIn">
<arg>0.5</arg>
<doc>Pauses the test executed for the given time.</doc>
<msg timestamp="20230808 19:08:14.646" level="INFO">Slept 500 milliseconds</msg>
<status status="PASS" starttime="20230808 19:08:14.146" endtime="20230808 19:08:14.647"/>
</kw>
<msg timestamp="20230808 19:08:14.647" level="INFO">${SOM_Quantia_linha} = 2</msg>
<status status="PASS" starttime="20230808 19:08:11.051" endtime="20230808 19:08:14.647"/>
</kw>
<if>
<branch type="IF" condition="&quot;${SOM_Quantia_linha}&quot; != &quot;2&quot;">
<kw name="Fatal Error" library="BuiltIn">
<arg>Tarefa não existe</arg>
<doc>Stops the whole test execution.</doc>
<status status="NOT RUN" starttime="20230808 19:08:14.647" endtime="20230808 19:08:14.647"/>
</kw>
<status status="NOT RUN" starttime="20230808 19:08:14.647" endtime="20230808 19:08:14.647"/>
</branch>
<status status="PASS" starttime="20230808 19:08:14.647" endtime="20230808 19:08:14.647"/>
</if>
<for flavor="IN RANGE">
<var>${1}</var>
<value>${10}</value>
<iter>
<var name="${1}">0</var>
<kw name="Get Element Count is Visible" library="RES_UTIL">
<var>${row_count}</var>
<arg>xpath=//*[@id="aazone.worklist"]/form/table/tbody/tr[2]/td/table/tbody/tr[2]/td/table/tbody/tr/td/table/tbody/tr</arg>
<doc>Busca o elemento passado como argumento e retorna um INT (com a quantidade de vezes que o elemento aparece) na variável Return_ELEMENT
| =Arguments= | =Description= |
| ``ELEMENT`` | Variavel do Elemento HTML ou XPath. |</doc>
<kw name="Sleep" library="BuiltIn">
<arg>3s</arg>
<doc>Pauses the test executed for the given time.</doc>
<msg timestamp="20230808 19:08:17.650" level="INFO">Slept 3 seconds</msg>
<status status="PASS" starttime="20230808 19:08:14.649" endtime="20230808 19:08:17.650"/>
</kw>
<kw name="Get Element Count" library="Browser">
<var>${Return_ELEMENT}</var>
<arg>${ELEMENT}</arg>
<tag>Assertion</tag>
<tag>Getter</tag>
<tag>PageContent</tag>
<doc>Returns the count of elements found with ``selector``.</doc>
<msg timestamp="20230808 19:08:17.655" level="INFO">${Return_ELEMENT} = 0</msg>
<status status="PASS" starttime="20230808 19:08:17.650" endtime="20230808 19:08:17.655"/>
</kw>
<kw name="Highlight Elements" library="Browser">
<arg>${ELEMENT}</arg>
<arg>duration=100ms</arg>
<arg>width=4px</arg>
<arg>color=\#dd00dd</arg>
<arg>style=solid</arg>
<tag>PageContent</tag>
<tag>Setter</tag>
<doc>Adds a highlight to elements matched by the ``selector``. Provides a style adjustment.</doc>
<msg timestamp="20230808 19:08:17.662" level="INFO">Could not find elements to highlight.</msg>
<status status="PASS" starttime="20230808 19:08:17.655" endtime="20230808 19:08:17.662"/>
</kw>
<kw name="Take Screenshot" library="Browser">
<arg>filename={index}</arg>
<arg>quality=100</arg>
<arg>fileType=jpeg</arg>
<arg>timeout=${TIMEOUT}</arg>
<tag>PageContent</tag>
<doc>Takes a screenshot of the current window or element and saves it to disk.</doc>
<msg timestamp="20230808 19:08:17.736" level="INFO" html="true">&lt;/td&gt;&lt;/tr&gt;&lt;tr&gt;&lt;td colspan="3"&gt;&lt;a href="browser/screenshot/8.jpeg" target="_blank"&gt;&lt;img src="browser/screenshot/8.jpeg" width="800px"/&gt;&lt;/a&gt;</msg>
<status status="PASS" starttime="20230808 19:08:17.662" endtime="20230808 19:08:17.736"/>
</kw>
<kw name="Sleep" library="BuiltIn">
<arg>0.5</arg>
<doc>Pauses the test executed for the given time.</doc>
<msg timestamp="20230808 19:08:18.237" level="INFO">Slept 500 milliseconds</msg>
<status status="PASS" starttime="20230808 19:08:17.737" endtime="20230808 19:08:18.237"/>
</kw>
<msg timestamp="20230808 19:08:18.237" level="INFO">${row_count} = 0</msg>
<status status="PASS" starttime="20230808 19:08:14.649" endtime="20230808 19:08:18.238"/>
</kw>
<kw name="Set Variable" library="BuiltIn">
<var>${row}</var>
<arg>1</arg>
<doc>Returns the given values which can then be assigned to a variables.</doc>
<msg timestamp="20230808 19:08:18.238" level="INFO">${row} = 1</msg>
<status status="PASS" starttime="20230808 19:08:18.238" endtime="20230808 19:08:18.238"/>
</kw>
<kw name="Get Table Cell Element" library="Browser">
<var>${ordemState}</var>
<arg>//html/body/table/tbody/tr[1]/td/div[4]/div/form/table/tbody/tr/td/table/tbody/tr[2]/td/table/tbody/tr/td/table</arg>
<arg>"Order State"</arg>
<arg>${row}</arg>
<tag>Getter</tag>
<tag>PageContent</tag>
<doc>Returns the Web Element that has the same column index and same row index as the selected elements.</doc>
<msg timestamp="20230808 19:08:18.249" level="INFO">JavaScript executed successfully.</msg>
<msg timestamp="20230808 19:08:18.268" level="INFO">Locator found successfully.</msg>
<msg timestamp="20230808 19:08:18.268" level="INFO">${ordemState} = //html/body/table/tbody/tr[1]/td/div[4]/div/form/table/tbody/tr/td/table/tbody/tr[2]/td/table/tbody/tr/td/table &gt;&gt; tr &gt;&gt; nth=1 &gt;&gt; &gt; * &gt;&gt; nth=12</msg>
<status status="PASS" starttime="20230808 19:08:18.238" endtime="20230808 19:08:18.268"/>
</kw>
<kw name="Get Text Element is Visible" library="RES_UTIL">
<var>${value}</var>
<arg>${ordemState}</arg>
<doc>Busca o elemento passado como argumento e retorna a STR na variável Return_ELEMENT
| =Arguments= | =Description= |
| ``ELEMENT`` | Variavel do Elemento HTML ou XPath. |</doc>
<kw name="Sleep" library="BuiltIn">
<arg>3s</arg>
<doc>Pauses the test executed for the given time.</doc>
<msg timestamp="20230808 19:08:21.269" level="INFO">Slept 3 seconds</msg>
<status status="PASS" starttime="20230808 19:08:18.269" endtime="20230808 19:08:21.269"/>
</kw>
<kw name="Get Text" library="Browser">
<var>${Return_ELEMENT}</var>
<arg>${ELEMENT}</arg>
<tag>Assertion</tag>
<tag>Getter</tag>
<tag>PageContent</tag>
<doc>Returns text attribute of the element found by ``selector``.</doc>
<msg timestamp="20230808 19:08:21.292" level="INFO">Text: 'In Progress'</msg>
<msg timestamp="20230808 19:08:21.292" level="INFO">${Return_ELEMENT} = In Progress</msg>
<status status="PASS" starttime="20230808 19:08:21.269" endtime="20230808 19:08:21.292"/>
</kw>
<kw name="Highlight Elements" library="Browser">
<arg>${ELEMENT}</arg>
<arg>duration=100ms</arg>
<arg>width=4px</arg>
<arg>color=\#dd00dd</arg>
<arg>style=solid</arg>
<tag>PageContent</tag>
<tag>Setter</tag>
<doc>Adds a highlight to elements matched by the ``selector``. Provides a style adjustment.</doc>
<msg timestamp="20230808 19:08:21.306" level="INFO">Highlighted 1 elements for 100.</msg>
<status status="PASS" starttime="20230808 19:08:21.292" endtime="20230808 19:08:21.306"/>
</kw>
<kw name="Take Screenshot" library="Browser">
<arg>filename={index}</arg>
<arg>quality=100</arg>
<arg>fileType=jpeg</arg>
<arg>timeout=${TIMEOUT}</arg>
<tag>PageContent</tag>
<doc>Takes a screenshot of the current window or element and saves it to disk.</doc>
<msg timestamp="20230808 19:08:21.406" level="INFO" html="true">&lt;/td&gt;&lt;/tr&gt;&lt;tr&gt;&lt;td colspan="3"&gt;&lt;a href="browser/screenshot/9.jpeg" target="_blank"&gt;&lt;img src="browser/screenshot/9.jpeg" width="800px"/&gt;&lt;/a&gt;</msg>
<status status="PASS" starttime="20230808 19:08:21.306" endtime="20230808 19:08:21.406"/>
</kw>
<kw name="Sleep" library="BuiltIn">
<arg>0.5</arg>
<doc>Pauses the test executed for the given time.</doc>
<msg timestamp="20230808 19:08:21.907" level="INFO">Slept 500 milliseconds</msg>
<status status="PASS" starttime="20230808 19:08:21.407" endtime="20230808 19:08:21.907"/>
</kw>
<msg timestamp="20230808 19:08:21.908" level="INFO">${value} = In Progress</msg>
<status status="PASS" starttime="20230808 19:08:18.268" endtime="20230808 19:08:21.908"/>
</kw>
<if>
<branch type="IF" condition="&quot;${value}&quot; == &quot;Completed&quot;">
<kw name="Log To Console" library="BuiltIn">
<arg>Estado da Ordem está completa</arg>
<doc>Logs the given message to the console.</doc>
<status status="NOT RUN" starttime="20230808 19:08:21.910" endtime="20230808 19:08:21.910"/>
</kw>
<kw name="Exit For Loop" library="BuiltIn">
<doc>Stops executing the enclosing FOR loop.</doc>
<status status="NOT RUN" starttime="20230808 19:08:21.911" endtime="20230808 19:08:21.911"/>
</kw>
<status status="NOT RUN" starttime="20230808 19:08:21.910" endtime="20230808 19:08:21.911"/>
</branch>
<branch type="ELSE">
<kw name="Click Web Element Is Visible" library="RES_UTIL">
<arg>${SOM_btn_refresh}</arg>
<doc>Função que clica com o botão do mouse num elemento da tela.
| =Arguments= | =Description= |
| ``ELEMENT`` | Variavel do Elemento HTML ou XPath. |
Abaixo alguns exemplos de como usar a função, seja como uma variavel ou com o xpath:
| ${btn_login} //input[contains(@id,'Login')]
| Click Web Element Is Visible ${btn_login}
Biblioteca ultilizada: [https://marketsquare.github.io/robotframework-browser/Browser.html#Fill%20Text|Browser &gt;&gt;]</doc>
<kw name="Wait For Elements State" library="Browser">
<arg>${ELEMENT}</arg>
<arg>Visible</arg>
<arg>timeout=${TIMEOUT}</arg>
<tag>PageContent</tag>
<tag>Wait</tag>
<doc>Waits for the element found by ``selector`` to satisfy state option.</doc>
<msg timestamp="20230808 19:08:21.931" level="INFO">Waited for Element with selector //input[@value='Refresh'] at state visible</msg>
<status status="PASS" starttime="20230808 19:08:21.922" endtime="20230808 19:08:21.931"/>
</kw>
<kw name="Highlight Elements" library="Browser">
<arg>${ELEMENT}</arg>
<arg>duration=100ms</arg>
<arg>width=4px</arg>
<arg>color=\#dd00dd</arg>
<arg>style=solid</arg>
<tag>PageContent</tag>
<tag>Setter</tag>
<doc>Adds a highlight to elements matched by the ``selector``. Provides a style adjustment.</doc>
<msg timestamp="20230808 19:08:21.941" level="INFO">Highlighted 1 elements for 100.</msg>
<status status="PASS" starttime="20230808 19:08:21.931" endtime="20230808 19:08:21.941"/>
</kw>
<kw name="Take Screenshot" library="Browser">
<arg>filename={index}</arg>
<arg>quality=100</arg>
<arg>fileType=jpeg</arg>
<arg>timeout=${TIMEOUT}</arg>
<tag>PageContent</tag>
<doc>Takes a screenshot of the current window or element and saves it to disk.</doc>
<msg timestamp="20230808 19:08:22.018" level="INFO" html="true">&lt;/td&gt;&lt;/tr&gt;&lt;tr&gt;&lt;td colspan="3"&gt;&lt;a href="browser/screenshot/10.jpeg" target="_blank"&gt;&lt;img src="browser/screenshot/10.jpeg" width="800px"/&gt;&lt;/a&gt;</msg>
<status status="PASS" starttime="20230808 19:08:21.942" endtime="20230808 19:08:22.019"/>
</kw>
<kw name="Click" library="Browser">
<arg>${ELEMENT}</arg>
<tag>PageContent</tag>
<tag>Setter</tag>
<doc>Simulates mouse click on the element found by ``selector``.</doc>
<status status="PASS" starttime="20230808 19:08:22.019" endtime="20230808 19:08:22.097"/>
</kw>
<kw name="Sleep" library="BuiltIn">
<arg>0.5</arg>
<doc>Pauses the test executed for the given time.</doc>
<msg timestamp="20230808 19:08:22.598" level="INFO">Slept 500 milliseconds</msg>
<status status="PASS" starttime="20230808 19:08:22.097" endtime="20230808 19:08:22.598"/>
</kw>
<status status="PASS" starttime="20230808 19:08:21.922" endtime="20230808 19:08:22.599"/>
</kw>
<kw name="Sleep" library="BuiltIn">
<arg>10s</arg>
<doc>Pauses the test executed for the given time.</doc>
<msg timestamp="20230808 19:08:32.600" level="INFO">Slept 10 seconds</msg>
<status status="PASS" starttime="20230808 19:08:22.599" endtime="20230808 19:08:32.600"/>
</kw>
<status status="PASS" starttime="20230808 19:08:21.911" endtime="20230808 19:08:32.600"/>
</branch>
<status status="PASS" starttime="20230808 19:08:21.910" endtime="20230808 19:08:32.600"/>
</if>
<status status="PASS" starttime="20230808 19:08:14.649" endtime="20230808 19:08:32.600"/>
</iter>
<iter>
<var name="${1}">1</var>
<kw name="Get Element Count is Visible" library="RES_UTIL">
<var>${row_count}</var>
<arg>xpath=//*[@id="aazone.worklist"]/form/table/tbody/tr[2]/td/table/tbody/tr[2]/td/table/tbody/tr/td/table/tbody/tr</arg>
<doc>Busca o elemento passado como argumento e retorna um INT (com a quantidade de vezes que o elemento aparece) na variável Return_ELEMENT
| =Arguments= | =Description= |
| ``ELEMENT`` | Variavel do Elemento HTML ou XPath. |</doc>
<kw name="Sleep" library="BuiltIn">
<arg>3s</arg>
<doc>Pauses the test executed for the given time.</doc>
<msg timestamp="20230808 19:08:35.601" level="INFO">Slept 3 seconds</msg>
<status status="PASS" starttime="20230808 19:08:32.601" endtime="20230808 19:08:35.601"/>
</kw>
<kw name="Get Element Count" library="Browser">
<var>${Return_ELEMENT}</var>
<arg>${ELEMENT}</arg>
<tag>Assertion</tag>
<tag>Getter</tag>
<tag>PageContent</tag>
<doc>Returns the count of elements found with ``selector``.</doc>
<msg timestamp="20230808 19:08:35.605" level="INFO">${Return_ELEMENT} = 0</msg>
<status status="PASS" starttime="20230808 19:08:35.601" endtime="20230808 19:08:35.605"/>
</kw>
<kw name="Highlight Elements" library="Browser">
<arg>${ELEMENT}</arg>
<arg>duration=100ms</arg>
<arg>width=4px</arg>
<arg>color=\#dd00dd</arg>
<arg>style=solid</arg>
<tag>PageContent</tag>
<tag>Setter</tag>
<doc>Adds a highlight to elements matched by the ``selector``. Provides a style adjustment.</doc>
<msg timestamp="20230808 19:08:35.612" level="INFO">Could not find elements to highlight.</msg>
<status status="PASS" starttime="20230808 19:08:35.606" endtime="20230808 19:08:35.612"/>
</kw>
<kw name="Take Screenshot" library="Browser">
<arg>filename={index}</arg>
<arg>quality=100</arg>
<arg>fileType=jpeg</arg>
<arg>timeout=${TIMEOUT}</arg>
<tag>PageContent</tag>
<doc>Takes a screenshot of the current window or element and saves it to disk.</doc>
<msg timestamp="20230808 19:08:35.681" level="INFO" html="true">&lt;/td&gt;&lt;/tr&gt;&lt;tr&gt;&lt;td colspan="3"&gt;&lt;a href="browser/screenshot/11.jpeg" target="_blank"&gt;&lt;img src="browser/screenshot/11.jpeg" width="800px"/&gt;&lt;/a&gt;</msg>
<status status="PASS" starttime="20230808 19:08:35.612" endtime="20230808 19:08:35.681"/>
</kw>
<kw name="Sleep" library="BuiltIn">
<arg>0.5</arg>
<doc>Pauses the test executed for the given time.</doc>
<msg timestamp="20230808 19:08:36.183" level="INFO">Slept 500 milliseconds</msg>
<status status="PASS" starttime="20230808 19:08:35.682" endtime="20230808 19:08:36.183"/>
</kw>
<msg timestamp="20230808 19:08:36.183" level="INFO">${row_count} = 0</msg>
<status status="PASS" starttime="20230808 19:08:32.600" endtime="20230808 19:08:36.183"/>
</kw>
<kw name="Set Variable" library="BuiltIn">
<var>${row}</var>
<arg>1</arg>
<doc>Returns the given values which can then be assigned to a variables.</doc>
<msg timestamp="20230808 19:08:36.184" level="INFO">${row} = 1</msg>
<status status="PASS" starttime="20230808 19:08:36.184" endtime="20230808 19:08:36.184"/>
</kw>
<kw name="Get Table Cell Element" library="Browser">
<var>${ordemState}</var>
<arg>//html/body/table/tbody/tr[1]/td/div[4]/div/form/table/tbody/tr/td/table/tbody/tr[2]/td/table/tbody/tr/td/table</arg>
<arg>"Order State"</arg>
<arg>${row}</arg>
<tag>Getter</tag>
<tag>PageContent</tag>
<doc>Returns the Web Element that has the same column index and same row index as the selected elements.</doc>
<msg timestamp="20230808 19:08:36.193" level="INFO">JavaScript executed successfully.</msg>
<msg timestamp="20230808 19:08:36.208" level="INFO">Locator found successfully.</msg>
<msg timestamp="20230808 19:08:36.208" level="INFO">${ordemState} = //html/body/table/tbody/tr[1]/td/div[4]/div/form/table/tbody/tr/td/table/tbody/tr[2]/td/table/tbody/tr/td/table &gt;&gt; tr &gt;&gt; nth=1 &gt;&gt; &gt; * &gt;&gt; nth=12</msg>
<status status="PASS" starttime="20230808 19:08:36.184" endtime="20230808 19:08:36.209"/>
</kw>
<kw name="Get Text Element is Visible" library="RES_UTIL">
<var>${value}</var>
<arg>${ordemState}</arg>
<doc>Busca o elemento passado como argumento e retorna a STR na variável Return_ELEMENT
| =Arguments= | =Description= |
| ``ELEMENT`` | Variavel do Elemento HTML ou XPath. |</doc>
<kw name="Sleep" library="BuiltIn">
<arg>3s</arg>
<doc>Pauses the test executed for the given time.</doc>
<msg timestamp="20230808 19:08:39.211" level="INFO">Slept 3 seconds</msg>
<status status="PASS" starttime="20230808 19:08:36.210" endtime="20230808 19:08:39.211"/>
</kw>
<kw name="Get Text" library="Browser">
<var>${Return_ELEMENT}</var>
<arg>${ELEMENT}</arg>
<tag>Assertion</tag>
<tag>Getter</tag>
<tag>PageContent</tag>
<doc>Returns text attribute of the element found by ``selector``.</doc>
<msg timestamp="20230808 19:08:39.225" level="INFO">Text: 'In Progress'</msg>
<msg timestamp="20230808 19:08:39.225" level="INFO">${Return_ELEMENT} = In Progress</msg>
<status status="PASS" starttime="20230808 19:08:39.211" endtime="20230808 19:08:39.225"/>
</kw>
<kw name="Highlight Elements" library="Browser">
<arg>${ELEMENT}</arg>
<arg>duration=100ms</arg>
<arg>width=4px</arg>
<arg>color=\#dd00dd</arg>
<arg>style=solid</arg>
<tag>PageContent</tag>
<tag>Setter</tag>
<doc>Adds a highlight to elements matched by the ``selector``. Provides a style adjustment.</doc>
<msg timestamp="20230808 19:08:39.235" level="INFO">Highlighted 1 elements for 100.</msg>
<status status="PASS" starttime="20230808 19:08:39.226" endtime="20230808 19:08:39.235"/>
</kw>
<kw name="Take Screenshot" library="Browser">
<arg>filename={index}</arg>
<arg>quality=100</arg>
<arg>fileType=jpeg</arg>
<arg>timeout=${TIMEOUT}</arg>
<tag>PageContent</tag>
<doc>Takes a screenshot of the current window or element and saves it to disk.</doc>
<msg timestamp="20230808 19:08:39.307" level="INFO" html="true">&lt;/td&gt;&lt;/tr&gt;&lt;tr&gt;&lt;td colspan="3"&gt;&lt;a href="browser/screenshot/12.jpeg" target="_blank"&gt;&lt;img src="browser/screenshot/12.jpeg" width="800px"/&gt;&lt;/a&gt;</msg>
<status status="PASS" starttime="20230808 19:08:39.235" endtime="20230808 19:08:39.307"/>
</kw>
<kw name="Sleep" library="BuiltIn">
<arg>0.5</arg>
<doc>Pauses the test executed for the given time.</doc>
<msg timestamp="20230808 19:08:39.808" level="INFO">Slept 500 milliseconds</msg>
<status status="PASS" starttime="20230808 19:08:39.308" endtime="20230808 19:08:39.808"/>
</kw>
<msg timestamp="20230808 19:08:39.809" level="INFO">${value} = In Progress</msg>
<status status="PASS" starttime="20230808 19:08:36.209" endtime="20230808 19:08:39.809"/>
</kw>
<if>
<branch type="IF" condition="&quot;${value}&quot; == &quot;Completed&quot;">
<kw name="Log To Console" library="BuiltIn">
<arg>Estado da Ordem está completa</arg>
<doc>Logs the given message to the console.</doc>
<status status="NOT RUN" starttime="20230808 19:08:39.809" endtime="20230808 19:08:39.809"/>
</kw>
<kw name="Exit For Loop" library="BuiltIn">
<doc>Stops executing the enclosing FOR loop.</doc>
<status status="NOT RUN" starttime="20230808 19:08:39.809" endtime="20230808 19:08:39.809"/>
</kw>
<status status="NOT RUN" starttime="20230808 19:08:39.809" endtime="20230808 19:08:39.810"/>
</branch>
<branch type="ELSE">
<kw name="Click Web Element Is Visible" library="RES_UTIL">
<arg>${SOM_btn_refresh}</arg>
<doc>Função que clica com o botão do mouse num elemento da tela.
| =Arguments= | =Description= |
| ``ELEMENT`` | Variavel do Elemento HTML ou XPath. |
Abaixo alguns exemplos de como usar a função, seja como uma variavel ou com o xpath:
| ${btn_login} //input[contains(@id,'Login')]
| Click Web Element Is Visible ${btn_login}
Biblioteca ultilizada: [https://marketsquare.github.io/robotframework-browser/Browser.html#Fill%20Text|Browser &gt;&gt;]</doc>
<kw name="Wait For Elements State" library="Browser">
<arg>${ELEMENT}</arg>
<arg>Visible</arg>
<arg>timeout=${TIMEOUT}</arg>
<tag>PageContent</tag>
<tag>Wait</tag>
<doc>Waits for the element found by ``selector`` to satisfy state option.</doc>
<msg timestamp="20230808 19:08:39.822" level="INFO">Waited for Element with selector //input[@value='Refresh'] at state visible</msg>
<status status="PASS" starttime="20230808 19:08:39.815" endtime="20230808 19:08:39.822"/>
</kw>
<kw name="Highlight Elements" library="Browser">
<arg>${ELEMENT}</arg>
<arg>duration=100ms</arg>
<arg>width=4px</arg>
<arg>color=\#dd00dd</arg>
<arg>style=solid</arg>
<tag>PageContent</tag>
<tag>Setter</tag>
<doc>Adds a highlight to elements matched by the ``selector``. Provides a style adjustment.</doc>
<msg timestamp="20230808 19:08:39.829" level="INFO">Highlighted 1 elements for 100.</msg>
<status status="PASS" starttime="20230808 19:08:39.822" endtime="20230808 19:08:39.829"/>
</kw>
<kw name="Take Screenshot" library="Browser">
<arg>filename={index}</arg>
<arg>quality=100</arg>
<arg>fileType=jpeg</arg>
<arg>timeout=${TIMEOUT}</arg>
<tag>PageContent</tag>
<doc>Takes a screenshot of the current window or element and saves it to disk.</doc>
<msg timestamp="20230808 19:08:39.894" level="INFO" html="true">&lt;/td&gt;&lt;/tr&gt;&lt;tr&gt;&lt;td colspan="3"&gt;&lt;a href="browser/screenshot/13.jpeg" target="_blank"&gt;&lt;img src="browser/screenshot/13.jpeg" width="800px"/&gt;&lt;/a&gt;</msg>
<status status="PASS" starttime="20230808 19:08:39.829" endtime="20230808 19:08:39.894"/>
</kw>
<kw name="Click" library="Browser">
<arg>${ELEMENT}</arg>
<tag>PageContent</tag>
<tag>Setter</tag>
<doc>Simulates mouse click on the element found by ``selector``.</doc>
<status status="PASS" starttime="20230808 19:08:39.894" endtime="20230808 19:08:39.966"/>
</kw>
<kw name="Sleep" library="BuiltIn">
<arg>0.5</arg>
<doc>Pauses the test executed for the given time.</doc>
<msg timestamp="20230808 19:08:40.467" level="INFO">Slept 500 milliseconds</msg>
<status status="PASS" starttime="20230808 19:08:39.966" endtime="20230808 19:08:40.467"/>
</kw>
<status status="PASS" starttime="20230808 19:08:39.815" endtime="20230808 19:08:40.467"/>
</kw>
<kw name="Sleep" library="BuiltIn">
<arg>10s</arg>
<doc>Pauses the test executed for the given time.</doc>
<msg timestamp="20230808 19:08:50.468" level="INFO">Slept 10 seconds</msg>
<status status="PASS" starttime="20230808 19:08:40.468" endtime="20230808 19:08:50.468"/>
</kw>
<status status="PASS" starttime="20230808 19:08:39.810" endtime="20230808 19:08:50.469"/>
</branch>
<status status="PASS" starttime="20230808 19:08:39.809" endtime="20230808 19:08:50.469"/>
</if>
<status status="PASS" starttime="20230808 19:08:32.600" endtime="20230808 19:08:50.469"/>
</iter>
<iter>
<var name="${1}">2</var>
<kw name="Get Element Count is Visible" library="RES_UTIL">
<var>${row_count}</var>
<arg>xpath=//*[@id="aazone.worklist"]/form/table/tbody/tr[2]/td/table/tbody/tr[2]/td/table/tbody/tr/td/table/tbody/tr</arg>
<doc>Busca o elemento passado como argumento e retorna um INT (com a quantidade de vezes que o elemento aparece) na variável Return_ELEMENT
| =Arguments= | =Description= |
| ``ELEMENT`` | Variavel do Elemento HTML ou XPath. |</doc>
<kw name="Sleep" library="BuiltIn">
<arg>3s</arg>
<doc>Pauses the test executed for the given time.</doc>
<msg timestamp="20230808 19:08:53.470" level="INFO">Slept 3 seconds</msg>
<status status="PASS" starttime="20230808 19:08:50.469" endtime="20230808 19:08:53.470"/>
</kw>
<kw name="Get Element Count" library="Browser">
<var>${Return_ELEMENT}</var>
<arg>${ELEMENT}</arg>
<tag>Assertion</tag>
<tag>Getter</tag>
<tag>PageContent</tag>
<doc>Returns the count of elements found with ``selector``.</doc>
<msg timestamp="20230808 19:08:53.475" level="INFO">${Return_ELEMENT} = 0</msg>
<status status="PASS" starttime="20230808 19:08:53.470" endtime="20230808 19:08:53.475"/>
</kw>
<kw name="Highlight Elements" library="Browser">
<arg>${ELEMENT}</arg>
<arg>duration=100ms</arg>
<arg>width=4px</arg>
<arg>color=\#dd00dd</arg>
<arg>style=solid</arg>
<tag>PageContent</tag>
<tag>Setter</tag>
<doc>Adds a highlight to elements matched by the ``selector``. Provides a style adjustment.</doc>
<msg timestamp="20230808 19:08:53.484" level="INFO">Could not find elements to highlight.</msg>
<status status="PASS" starttime="20230808 19:08:53.476" endtime="20230808 19:08:53.484"/>
</kw>
<kw name="Take Screenshot" library="Browser">
<arg>filename={index}</arg>
<arg>quality=100</arg>
<arg>fileType=jpeg</arg>
<arg>timeout=${TIMEOUT}</arg>
<tag>PageContent</tag>
<doc>Takes a screenshot of the current window or element and saves it to disk.</doc>
<msg timestamp="20230808 19:08:53.564" level="INFO" html="true">&lt;/td&gt;&lt;/tr&gt;&lt;tr&gt;&lt;td colspan="3"&gt;&lt;a href="browser/screenshot/14.jpeg" target="_blank"&gt;&lt;img src="browser/screenshot/14.jpeg" width="800px"/&gt;&lt;/a&gt;</msg>
<status status="PASS" starttime="20230808 19:08:53.485" endtime="20230808 19:08:53.564"/>
</kw>
<kw name="Sleep" library="BuiltIn">
<arg>0.5</arg>
<doc>Pauses the test executed for the given time.</doc>
<msg timestamp="20230808 19:08:54.066" level="INFO">Slept 500 milliseconds</msg>
<status status="PASS" starttime="20230808 19:08:53.565" endtime="20230808 19:08:54.066"/>
</kw>
<msg timestamp="20230808 19:08:54.066" level="INFO">${row_count} = 0</msg>
<status status="PASS" starttime="20230808 19:08:50.469" endtime="20230808 19:08:54.066"/>
</kw>
<kw name="Set Variable" library="BuiltIn">
<var>${row}</var>
<arg>1</arg>
<doc>Returns the given values which can then be assigned to a variables.</doc>
<msg timestamp="20230808 19:08:54.067" level="INFO">${row} = 1</msg>
<status status="PASS" starttime="20230808 19:08:54.066" endtime="20230808 19:08:54.067"/>
</kw>
<kw name="Get Table Cell Element" library="Browser">
<var>${ordemState}</var>
<arg>//html/body/table/tbody/tr[1]/td/div[4]/div/form/table/tbody/tr/td/table/tbody/tr[2]/td/table/tbody/tr/td/table</arg>
<arg>"Order State"</arg>
<arg>${row}</arg>
<tag>Getter</tag>
<tag>PageContent</tag>
<doc>Returns the Web Element that has the same column index and same row index as the selected elements.</doc>
<msg timestamp="20230808 19:08:54.076" level="INFO">JavaScript executed successfully.</msg>
<msg timestamp="20230808 19:08:54.092" level="INFO">Locator found successfully.</msg>
<msg timestamp="20230808 19:08:54.093" level="INFO">${ordemState} = //html/body/table/tbody/tr[1]/td/div[4]/div/form/table/tbody/tr/td/table/tbody/tr[2]/td/table/tbody/tr/td/table &gt;&gt; tr &gt;&gt; nth=1 &gt;&gt; &gt; * &gt;&gt; nth=12</msg>
<status status="PASS" starttime="20230808 19:08:54.067" endtime="20230808 19:08:54.093"/>
</kw>
<kw name="Get Text Element is Visible" library="RES_UTIL">
<var>${value}</var>
<arg>${ordemState}</arg>
<doc>Busca o elemento passado como argumento e retorna a STR na variável Return_ELEMENT
| =Arguments= | =Description= |
| ``ELEMENT`` | Variavel do Elemento HTML ou XPath. |</doc>
<kw name="Sleep" library="BuiltIn">
<arg>3s</arg>
<doc>Pauses the test executed for the given time.</doc>
<msg timestamp="20230808 19:08:57.094" level="INFO">Slept 3 seconds</msg>
<status status="PASS" starttime="20230808 19:08:54.093" endtime="20230808 19:08:57.094"/>
</kw>
<kw name="Get Text" library="Browser">
<var>${Return_ELEMENT}</var>
<arg>${ELEMENT}</arg>
<tag>Assertion</tag>
<tag>Getter</tag>
<tag>PageContent</tag>
<doc>Returns text attribute of the element found by ``selector``.</doc>
<msg timestamp="20230808 19:08:57.110" level="INFO">Text: 'In Progress'</msg>
<msg timestamp="20230808 19:08:57.110" level="INFO">${Return_ELEMENT} = In Progress</msg>
<status status="PASS" starttime="20230808 19:08:57.094" endtime="20230808 19:08:57.110"/>
</kw>
<kw name="Highlight Elements" library="Browser">
<arg>${ELEMENT}</arg>
<arg>duration=100ms</arg>
<arg>width=4px</arg>
<arg>color=\#dd00dd</arg>
<arg>style=solid</arg>
<tag>PageContent</tag>
<tag>Setter</tag>
<doc>Adds a highlight to elements matched by the ``selector``. Provides a style adjustment.</doc>
<msg timestamp="20230808 19:08:57.118" level="INFO">Highlighted 1 elements for 100.</msg>
<status status="PASS" starttime="20230808 19:08:57.110" endtime="20230808 19:08:57.118"/>
</kw>
<kw name="Take Screenshot" library="Browser">
<arg>filename={index}</arg>
<arg>quality=100</arg>
<arg>fileType=jpeg</arg>
<arg>timeout=${TIMEOUT}</arg>
<tag>PageContent</tag>
<doc>Takes a screenshot of the current window or element and saves it to disk.</doc>
<msg timestamp="20230808 19:08:57.178" level="INFO" html="true">&lt;/td&gt;&lt;/tr&gt;&lt;tr&gt;&lt;td colspan="3"&gt;&lt;a href="browser/screenshot/15.jpeg" target="_blank"&gt;&lt;img src="browser/screenshot/15.jpeg" width="800px"/&gt;&lt;/a&gt;</msg>
<status status="PASS" starttime="20230808 19:08:57.119" endtime="20230808 19:08:57.178"/>
</kw>
<kw name="Sleep" library="BuiltIn">
<arg>0.5</arg>
<doc>Pauses the test executed for the given time.</doc>
<msg timestamp="20230808 19:08:57.678" level="INFO">Slept 500 milliseconds</msg>
<status status="PASS" starttime="20230808 19:08:57.178" endtime="20230808 19:08:57.678"/>
</kw>
<msg timestamp="20230808 19:08:57.679" level="INFO">${value} = In Progress</msg>
<status status="PASS" starttime="20230808 19:08:54.093" endtime="20230808 19:08:57.679"/>
</kw>
<if>
<branch type="IF" condition="&quot;${value}&quot; == &quot;Completed&quot;">
<kw name="Log To Console" library="BuiltIn">
<arg>Estado da Ordem está completa</arg>
<doc>Logs the given message to the console.</doc>
<status status="NOT RUN" starttime="20230808 19:08:57.679" endtime="20230808 19:08:57.680"/>
</kw>
<kw name="Exit For Loop" library="BuiltIn">
<doc>Stops executing the enclosing FOR loop.</doc>
<status status="NOT RUN" starttime="20230808 19:08:57.680" endtime="20230808 19:08:57.680"/>
</kw>
<status status="NOT RUN" starttime="20230808 19:08:57.679" endtime="20230808 19:08:57.680"/>
</branch>
<branch type="ELSE">
<kw name="Click Web Element Is Visible" library="RES_UTIL">
<arg>${SOM_btn_refresh}</arg>
<doc>Função que clica com o botão do mouse num elemento da tela.
| =Arguments= | =Description= |
| ``ELEMENT`` | Variavel do Elemento HTML ou XPath. |
Abaixo alguns exemplos de como usar a função, seja como uma variavel ou com o xpath:
| ${btn_login} //input[contains(@id,'Login')]
| Click Web Element Is Visible ${btn_login}
Biblioteca ultilizada: [https://marketsquare.github.io/robotframework-browser/Browser.html#Fill%20Text|Browser &gt;&gt;]</doc>
<kw name="Wait For Elements State" library="Browser">
<arg>${ELEMENT}</arg>
<arg>Visible</arg>
<arg>timeout=${TIMEOUT}</arg>
<tag>PageContent</tag>
<tag>Wait</tag>
<doc>Waits for the element found by ``selector`` to satisfy state option.</doc>
<msg timestamp="20230808 19:08:57.695" level="INFO">Waited for Element with selector //input[@value='Refresh'] at state visible</msg>
<status status="PASS" starttime="20230808 19:08:57.688" endtime="20230808 19:08:57.695"/>
</kw>
<kw name="Highlight Elements" library="Browser">
<arg>${ELEMENT}</arg>
<arg>duration=100ms</arg>
<arg>width=4px</arg>
<arg>color=\#dd00dd</arg>
<arg>style=solid</arg>
<tag>PageContent</tag>
<tag>Setter</tag>
<doc>Adds a highlight to elements matched by the ``selector``. Provides a style adjustment.</doc>
<msg timestamp="20230808 19:08:57.704" level="INFO">Highlighted 1 elements for 100.</msg>
<status status="PASS" starttime="20230808 19:08:57.695" endtime="20230808 19:08:57.704"/>
</kw>
<kw name="Take Screenshot" library="Browser">
<arg>filename={index}</arg>
<arg>quality=100</arg>
<arg>fileType=jpeg</arg>
<arg>timeout=${TIMEOUT}</arg>
<tag>PageContent</tag>
<doc>Takes a screenshot of the current window or element and saves it to disk.</doc>
<msg timestamp="20230808 19:08:57.781" level="INFO" html="true">&lt;/td&gt;&lt;/tr&gt;&lt;tr&gt;&lt;td colspan="3"&gt;&lt;a href="browser/screenshot/16.jpeg" target="_blank"&gt;&lt;img src="browser/screenshot/16.jpeg" width="800px"/&gt;&lt;/a&gt;</msg>
<status status="PASS" starttime="20230808 19:08:57.705" endtime="20230808 19:08:57.781"/>
</kw>
<kw name="Click" library="Browser">
<arg>${ELEMENT}</arg>
<tag>PageContent</tag>
<tag>Setter</tag>
<doc>Simulates mouse click on the element found by ``selector``.</doc>
<status status="PASS" starttime="20230808 19:08:57.781" endtime="20230808 19:08:57.821"/>
</kw>
<kw name="Sleep" library="BuiltIn">
<arg>0.5</arg>
<doc>Pauses the test executed for the given time.</doc>
<msg timestamp="20230808 19:08:58.322" level="INFO">Slept 500 milliseconds</msg>
<status status="PASS" starttime="20230808 19:08:57.822" endtime="20230808 19:08:58.322"/>
</kw>
<status status="PASS" starttime="20230808 19:08:57.687" endtime="20230808 19:08:58.323"/>
</kw>
<kw name="Sleep" library="BuiltIn">
<arg>10s</arg>
<doc>Pauses the test executed for the given time.</doc>
<msg timestamp="20230808 19:09:08.325" level="INFO">Slept 10 seconds</msg>
<status status="PASS" starttime="20230808 19:08:58.324" endtime="20230808 19:09:08.325"/>
</kw>
<status status="PASS" starttime="20230808 19:08:57.680" endtime="20230808 19:09:08.325"/>
</branch>
<status status="PASS" starttime="20230808 19:08:57.679" endtime="20230808 19:09:08.325"/>
</if>
<status status="PASS" starttime="20230808 19:08:50.469" endtime="20230808 19:09:08.325"/>
</iter>
<iter>
<var name="${1}">3</var>
<kw name="Get Element Count is Visible" library="RES_UTIL">
<var>${row_count}</var>
<arg>xpath=//*[@id="aazone.worklist"]/form/table/tbody/tr[2]/td/table/tbody/tr[2]/td/table/tbody/tr/td/table/tbody/tr</arg>
<doc>Busca o elemento passado como argumento e retorna um INT (com a quantidade de vezes que o elemento aparece) na variável Return_ELEMENT
| =Arguments= | =Description= |
| ``ELEMENT`` | Variavel do Elemento HTML ou XPath. |</doc>
<kw name="Sleep" library="BuiltIn">
<arg>3s</arg>
<doc>Pauses the test executed for the given time.</doc>
<msg timestamp="20230808 19:09:11.326" level="INFO">Slept 3 seconds</msg>
<status status="PASS" starttime="20230808 19:09:08.326" endtime="20230808 19:09:11.326"/>
</kw>
<kw name="Get Element Count" library="Browser">
<var>${Return_ELEMENT}</var>
<arg>${ELEMENT}</arg>
<tag>Assertion</tag>
<tag>Getter</tag>
<tag>PageContent</tag>
<doc>Returns the count of elements found with ``selector``.</doc>
<msg timestamp="20230808 19:09:11.331" level="INFO">${Return_ELEMENT} = 0</msg>
<status status="PASS" starttime="20230808 19:09:11.327" endtime="20230808 19:09:11.331"/>
</kw>
<kw name="Highlight Elements" library="Browser">
<arg>${ELEMENT}</arg>
<arg>duration=100ms</arg>
<arg>width=4px</arg>
<arg>color=\#dd00dd</arg>
<arg>style=solid</arg>
<tag>PageContent</tag>
<tag>Setter</tag>
<doc>Adds a highlight to elements matched by the ``selector``. Provides a style adjustment.</doc>
<msg timestamp="20230808 19:09:11.340" level="INFO">Could not find elements to highlight.</msg>
<status status="PASS" starttime="20230808 19:09:11.332" endtime="20230808 19:09:11.341"/>
</kw>
<kw name="Take Screenshot" library="Browser">
<arg>filename={index}</arg>
<arg>quality=100</arg>
<arg>fileType=jpeg</arg>
<arg>timeout=${TIMEOUT}</arg>
<tag>PageContent</tag>
<doc>Takes a screenshot of the current window or element and saves it to disk.</doc>
<msg timestamp="20230808 19:09:11.412" level="INFO" html="true">&lt;/td&gt;&lt;/tr&gt;&lt;tr&gt;&lt;td colspan="3"&gt;&lt;a href="browser/screenshot/17.jpeg" target="_blank"&gt;&lt;img src="browser/screenshot/17.jpeg" width="800px"/&gt;&lt;/a&gt;</msg>
<status status="PASS" starttime="20230808 19:09:11.341" endtime="20230808 19:09:11.413"/>
</kw>
<kw name="Sleep" library="BuiltIn">
<arg>0.5</arg>
<doc>Pauses the test executed for the given time.</doc>
<msg timestamp="20230808 19:09:11.914" level="INFO">Slept 500 milliseconds</msg>
<status status="PASS" starttime="20230808 19:09:11.413" endtime="20230808 19:09:11.914"/>
</kw>
<msg timestamp="20230808 19:09:11.914" level="INFO">${row_count} = 0</msg>
<status status="PASS" starttime="20230808 19:09:08.326" endtime="20230808 19:09:11.914"/>
</kw>
<kw name="Set Variable" library="BuiltIn">
<var>${row}</var>
<arg>1</arg>
<doc>Returns the given values which can then be assigned to a variables.</doc>
<msg timestamp="20230808 19:09:11.915" level="INFO">${row} = 1</msg>
<status status="PASS" starttime="20230808 19:09:11.914" endtime="20230808 19:09:11.915"/>
</kw>
<kw name="Get Table Cell Element" library="Browser">
<var>${ordemState}</var>
<arg>//html/body/table/tbody/tr[1]/td/div[4]/div/form/table/tbody/tr/td/table/tbody/tr[2]/td/table/tbody/tr/td/table</arg>
<arg>"Order State"</arg>
<arg>${row}</arg>
<tag>Getter</tag>
<tag>PageContent</tag>
<doc>Returns the Web Element that has the same column index and same row index as the selected elements.</doc>
<msg timestamp="20230808 19:09:11.926" level="INFO">JavaScript executed successfully.</msg>
<msg timestamp="20230808 19:09:11.946" level="INFO">Locator found successfully.</msg>
<msg timestamp="20230808 19:09:11.946" level="INFO">${ordemState} = //html/body/table/tbody/tr[1]/td/div[4]/div/form/table/tbody/tr/td/table/tbody/tr[2]/td/table/tbody/tr/td/table &gt;&gt; tr &gt;&gt; nth=1 &gt;&gt; &gt; * &gt;&gt; nth=12</msg>
<status status="PASS" starttime="20230808 19:09:11.915" endtime="20230808 19:09:11.946"/>
</kw>
<kw name="Get Text Element is Visible" library="RES_UTIL">
<var>${value}</var>
<arg>${ordemState}</arg>
<doc>Busca o elemento passado como argumento e retorna a STR na variável Return_ELEMENT
| =Arguments= | =Description= |
| ``ELEMENT`` | Variavel do Elemento HTML ou XPath. |</doc>
<kw name="Sleep" library="BuiltIn">
<arg>3s</arg>
<doc>Pauses the test executed for the given time.</doc>
<msg timestamp="20230808 19:09:14.947" level="INFO">Slept 3 seconds</msg>
<status status="PASS" starttime="20230808 19:09:11.947" endtime="20230808 19:09:14.948"/>
</kw>
<kw name="Get Text" library="Browser">
<var>${Return_ELEMENT}</var>
<arg>${ELEMENT}</arg>
<tag>Assertion</tag>
<tag>Getter</tag>
<tag>PageContent</tag>
<doc>Returns text attribute of the element found by ``selector``.</doc>
<msg timestamp="20230808 19:09:14.973" level="INFO">Text: 'In Progress'</msg>
<msg timestamp="20230808 19:09:14.973" level="INFO">${Return_ELEMENT} = In Progress</msg>
<status status="PASS" starttime="20230808 19:09:14.948" endtime="20230808 19:09:14.973"/>
</kw>
<kw name="Highlight Elements" library="Browser">
<arg>${ELEMENT}</arg>
<arg>duration=100ms</arg>
<arg>width=4px</arg>
<arg>color=\#dd00dd</arg>
<arg>style=solid</arg>
<tag>PageContent</tag>
<tag>Setter</tag>
<doc>Adds a highlight to elements matched by the ``selector``. Provides a style adjustment.</doc>
<msg timestamp="20230808 19:09:14.986" level="INFO">Highlighted 1 elements for 100.</msg>
<status status="PASS" starttime="20230808 19:09:14.973" endtime="20230808 19:09:14.986"/>
</kw>
<kw name="Take Screenshot" library="Browser">
<arg>filename={index}</arg>
<arg>quality=100</arg>
<arg>fileType=jpeg</arg>
<arg>timeout=${TIMEOUT}</arg>
<tag>PageContent</tag>
<doc>Takes a screenshot of the current window or element and saves it to disk.</doc>
<msg timestamp="20230808 19:09:15.077" level="INFO" html="true">&lt;/td&gt;&lt;/tr&gt;&lt;tr&gt;&lt;td colspan="3"&gt;&lt;a href="browser/screenshot/18.jpeg" target="_blank"&gt;&lt;img src="browser/screenshot/18.jpeg" width="800px"/&gt;&lt;/a&gt;</msg>
<status status="PASS" starttime="20230808 19:09:14.987" endtime="20230808 19:09:15.077"/>
</kw>
<kw name="Sleep" library="BuiltIn">
<arg>0.5</arg>
<doc>Pauses the test executed for the given time.</doc>
<msg timestamp="20230808 19:09:15.578" level="INFO">Slept 500 milliseconds</msg>
[...]
| =Arguments= | =Description= |
| ``ELEMENT`` | Variavel do Elemento HTML ou XPath. |
Abaixo alguns exemplos de como usar a função, seja como uma variavel ou com o xpath:
| ${btn_login} //input[contains(@id,'Login')]
| Click Web Element Is Visible ${btn_login}
Biblioteca ultilizada: [https://marketsquare.github.io/robotframework-browser/Browser.html#Fill%20Text|Browser &gt;&gt;]</doc>
<kw name="Wait For Elements State" library="Browser">
<arg>${ELEMENT}</arg>
<arg>Visible</arg>
<arg>timeout=${TIMEOUT}</arg>
<tag>PageContent</tag>
<tag>Wait</tag>
<doc>Waits for the element found by ``selector`` to satisfy state option.</doc>
<msg timestamp="20230808 19:10:45.151" level="INFO">Waited for Element with selector //input[@value='Refresh'] at state visible</msg>
<status status="PASS" starttime="20230808 19:10:45.146" endtime="20230808 19:10:45.151"/>
</kw>
<kw name="Highlight Elements" library="Browser">
<arg>${ELEMENT}</arg>
<arg>duration=100ms</arg>
<arg>width=4px</arg>
<arg>color=\#dd00dd</arg>
<arg>style=solid</arg>
<tag>PageContent</tag>
<tag>Setter</tag>
<doc>Adds a highlight to elements matched by the ``selector``. Provides a style adjustment.</doc>
<msg timestamp="20230808 19:10:45.160" level="INFO">Highlighted 1 elements for 100.</msg>
<status status="PASS" starttime="20230808 19:10:45.152" endtime="20230808 19:10:45.160"/>
</kw>
<kw name="Take Screenshot" library="Browser">
<arg>filename={index}</arg>
<arg>quality=100</arg>
<arg>fileType=jpeg</arg>
<arg>timeout=${TIMEOUT}</arg>
<tag>PageContent</tag>
<doc>Takes a screenshot of the current window or element and saves it to disk.</doc>
<msg timestamp="20230808 19:10:45.226" level="INFO" html="true">&lt;/td&gt;&lt;/tr&gt;&lt;tr&gt;&lt;td colspan="3"&gt;&lt;a href="browser/screenshot/34.jpeg" target="_blank"&gt;&lt;img src="browser/screenshot/34.jpeg" width="800px"/&gt;&lt;/a&gt;</msg>
<status status="PASS" starttime="20230808 19:10:45.161" endtime="20230808 19:10:45.226"/>
</kw>
<kw name="Click" library="Browser">
<arg>${ELEMENT}</arg>
<tag>PageContent</tag>
<tag>Setter</tag>
<doc>Simulates mouse click on the element found by ``selector``.</doc>
<status status="PASS" starttime="20230808 19:10:45.226" endtime="20230808 19:10:45.295"/>
</kw>
<kw name="Sleep" library="BuiltIn">
<arg>0.5</arg>
<doc>Pauses the test executed for the given time.</doc>
<msg timestamp="20230808 19:10:45.796" level="INFO">Slept 500 milliseconds</msg>
<status status="PASS" starttime="20230808 19:10:45.295" endtime="20230808 19:10:45.796"/>
</kw>
<status status="PASS" starttime="20230808 19:10:45.146" endtime="20230808 19:10:45.797"/>
</kw>
<kw name="Sleep" library="BuiltIn">
<arg>10s</arg>
<doc>Pauses the test executed for the given time.</doc>
<msg timestamp="20230808 19:10:55.798" level="INFO">Slept 10 seconds</msg>
<status status="PASS" starttime="20230808 19:10:45.797" endtime="20230808 19:10:55.798"/>
</kw>
<status status="PASS" starttime="20230808 19:10:45.139" endtime="20230808 19:10:55.798"/>
</branch>
<status status="PASS" starttime="20230808 19:10:45.139" endtime="20230808 19:10:55.798"/>
</if>
<status status="PASS" starttime="20230808 19:10:37.947" endtime="20230808 19:10:55.798"/>
</iter>
<iter>
<var name="${1}">9</var>
<kw name="Get Element Count is Visible" library="RES_UTIL">
<var>${row_count}</var>
<arg>xpath=//*[@id="aazone.worklist"]/form/table/tbody/tr[2]/td/table/tbody/tr[2]/td/table/tbody/tr/td/table/tbody/tr</arg>
<doc>Busca o elemento passado como argumento e retorna um INT (com a quantidade de vezes que o elemento aparece) na variável Return_ELEMENT
| =Arguments= | =Description= |
| ``ELEMENT`` | Variavel do Elemento HTML ou XPath. |</doc>
<kw name="Sleep" library="BuiltIn">
<arg>3s</arg>
<doc>Pauses the test executed for the given time.</doc>
<msg timestamp="20230808 19:10:58.800" level="INFO">Slept 3 seconds</msg>
<status status="PASS" starttime="20230808 19:10:55.799" endtime="20230808 19:10:58.800"/>
</kw>
<kw name="Get Element Count" library="Browser">
<var>${Return_ELEMENT}</var>
<arg>${ELEMENT}</arg>
<tag>Assertion</tag>
<tag>Getter</tag>
<tag>PageContent</tag>
<doc>Returns the count of elements found with ``selector``.</doc>
<msg timestamp="20230808 19:10:58.805" level="INFO">${Return_ELEMENT} = 0</msg>
<status status="PASS" starttime="20230808 19:10:58.800" endtime="20230808 19:10:58.805"/>
</kw>
<kw name="Highlight Elements" library="Browser">
<arg>${ELEMENT}</arg>
<arg>duration=100ms</arg>
<arg>width=4px</arg>
<arg>color=\#dd00dd</arg>
<arg>style=solid</arg>
<tag>PageContent</tag>
<tag>Setter</tag>
<doc>Adds a highlight to elements matched by the ``selector``. Provides a style adjustment.</doc>
<msg timestamp="20230808 19:10:58.815" level="INFO">Could not find elements to highlight.</msg>
<status status="PASS" starttime="20230808 19:10:58.806" endtime="20230808 19:10:58.815"/>
</kw>
<kw name="Take Screenshot" library="Browser">
<arg>filename={index}</arg>
<arg>quality=100</arg>
<arg>fileType=jpeg</arg>
<arg>timeout=${TIMEOUT}</arg>
<tag>PageContent</tag>
<doc>Takes a screenshot of the current window or element and saves it to disk.</doc>
<msg timestamp="20230808 19:10:58.895" level="INFO" html="true">&lt;/td&gt;&lt;/tr&gt;&lt;tr&gt;&lt;td colspan="3"&gt;&lt;a href="browser/screenshot/35.jpeg" target="_blank"&gt;&lt;img src="browser/screenshot/35.jpeg" width="800px"/&gt;&lt;/a&gt;</msg>
<status status="PASS" starttime="20230808 19:10:58.815" endtime="20230808 19:10:58.895"/>
</kw>
<kw name="Sleep" library="BuiltIn">
<arg>0.5</arg>
<doc>Pauses the test executed for the given time.</doc>
<msg timestamp="20230808 19:10:59.396" level="INFO">Slept 500 milliseconds</msg>
<status status="PASS" starttime="20230808 19:10:58.896" endtime="20230808 19:10:59.396"/>
</kw>
<msg timestamp="20230808 19:10:59.397" level="INFO">${row_count} = 0</msg>
<status status="PASS" starttime="20230808 19:10:55.799" endtime="20230808 19:10:59.397"/>
</kw>
<kw name="Set Variable" library="BuiltIn">
<var>${row}</var>
<arg>1</arg>
<doc>Returns the given values which can then be assigned to a variables.</doc>
<msg timestamp="20230808 19:10:59.398" level="INFO">${row} = 1</msg>
<status status="PASS" starttime="20230808 19:10:59.397" endtime="20230808 19:10:59.398"/>
</kw>
<kw name="Get Table Cell Element" library="Browser">
<var>${ordemState}</var>
<arg>//html/body/table/tbody/tr[1]/td/div[4]/div/form/table/tbody/tr/td/table/tbody/tr[2]/td/table/tbody/tr/td/table</arg>
<arg>"Order State"</arg>
<arg>${row}</arg>
<tag>Getter</tag>
<tag>PageContent</tag>
<doc>Returns the Web Element that has the same column index and same row index as the selected elements.</doc>
<msg timestamp="20230808 19:10:59.411" level="INFO">JavaScript executed successfully.</msg>
<msg timestamp="20230808 19:10:59.435" level="INFO">Locator found successfully.</msg>
<msg timestamp="20230808 19:10:59.435" level="INFO">${ordemState} = //html/body/table/tbody/tr[1]/td/div[4]/div/form/table/tbody/tr/td/table/tbody/tr[2]/td/table/tbody/tr/td/table &gt;&gt; tr &gt;&gt; nth=1 &gt;&gt; &gt; * &gt;&gt; nth=12</msg>
<status status="PASS" starttime="20230808 19:10:59.398" endtime="20230808 19:10:59.435"/>
</kw>
<kw name="Get Text Element is Visible" library="RES_UTIL">
<var>${value}</var>
<arg>${ordemState}</arg>
<doc>Busca o elemento passado como argumento e retorna a STR na variável Return_ELEMENT
| =Arguments= | =Description= |
| ``ELEMENT`` | Variavel do Elemento HTML ou XPath. |</doc>
<kw name="Sleep" library="BuiltIn">
<arg>3s</arg>
<doc>Pauses the test executed for the given time.</doc>
<msg timestamp="20230808 19:11:02.437" level="INFO">Slept 3 seconds</msg>
<status status="PASS" starttime="20230808 19:10:59.436" endtime="20230808 19:11:02.437"/>
</kw>
<kw name="Get Text" library="Browser">
<var>${Return_ELEMENT}</var>
<arg>${ELEMENT}</arg>
<tag>Assertion</tag>
<tag>Getter</tag>
<tag>PageContent</tag>
<doc>Returns text attribute of the element found by ``selector``.</doc>
<msg timestamp="20230808 19:11:02.450" level="INFO">Text: 'In Progress'</msg>
<msg timestamp="20230808 19:11:02.450" level="INFO">${Return_ELEMENT} = In Progress</msg>
<status status="PASS" starttime="20230808 19:11:02.437" endtime="20230808 19:11:02.450"/>
</kw>
<kw name="Highlight Elements" library="Browser">
<arg>${ELEMENT}</arg>
<arg>duration=100ms</arg>
<arg>width=4px</arg>
<arg>color=\#dd00dd</arg>
<arg>style=solid</arg>
<tag>PageContent</tag>
<tag>Setter</tag>
<doc>Adds a highlight to elements matched by the ``selector``. Provides a style adjustment.</doc>
<msg timestamp="20230808 19:11:02.458" level="INFO">Highlighted 1 elements for 100.</msg>
<status status="PASS" starttime="20230808 19:11:02.450" endtime="20230808 19:11:02.459"/>
</kw>
<kw name="Take Screenshot" library="Browser">
<arg>filename={index}</arg>
<arg>quality=100</arg>
<arg>fileType=jpeg</arg>
<arg>timeout=${TIMEOUT}</arg>
<tag>PageContent</tag>
<doc>Takes a screenshot of the current window or element and saves it to disk.</doc>
<msg timestamp="20230808 19:11:02.519" level="INFO" html="true">&lt;/td&gt;&lt;/tr&gt;&lt;tr&gt;&lt;td colspan="3"&gt;&lt;a href="browser/screenshot/36.jpeg" target="_blank"&gt;&lt;img src="browser/screenshot/36.jpeg" width="800px"/&gt;&lt;/a&gt;</msg>
<status status="PASS" starttime="20230808 19:11:02.459" endtime="20230808 19:11:02.519"/>
</kw>
<kw name="Sleep" library="BuiltIn">
<arg>0.5</arg>
<doc>Pauses the test executed for the given time.</doc>
<msg timestamp="20230808 19:11:03.020" level="INFO">Slept 500 milliseconds</msg>
<status status="PASS" starttime="20230808 19:11:02.520" endtime="20230808 19:11:03.020"/>
</kw>
<msg timestamp="20230808 19:11:03.021" level="INFO">${value} = In Progress</msg>
<status status="PASS" starttime="20230808 19:10:59.435" endtime="20230808 19:11:03.021"/>
</kw>
<if>
<branch type="IF" condition="&quot;${value}&quot; == &quot;Completed&quot;">
<kw name="Log To Console" library="BuiltIn">
<arg>Estado da Ordem está completa</arg>
<doc>Logs the given message to the console.</doc>
<status status="NOT RUN" starttime="20230808 19:11:03.021" endtime="20230808 19:11:03.021"/>
</kw>
<kw name="Exit For Loop" library="BuiltIn">
<doc>Stops executing the enclosing FOR loop.</doc>
<status status="NOT RUN" starttime="20230808 19:11:03.021" endtime="20230808 19:11:03.021"/>
</kw>
<status status="NOT RUN" starttime="20230808 19:11:03.021" endtime="20230808 19:11:03.021"/>
</branch>
<branch type="ELSE">
<kw name="Click Web Element Is Visible" library="RES_UTIL">
<arg>${SOM_btn_refresh}</arg>
<doc>Função que clica com o botão do mouse num elemento da tela.
| =Arguments= | =Description= |
| ``ELEMENT`` | Variavel do Elemento HTML ou XPath. |
Abaixo alguns exemplos de como usar a função, seja como uma variavel ou com o xpath:
| ${btn_login} //input[contains(@id,'Login')]
| Click Web Element Is Visible ${btn_login}
Biblioteca ultilizada: [https://marketsquare.github.io/robotframework-browser/Browser.html#Fill%20Text|Browser &gt;&gt;]</doc>
<kw name="Wait For Elements State" library="Browser">
<arg>${ELEMENT}</arg>
<arg>Visible</arg>
<arg>timeout=${TIMEOUT}</arg>
<tag>PageContent</tag>
<tag>Wait</tag>
<doc>Waits for the element found by ``selector`` to satisfy state option.</doc>
<msg timestamp="20230808 19:11:03.036" level="INFO">Waited for Element with selector //input[@value='Refresh'] at state visible</msg>
<status status="PASS" starttime="20230808 19:11:03.028" endtime="20230808 19:11:03.036"/>
</kw>
<kw name="Highlight Elements" library="Browser">
<arg>${ELEMENT}</arg>
<arg>duration=100ms</arg>
<arg>width=4px</arg>
<arg>color=\#dd00dd</arg>
<arg>style=solid</arg>
<tag>PageContent</tag>
<tag>Setter</tag>
<doc>Adds a highlight to elements matched by the ``selector``. Provides a style adjustment.</doc>
<msg timestamp="20230808 19:11:03.057" level="INFO">Highlighted 1 elements for 100.</msg>
<status status="PASS" starttime="20230808 19:11:03.036" endtime="20230808 19:11:03.057"/>
</kw>
<kw name="Take Screenshot" library="Browser">
<arg>filename={index}</arg>
<arg>quality=100</arg>
<arg>fileType=jpeg</arg>
<arg>timeout=${TIMEOUT}</arg>
<tag>PageContent</tag>
<doc>Takes a screenshot of the current window or element and saves it to disk.</doc>
<msg timestamp="20230808 19:11:03.123" level="INFO" html="true">&lt;/td&gt;&lt;/tr&gt;&lt;tr&gt;&lt;td colspan="3"&gt;&lt;a href="browser/screenshot/37.jpeg" target="_blank"&gt;&lt;img src="browser/screenshot/37.jpeg" width="800px"/&gt;&lt;/a&gt;</msg>
<status status="PASS" starttime="20230808 19:11:03.057" endtime="20230808 19:11:03.123"/>
</kw>
<kw name="Click" library="Browser">
<arg>${ELEMENT}</arg>
<tag>PageContent</tag>
<tag>Setter</tag>
<doc>Simulates mouse click on the element found by ``selector``.</doc>
<status status="PASS" starttime="20230808 19:11:03.124" endtime="20230808 19:11:03.194"/>
</kw>
<kw name="Sleep" library="BuiltIn">
<arg>0.5</arg>
<doc>Pauses the test executed for the given time.</doc>
<msg timestamp="20230808 19:11:03.695" level="INFO">Slept 500 milliseconds</msg>
<status status="PASS" starttime="20230808 19:11:03.194" endtime="20230808 19:11:03.695"/>
</kw>
<status status="PASS" starttime="20230808 19:11:03.027" endtime="20230808 19:11:03.695"/>
</kw>
<kw name="Sleep" library="BuiltIn">
<arg>10s</arg>
<doc>Pauses the test executed for the given time.</doc>
<msg timestamp="20230808 19:11:13.696" level="INFO">Slept 10 seconds</msg>
<status status="PASS" starttime="20230808 19:11:03.695" endtime="20230808 19:11:13.696"/>
</kw>
<status status="PASS" starttime="20230808 19:11:03.021" endtime="20230808 19:11:13.696"/>
</branch>
<status status="PASS" starttime="20230808 19:11:03.021" endtime="20230808 19:11:13.696"/>
</if>
<status status="PASS" starttime="20230808 19:10:55.799" endtime="20230808 19:11:13.696"/>
</iter>
<status status="PASS" starttime="20230808 19:08:14.647" endtime="20230808 19:11:13.697"/>
</for>
<kw name="Get Text Element is Visible" library="RES_UTIL">
<var>${order_type}</var>
<arg>${SOM_order_type}</arg>
<doc>Busca o elemento passado como argumento e retorna a STR na variável Return_ELEMENT
| =Arguments= | =Description= |
| ``ELEMENT`` | Variavel do Elemento HTML ou XPath. |</doc>
<kw name="Sleep" library="BuiltIn">
<arg>3s</arg>
<doc>Pauses the test executed for the given time.</doc>
<msg timestamp="20230808 19:11:16.698" level="INFO">Slept 3 seconds</msg>
<status status="PASS" starttime="20230808 19:11:13.697" endtime="20230808 19:11:16.698"/>
</kw>
<kw name="Get Text" library="Browser">
<var>${Return_ELEMENT}</var>
<arg>${ELEMENT}</arg>
<tag>Assertion</tag>
<tag>Getter</tag>
<tag>PageContent</tag>
<doc>Returns text attribute of the element found by ``selector``.</doc>
<msg timestamp="20230808 19:11:16.714" level="INFO">Text: 'Vtal Fibra Instalação'</msg>
<msg timestamp="20230808 19:11:16.714" level="INFO">${Return_ELEMENT} = Vtal Fibra Instalação</msg>
<status status="PASS" starttime="20230808 19:11:16.698" endtime="20230808 19:11:16.714"/>
</kw>
<kw name="Highlight Elements" library="Browser">
<arg>${ELEMENT}</arg>
<arg>duration=100ms</arg>
<arg>width=4px</arg>
<arg>color=\#dd00dd</arg>
<arg>style=solid</arg>
<tag>PageContent</tag>
<tag>Setter</tag>
<doc>Adds a highlight to elements matched by the ``selector``. Provides a style adjustment.</doc>
<msg timestamp="20230808 19:11:16.720" level="INFO">Highlighted 1 elements for 100.</msg>
<status status="PASS" starttime="20230808 19:11:16.714" endtime="20230808 19:11:16.720"/>
</kw>
<kw name="Take Screenshot" library="Browser">
<arg>filename={index}</arg>
<arg>quality=100</arg>
<arg>fileType=jpeg</arg>
<arg>timeout=${TIMEOUT}</arg>
<tag>PageContent</tag>
<doc>Takes a screenshot of the current window or element and saves it to disk.</doc>
<msg timestamp="20230808 19:11:16.793" level="INFO" html="true">&lt;/td&gt;&lt;/tr&gt;&lt;tr&gt;&lt;td colspan="3"&gt;&lt;a href="browser/screenshot/38.jpeg" target="_blank"&gt;&lt;img src="browser/screenshot/38.jpeg" width="800px"/&gt;&lt;/a&gt;</msg>
<status status="PASS" starttime="20230808 19:11:16.720" endtime="20230808 19:11:16.794"/>
</kw>
<kw name="Sleep" library="BuiltIn">
<arg>0.5</arg>
<doc>Pauses the test executed for the given time.</doc>
<msg timestamp="20230808 19:11:17.295" level="INFO">Slept 500 milliseconds</msg>
<status status="PASS" starttime="20230808 19:11:16.794" endtime="20230808 19:11:17.295"/>
</kw>
<msg timestamp="20230808 19:11:17.296" level="INFO">${order_type} = Vtal Fibra Instalação</msg>
<status status="PASS" starttime="20230808 19:11:13.697" endtime="20230808 19:11:17.296"/>
</kw>
<if>
<branch type="IF" condition="&quot;${order_type}&quot; != &quot;Vtal Fibra Instalação&quot;">
<kw name="Fatal Error" library="BuiltIn">
<arg>Order type está diferente de Vtal Fibra Instalação</arg>
<doc>Stops the whole test execution.</doc>
<status status="NOT RUN" starttime="20230808 19:11:17.296" endtime="20230808 19:11:17.296"/>
</kw>
<status status="NOT RUN" starttime="20230808 19:11:17.296" endtime="20230808 19:11:17.296"/>
</branch>
<status status="PASS" starttime="20230808 19:11:17.296" endtime="20230808 19:11:17.296"/>
</if>
<status status="PASS" starttime="20230808 19:07:57.171" endtime="20230808 19:11:17.296"/>
</kw>
<kw name="Close Browser" library="Browser">
<arg>CURRENT</arg>
<tag>BrowserControl</tag>
<tag>Setter</tag>
<doc>Closes the current browser.</doc>
<msg timestamp="20230808 19:11:17.325" level="INFO">Closed browser</msg>
<status status="PASS" starttime="20230808 19:11:17.297" endtime="20230808 19:11:17.325"/>
</kw>
<status status="PASS" starttime="20230808 19:07:47.332" endtime="20230808 19:11:17.325"/>
</kw>
<kw name="Fecha CT" library="DB">
<arg>COMPLETO</arg>
<arg>COMPLETO</arg>
<if>
<branch type="IF" condition="${PORTAL}">
<kw name="Log" library="BuiltIn">
<arg>${DAT_DB}</arg>
<doc>Logs the given message with the given level.</doc>
<msg timestamp="20230808 19:11:17.326" level="INFO">50</msg>
<status status="PASS" starttime="20230808 19:11:17.326" endtime="20230808 19:11:17.326"/>
</kw>
<kw name="Atualizar Steps Dat" library="dat">
<arg>${DAT_DB}</arg>
<arg>${RESPONSAVEL}</arg>
<arg>${SYSTEM}</arg>
<arg>${NEW_STEP}</arg>
<msg timestamp="20230808 19:11:17.330" level="INFO">DAT atualizado com sucesso!</msg>
<status status="PASS" starttime="20230808 19:11:17.326" endtime="20230808 19:11:17.331"/>
</kw>
<status status="PASS" starttime="20230808 19:11:17.326" endtime="20230808 19:11:17.331"/>
</branch>
<status status="PASS" starttime="20230808 19:11:17.326" endtime="20230808 19:11:17.331"/>
</if>
<status status="PASS" starttime="20230808 19:11:17.325" endtime="20230808 19:11:17.331"/>
</kw>
<tag>42_08_Realizar_Validacao_no_SOM</tag>
<tag>COMPLETO</tag>
<status status="PASS" starttime="20230808 19:07:47.299" endtime="20230808 19:11:17.331"/>
</test>
<doc>Agrupador responsavel por chamar TC dos ROBS referentes ao cenario
INPUT: Address, Number, Customer_Name, Phone_Number, Reference
OUPUT: Appointment_Start, Work_Order_Id, SOM_Order_Id, MaxBandWidth, Associated_Document, Correlation_Order, Associated_Document_Date, Name, Catalog_Id, Availability_Description, Inventory_Id, Type_Logradouro, Address_Name, TypeComplement1, Value1, TypeComplement2, Value2, TypeComplement3, Value3</doc>
<status status="PASS" starttime="20230808 19:07:43.957" endtime="20230808 19:11:17.338"/>
</suite>
<statistics>
<total>
<stat pass="1" fail="0" skip="0">All Tests</stat>
</total>
<tag>
<stat pass="1" fail="0" skip="0">42_08_Realizar_Validacao_no_SOM</stat>
<stat pass="1" fail="0" skip="0">COMPLETO</stat>
</tag>
<suite>
<stat pass="1" fail="0" skip="0" id="s1" name="042 AtivacaoSemComplemento">042 AtivacaoSemComplemento</stat>
</suite>
</statistics>
<errors>
<msg timestamp="20230808 19:07:44.674" level="WARN">RPA.Excel.Application library works only on Windows platform</msg>
<msg timestamp="20230808 19:07:44.676" level="WARN">Excel application library requires Windows dependencies to work.</msg>
<msg timestamp="20230808 19:07:44.878" level="WARN">Imported library '/robot/test/SCRIPTS/RESOURCE/COMMON/LIB/lib_geral.py' contains no keywords.</msg>
</errors>
</robot>
